Warning: remote port forwarding failed for listen port 52698
receiving file list ... done
./
MGO.mol2
coc.mol2
dum.mol2
full.crds
full.hmr.topo
mdin

sent 191 bytes  received 1,398,666 bytes  2,797,714.00 bytes/sec
total size is 1,398,083  speedup is 1.00
rsync -armv -e "ssh" --include="mdin" --include="full.crds" --include="full.hmr.topo" --include="*.mol2" --exclude="*" davids4@kirkwood:/data/nhenriksen/projects/cds/wat6/bgbg-tip3p/b-coc-p/a00/ .
Warning: remote port forwarding failed for listen port 52698
receiving file list ... done

sent 74 bytes  received 158 bytes  464.00 bytes/sec
total size is 1,398,083  speedup is 6,026.22
rsync -armv -e "ssh" --include="mdin" --include="full.crds" --include="full.hmr.topo" --include="*.mol2" --exclude="*" davids4@kirkwood:/data/nhenriksen/projects/cds/wat6/bgbg-tip3p/b-coc-p/a00/ .
receiving file list ... done
./
b-coc-p.pdb

sent 57 bytes  received 17,668 bytes  1,012.86 bytes/sec
total size is 17,536  speedup is 0.99
rsync -armv -e "ssh" --include="b-coc-p.pdb" --exclude="*" davids4@kirkwood:/data/nhenriksen/projects/cds/wat6/bgbg-tip3p/b-coc-p/a00/ .
receiving file list ... done

sent 35 bytes  received 86 bytes  80.67 bytes/sec
total size is 17,536  speedup is 144.93
rsync -armv -e "ssh" --include="b-coc-p.pdb" --exclude="*" davids4@kirkwood:/data/nhenriksen/projects/cds/wat6/bgbg-tip3p/b-coc-p/a00/ .
Warning: remote port forwarding failed for listen port 52698
receiving file list ... done

sent 35 bytes  received 86 bytes  80.67 bytes/sec
total size is 17,536  speedup is 144.93
rsync -armv -e "ssh" --include="b-coc-p.pdb" --exclude="*" davids4@kirkwood:/data/nhenriksen/projects/cds/wat6/bgbg-tip3p/b-coc-p/a00/ .
