Warning: remote port forwarding failed for listen port 52698
receiving file list ... done
./
MGO.mol2
cbu.mol2
dum.mol2
full.crds
full.hmr.topo
mdin

sent 191 bytes  received 1,392,359 bytes  2,785,100.00 bytes/sec
total size is 1,391,776  speedup is 1.00
rsync -armv -e "ssh" --include="mdin" --include="full.crds" --include="full.hmr.topo" --include="*.mol2" --exclude="*" davids4@kirkwood:/data/nhenriksen/projects/cds/wat6/bgbg-tip3p/b-cbu-s/a00/ .
Warning: remote port forwarding failed for listen port 52698
receiving file list ... done

sent 74 bytes  received 158 bytes  464.00 bytes/sec
total size is 1,391,776  speedup is 5,999.03
rsync -armv -e "ssh" --include="mdin" --include="full.crds" --include="full.hmr.topo" --include="*.mol2" --exclude="*" davids4@kirkwood:/data/nhenriksen/projects/cds/wat6/bgbg-tip3p/b-cbu-s/a00/ .
receiving file list ... done
./
b-cbu-s.pdb

sent 57 bytes  received 16,456 bytes  11,008.67 bytes/sec
total size is 16,324  speedup is 0.99
rsync -armv -e "ssh" --include="b-cbu-s.pdb" --exclude="*" davids4@kirkwood:/data/nhenriksen/projects/cds/wat6/bgbg-tip3p/b-cbu-s/a00/ .
