Warning: remote port forwarding failed for listen port 52698
receiving file list ... done
./
MGO.mol2
dum.mol2
full.crds
full.hmr.topo
hex.mol2
mdin

sent 191 bytes  received 1,396,135 bytes  2,792,652.00 bytes/sec
total size is 1,395,548  speedup is 1.00
rsync -armv -e "ssh" --include="mdin" --include="full.crds" --include="full.hmr.topo" --include="*.mol2" --exclude="*" davids4@kirkwood:/data/nhenriksen/projects/cds/wat6/bgbg-tip3p/b-hex-p/a00/ .
Warning: remote port forwarding failed for listen port 52698
receiving file list ... done

sent 74 bytes  received 162 bytes  472.00 bytes/sec
total size is 1,395,548  speedup is 5,913.34
rsync -armv -e "ssh" --include="mdin" --include="full.crds" --include="full.hmr.topo" --include="*.mol2" --exclude="*" davids4@kirkwood:/data/nhenriksen/projects/cds/wat6/bgbg-tip3p/b-hex-p/a00/ .
receiving file list ... done
./
b-hex-p.pdb

sent 57 bytes  received 17,052 bytes  11,406.00 bytes/sec
total size is 16,920  speedup is 0.99
rsync -armv -e "ssh" --include="b-hex-p.pdb" --exclude="*" davids4@kirkwood:/data/nhenriksen/projects/cds/wat6/bgbg-tip3p/b-hex-p/a00/ .
Warning: remote port forwarding failed for listen port 52698
receiving file list ... done

sent 35 bytes  received 86 bytes  242.00 bytes/sec
total size is 16,920  speedup is 139.83
rsync -armv -e "ssh" --include="b-hex-p.pdb" --exclude="*" davids4@kirkwood:/data/nhenriksen/projects/cds/wat6/bgbg-tip3p/b-hex-p/a00/ .
