Warning: remote port forwarding failed for listen port 52698
receiving file list ... done
./
MGO.mol2
dum.mol2
full.crds
full.hmr.topo
mdin
oct.mol2

sent 191 bytes  received 1,265,646 bytes  843,891.33 bytes/sec
total size is 1,265,079  speedup is 1.00
rsync -armv -e "ssh" --include="mdin" --include="full.crds" --include="full.hmr.topo" --include="*.mol2" --exclude="*" davids4@kirkwood:/data/nhenriksen/projects/cds/wat6/bgbg-tip3p/a-oct-s/a00/ .
Warning: remote port forwarding failed for listen port 52698
receiving file list ... done

sent 74 bytes  received 158 bytes  464.00 bytes/sec
total size is 1,265,079  speedup is 5,452.93
rsync -armv -e "ssh" --include="mdin" --include="full.crds" --include="full.hmr.topo" --include="*.mol2" --exclude="*" davids4@kirkwood:/data/nhenriksen/projects/cds/wat6/bgbg-tip3p/a-oct-s/a00/ .
receiving file list ... done
./
a-oct-s.pdb

sent 57 bytes  received 15,527 bytes  10,389.33 bytes/sec
total size is 15,395  speedup is 0.99
rsync -armv -e "ssh" --include="a-oct-s.pdb" --exclude="*" davids4@kirkwood:/data/nhenriksen/projects/cds/wat6/bgbg-tip3p/a-oct-s/a00/ .
