Warning: remote port forwarding failed for listen port 52698
receiving file list ... done
./
MGO.mol2
chp.mol2
dum.mol2
full.crds
full.hmr.topo
mdin

sent 191 bytes  received 1,397,045 bytes  2,794,472.00 bytes/sec
total size is 1,396,466  speedup is 1.00
rsync -armv -e "ssh" --include="mdin" --include="full.crds" --include="full.hmr.topo" --include="*.mol2" --exclude="*" davids4@kirkwood:/data/nhenriksen/projects/cds/wat6/bgbg-tip3p/b-chp-p/a00/ .
Warning: remote port forwarding failed for listen port 52698
receiving file list ... done

sent 74 bytes  received 154 bytes  456.00 bytes/sec
total size is 1,396,466  speedup is 6,124.85
rsync -armv -e "ssh" --include="mdin" --include="full.crds" --include="full.hmr.topo" --include="*.mol2" --exclude="*" davids4@kirkwood:/data/nhenriksen/projects/cds/wat6/bgbg-tip3p/b-chp-p/a00/ .
receiving file list ... done
./
b-chp-p.pdb

sent 57 bytes  received 17,365 bytes  1,201.52 bytes/sec
total size is 17,233  speedup is 0.99
rsync -armv -e "ssh" --include="b-chp-p.pdb" --exclude="*" davids4@kirkwood:/data/nhenriksen/projects/cds/wat6/bgbg-tip3p/b-chp-p/a00/ .
