2018-04-06 03:34:12 PM Started logging...
2018-04-06 03:34:12 PM OpenMM support: Yes
2018-04-06 03:34:16 PM Calculating attach targets and force constants...
2018-04-06 03:34:16 PM Attach, Method #1
2018-04-06 03:34:16 PM Calculating pull targets and force constants...
2018-04-06 03:34:16 PM Pull, Method #1
2018-04-06 03:34:16 PM Calculating release targets and force constants...
2018-04-06 03:34:16 PM No restraint info set for the release phase! Skipping...
2018-04-06 03:34:16 PM Number of attach windows = 15
2018-04-06 03:34:16 PM Number of pull windows = 46
2018-04-06 03:34:16 PM This restraint will be skipped in the release phase
2018-04-06 03:34:16 PM Assigning atom indices...
2018-04-06 03:34:16 PM There are 1 atoms in the mask :8  ...
2018-04-06 03:34:16 PM There are 1 atoms in the mask :1@O3  ...
2018-04-06 03:34:17 PM Calculating attach targets and force constants...
2018-04-06 03:34:17 PM Attach, Method #1
2018-04-06 03:34:17 PM Calculating pull targets and force constants...
2018-04-06 03:34:17 PM Pull, Method #1
2018-04-06 03:34:17 PM Calculating release targets and force constants...
2018-04-06 03:34:17 PM No restraint info set for the release phase! Skipping...
2018-04-06 03:34:17 PM Number of attach windows = 15
2018-04-06 03:34:17 PM Number of pull windows = 46
2018-04-06 03:34:17 PM This restraint will be skipped in the release phase
2018-04-06 03:34:17 PM Assigning atom indices...
2018-04-06 03:34:17 PM There are 1 atoms in the mask :9  ...
2018-04-06 03:34:17 PM There are 1 atoms in the mask :8  ...
2018-04-06 03:34:17 PM There are 1 atoms in the mask :1@O3  ...
2018-04-06 03:34:17 PM Calculating attach targets and force constants...
2018-04-06 03:34:17 PM Attach, Method #1
2018-04-06 03:34:17 PM Calculating pull targets and force constants...
2018-04-06 03:34:17 PM Pull, Method #1
2018-04-06 03:34:17 PM Calculating release targets and force constants...
2018-04-06 03:34:17 PM No restraint info set for the release phase! Skipping...
2018-04-06 03:34:17 PM Number of attach windows = 15
2018-04-06 03:34:17 PM Number of pull windows = 46
2018-04-06 03:34:17 PM This restraint will be skipped in the release phase
2018-04-06 03:34:17 PM Assigning atom indices...
2018-04-06 03:34:17 PM There are 1 atoms in the mask :10  ...
2018-04-06 03:34:17 PM There are 1 atoms in the mask :9  ...
2018-04-06 03:34:17 PM There are 1 atoms in the mask :8  ...
2018-04-06 03:34:17 PM There are 1 atoms in the mask :1@O3  ...
2018-04-06 03:34:17 PM Calculating attach targets and force constants...
2018-04-06 03:34:17 PM Attach, Method #1
2018-04-06 03:34:17 PM Calculating pull targets and force constants...
2018-04-06 03:34:17 PM Pull, Method #1
2018-04-06 03:34:17 PM Calculating release targets and force constants...
2018-04-06 03:34:17 PM No restraint info set for the release phase! Skipping...
2018-04-06 03:34:17 PM Number of attach windows = 15
2018-04-06 03:34:17 PM Number of pull windows = 46
2018-04-06 03:34:17 PM This restraint will be skipped in the release phase
2018-04-06 03:34:17 PM Assigning atom indices...
2018-04-06 03:34:17 PM There are 1 atoms in the mask :8  ...
2018-04-06 03:34:17 PM There are 1 atoms in the mask :1@O3  ...
2018-04-06 03:34:17 PM There are 1 atoms in the mask :3@C1  ...
2018-04-06 03:34:18 PM Calculating attach targets and force constants...
2018-04-06 03:34:18 PM Attach, Method #1
2018-04-06 03:34:18 PM Calculating pull targets and force constants...
2018-04-06 03:34:18 PM Pull, Method #1
2018-04-06 03:34:18 PM Calculating release targets and force constants...
2018-04-06 03:34:18 PM No restraint info set for the release phase! Skipping...
2018-04-06 03:34:18 PM Number of attach windows = 15
2018-04-06 03:34:18 PM Number of pull windows = 46
2018-04-06 03:34:18 PM This restraint will be skipped in the release phase
2018-04-06 03:34:18 PM Assigning atom indices...
2018-04-06 03:34:18 PM There are 1 atoms in the mask :9  ...
2018-04-06 03:34:18 PM There are 1 atoms in the mask :8  ...
2018-04-06 03:34:18 PM There are 1 atoms in the mask :1@O3  ...
2018-04-06 03:34:18 PM There are 1 atoms in the mask :3@C1  ...
2018-04-06 03:34:18 PM Calculating attach targets and force constants...
2018-04-06 03:34:18 PM Attach, Method #1
2018-04-06 03:34:18 PM Calculating pull targets and force constants...
2018-04-06 03:34:18 PM Pull, Method #1
2018-04-06 03:34:18 PM Calculating release targets and force constants...
2018-04-06 03:34:18 PM No restraint info set for the release phase! Skipping...
2018-04-06 03:34:18 PM Number of attach windows = 15
2018-04-06 03:34:18 PM Number of pull windows = 46
2018-04-06 03:34:18 PM This restraint will be skipped in the release phase
2018-04-06 03:34:18 PM Assigning atom indices...
2018-04-06 03:34:18 PM There are 1 atoms in the mask :8  ...
2018-04-06 03:34:18 PM There are 1 atoms in the mask :1@O3  ...
2018-04-06 03:34:18 PM There are 1 atoms in the mask :3@C1  ...
2018-04-06 03:34:18 PM There are 1 atoms in the mask :5@C6  ...
2018-04-06 03:34:18 PM Calculating attach targets and force constants...
2018-04-06 03:34:18 PM Attach, Method #3
2018-04-06 03:34:18 PM Calculating pull targets and force constants...
2018-04-06 03:34:18 PM Pull, Method #1
2018-04-06 03:34:18 PM Calculating release targets and force constants...
2018-04-06 03:34:18 PM No restraint info set for the release phase! Skipping...
2018-04-06 03:34:18 PM Number of attach windows = 15
2018-04-06 03:34:18 PM Number of pull windows = 46
2018-04-06 03:34:18 PM This restraint will be skipped in the release phase
2018-04-06 03:34:18 PM Assigning atom indices...
2018-04-06 03:34:18 PM There are 1 atoms in the mask :8  ...
2018-04-06 03:34:18 PM There are 1 atoms in the mask :7@C4  ...
2018-04-06 03:34:18 PM Calculating attach targets and force constants...
2018-04-06 03:34:18 PM Attach, Method #3
2018-04-06 03:34:18 PM Calculating pull targets and force constants...
2018-04-06 03:34:18 PM Pull, Method #1
2018-04-06 03:34:18 PM Calculating release targets and force constants...
2018-04-06 03:34:18 PM No restraint info set for the release phase! Skipping...
2018-04-06 03:34:18 PM Number of attach windows = 15
2018-04-06 03:34:18 PM Number of pull windows = 46
2018-04-06 03:34:18 PM This restraint will be skipped in the release phase
2018-04-06 03:34:18 PM Assigning atom indices...
2018-04-06 03:34:18 PM There are 1 atoms in the mask :9  ...
2018-04-06 03:34:18 PM There are 1 atoms in the mask :8  ...
2018-04-06 03:34:18 PM There are 1 atoms in the mask :7@C4  ...
2018-04-06 03:34:18 PM Calculating attach targets and force constants...
2018-04-06 03:34:18 PM Attach, Method #3
2018-04-06 03:34:18 PM Calculating pull targets and force constants...
2018-04-06 03:34:18 PM Pull, Method #1
2018-04-06 03:34:18 PM Calculating release targets and force constants...
2018-04-06 03:34:18 PM No restraint info set for the release phase! Skipping...
2018-04-06 03:34:18 PM Number of attach windows = 15
2018-04-06 03:34:18 PM Number of pull windows = 46
2018-04-06 03:34:18 PM This restraint will be skipped in the release phase
2018-04-06 03:34:18 PM Assigning atom indices...
2018-04-06 03:34:18 PM There are 1 atoms in the mask :8  ...
2018-04-06 03:34:18 PM There are 1 atoms in the mask :7@C4  ...
2018-04-06 03:34:18 PM There are 1 atoms in the mask :7@N1  ...
2018-04-06 03:34:18 PM Calculating attach targets and force constants...
2018-04-06 03:34:18 PM Attach, Method #3
2018-04-06 03:34:18 PM Calculating pull targets and force constants...
2018-04-06 03:34:18 PM Pull, Method #1
2018-04-06 03:34:18 PM Calculating release targets and force constants...
2018-04-06 03:34:18 PM No restraint info set for the release phase! Skipping...
2018-04-06 03:34:18 PM Number of attach windows = 15
2018-04-06 03:34:18 PM Number of pull windows = 46
2018-04-06 03:34:18 PM This restraint will be skipped in the release phase
2018-04-06 03:34:18 PM Assigning atom indices...
2018-04-06 03:34:18 PM There are 1 atoms in the mask :1@O5  ...
2018-04-06 03:34:18 PM There are 1 atoms in the mask :1@C1  ...
2018-04-06 03:34:18 PM There are 1 atoms in the mask :1@O1  ...
2018-04-06 03:34:18 PM There are 1 atoms in the mask :2@C4  ...
2018-04-06 03:34:18 PM Calculating attach targets and force constants...
2018-04-06 03:34:18 PM Attach, Method #3
2018-04-06 03:34:18 PM Calculating pull targets and force constants...
2018-04-06 03:34:18 PM Pull, Method #1
2018-04-06 03:34:18 PM Calculating release targets and force constants...
2018-04-06 03:34:18 PM No restraint info set for the release phase! Skipping...
2018-04-06 03:34:18 PM Number of attach windows = 15
2018-04-06 03:34:18 PM Number of pull windows = 46
2018-04-06 03:34:18 PM This restraint will be skipped in the release phase
2018-04-06 03:34:18 PM Assigning atom indices...
2018-04-06 03:34:18 PM There are 1 atoms in the mask :1@C1  ...
2018-04-06 03:34:19 PM There are 1 atoms in the mask :1@O1  ...
2018-04-06 03:34:19 PM There are 1 atoms in the mask :2@C4  ...
2018-04-06 03:34:19 PM There are 1 atoms in the mask :2@C5  ...
2018-04-06 03:34:19 PM Calculating attach targets and force constants...
2018-04-06 03:34:19 PM Attach, Method #3
2018-04-06 03:34:19 PM Calculating pull targets and force constants...
2018-04-06 03:34:19 PM Pull, Method #1
2018-04-06 03:34:19 PM Calculating release targets and force constants...
2018-04-06 03:34:19 PM No restraint info set for the release phase! Skipping...
2018-04-06 03:34:19 PM Number of attach windows = 15
2018-04-06 03:34:19 PM Number of pull windows = 46
2018-04-06 03:34:19 PM This restraint will be skipped in the release phase
2018-04-06 03:34:19 PM Assigning atom indices...
2018-04-06 03:34:19 PM There are 1 atoms in the mask :2@O5  ...
2018-04-06 03:34:19 PM There are 1 atoms in the mask :2@C1  ...
2018-04-06 03:34:19 PM There are 1 atoms in the mask :2@O1  ...
2018-04-06 03:34:19 PM There are 1 atoms in the mask :3@C4  ...
2018-04-06 03:34:19 PM Calculating attach targets and force constants...
2018-04-06 03:34:19 PM Attach, Method #3
2018-04-06 03:34:19 PM Calculating pull targets and force constants...
2018-04-06 03:34:19 PM Pull, Method #1
2018-04-06 03:34:19 PM Calculating release targets and force constants...
2018-04-06 03:34:19 PM No restraint info set for the release phase! Skipping...
2018-04-06 03:34:19 PM Number of attach windows = 15
2018-04-06 03:34:19 PM Number of pull windows = 46
2018-04-06 03:34:19 PM This restraint will be skipped in the release phase
2018-04-06 03:34:19 PM Assigning atom indices...
2018-04-06 03:34:19 PM There are 1 atoms in the mask :2@C1  ...
2018-04-06 03:34:19 PM There are 1 atoms in the mask :2@O1  ...
2018-04-06 03:34:19 PM There are 1 atoms in the mask :3@C4  ...
2018-04-06 03:34:19 PM There are 1 atoms in the mask :3@C5  ...
2018-04-06 03:34:19 PM Calculating attach targets and force constants...
2018-04-06 03:34:19 PM Attach, Method #3
2018-04-06 03:34:19 PM Calculating pull targets and force constants...
2018-04-06 03:34:19 PM Pull, Method #1
2018-04-06 03:34:19 PM Calculating release targets and force constants...
2018-04-06 03:34:19 PM No restraint info set for the release phase! Skipping...
2018-04-06 03:34:19 PM Number of attach windows = 15
2018-04-06 03:34:19 PM Number of pull windows = 46
2018-04-06 03:34:19 PM This restraint will be skipped in the release phase
2018-04-06 03:34:19 PM Assigning atom indices...
2018-04-06 03:34:19 PM There are 1 atoms in the mask :3@O5  ...
2018-04-06 03:34:19 PM There are 1 atoms in the mask :3@C1  ...
2018-04-06 03:34:19 PM There are 1 atoms in the mask :3@O1  ...
2018-04-06 03:34:19 PM There are 1 atoms in the mask :4@C4  ...
2018-04-06 03:34:19 PM Calculating attach targets and force constants...
2018-04-06 03:34:19 PM Attach, Method #3
2018-04-06 03:34:19 PM Calculating pull targets and force constants...
2018-04-06 03:34:19 PM Pull, Method #1
2018-04-06 03:34:19 PM Calculating release targets and force constants...
2018-04-06 03:34:19 PM No restraint info set for the release phase! Skipping...
2018-04-06 03:34:19 PM Number of attach windows = 15
2018-04-06 03:34:19 PM Number of pull windows = 46
2018-04-06 03:34:19 PM This restraint will be skipped in the release phase
2018-04-06 03:34:19 PM Assigning atom indices...
2018-04-06 03:34:19 PM There are 1 atoms in the mask :3@C1  ...
2018-04-06 03:34:19 PM There are 1 atoms in the mask :3@O1  ...
2018-04-06 03:34:19 PM There are 1 atoms in the mask :4@C4  ...
2018-04-06 03:34:19 PM There are 1 atoms in the mask :4@C5  ...
2018-04-06 03:34:19 PM Calculating attach targets and force constants...
2018-04-06 03:34:19 PM Attach, Method #3
2018-04-06 03:34:19 PM Calculating pull targets and force constants...
2018-04-06 03:34:19 PM Pull, Method #1
2018-04-06 03:34:19 PM Calculating release targets and force constants...
2018-04-06 03:34:19 PM No restraint info set for the release phase! Skipping...
2018-04-06 03:34:19 PM Number of attach windows = 15
2018-04-06 03:34:19 PM Number of pull windows = 46
2018-04-06 03:34:19 PM This restraint will be skipped in the release phase
2018-04-06 03:34:19 PM Assigning atom indices...
2018-04-06 03:34:19 PM There are 1 atoms in the mask :4@O5  ...
2018-04-06 03:34:19 PM There are 1 atoms in the mask :4@C1  ...
2018-04-06 03:34:19 PM There are 1 atoms in the mask :4@O1  ...
2018-04-06 03:34:19 PM There are 1 atoms in the mask :5@C4  ...
2018-04-06 03:34:19 PM Calculating attach targets and force constants...
2018-04-06 03:34:19 PM Attach, Method #3
2018-04-06 03:34:19 PM Calculating pull targets and force constants...
2018-04-06 03:34:19 PM Pull, Method #1
2018-04-06 03:34:19 PM Calculating release targets and force constants...
2018-04-06 03:34:19 PM No restraint info set for the release phase! Skipping...
2018-04-06 03:34:19 PM Number of attach windows = 15
2018-04-06 03:34:19 PM Number of pull windows = 46
2018-04-06 03:34:19 PM This restraint will be skipped in the release phase
2018-04-06 03:34:19 PM Assigning atom indices...
2018-04-06 03:34:19 PM There are 1 atoms in the mask :4@C1  ...
2018-04-06 03:34:19 PM There are 1 atoms in the mask :4@O1  ...
2018-04-06 03:34:19 PM There are 1 atoms in the mask :5@C4  ...
2018-04-06 03:34:19 PM There are 1 atoms in the mask :5@C5  ...
2018-04-06 03:34:19 PM Calculating attach targets and force constants...
2018-04-06 03:34:19 PM Attach, Method #3
2018-04-06 03:34:19 PM Calculating pull targets and force constants...
2018-04-06 03:34:19 PM Pull, Method #1
2018-04-06 03:34:19 PM Calculating release targets and force constants...
2018-04-06 03:34:19 PM No restraint info set for the release phase! Skipping...
2018-04-06 03:34:19 PM Number of attach windows = 15
2018-04-06 03:34:19 PM Number of pull windows = 46
2018-04-06 03:34:19 PM This restraint will be skipped in the release phase
2018-04-06 03:34:19 PM Assigning atom indices...
2018-04-06 03:34:19 PM There are 1 atoms in the mask :5@O5  ...
2018-04-06 03:34:20 PM There are 1 atoms in the mask :5@C1  ...
2018-04-06 03:34:20 PM There are 1 atoms in the mask :5@O1  ...
2018-04-06 03:34:20 PM There are 1 atoms in the mask :6@C4  ...
2018-04-06 03:34:20 PM Calculating attach targets and force constants...
2018-04-06 03:34:20 PM Attach, Method #3
2018-04-06 03:34:20 PM Calculating pull targets and force constants...
2018-04-06 03:34:20 PM Pull, Method #1
2018-04-06 03:34:20 PM Calculating release targets and force constants...
2018-04-06 03:34:20 PM No restraint info set for the release phase! Skipping...
2018-04-06 03:34:20 PM Number of attach windows = 15
2018-04-06 03:34:20 PM Number of pull windows = 46
2018-04-06 03:34:20 PM This restraint will be skipped in the release phase
2018-04-06 03:34:20 PM Assigning atom indices...
2018-04-06 03:34:20 PM There are 1 atoms in the mask :5@C1  ...
2018-04-06 03:34:20 PM There are 1 atoms in the mask :5@O1  ...
2018-04-06 03:34:20 PM There are 1 atoms in the mask :6@C4  ...
2018-04-06 03:34:20 PM There are 1 atoms in the mask :6@C5  ...
2018-04-06 03:34:20 PM Calculating attach targets and force constants...
2018-04-06 03:34:20 PM Attach, Method #3
2018-04-06 03:34:20 PM Calculating pull targets and force constants...
2018-04-06 03:34:20 PM Pull, Method #1
2018-04-06 03:34:20 PM Calculating release targets and force constants...
2018-04-06 03:34:20 PM No restraint info set for the release phase! Skipping...
2018-04-06 03:34:20 PM Number of attach windows = 15
2018-04-06 03:34:20 PM Number of pull windows = 46
2018-04-06 03:34:20 PM This restraint will be skipped in the release phase
2018-04-06 03:34:20 PM Assigning atom indices...
2018-04-06 03:34:20 PM There are 1 atoms in the mask :6@O5  ...
2018-04-06 03:34:20 PM There are 1 atoms in the mask :6@C1  ...
2018-04-06 03:34:20 PM There are 1 atoms in the mask :6@O1  ...
2018-04-06 03:34:20 PM There are 1 atoms in the mask :1@C4  ...
2018-04-06 03:34:20 PM Calculating attach targets and force constants...
2018-04-06 03:34:20 PM Attach, Method #3
2018-04-06 03:34:20 PM Calculating pull targets and force constants...
2018-04-06 03:34:20 PM Pull, Method #1
2018-04-06 03:34:20 PM Calculating release targets and force constants...
2018-04-06 03:34:20 PM No restraint info set for the release phase! Skipping...
2018-04-06 03:34:20 PM Number of attach windows = 15
2018-04-06 03:34:20 PM Number of pull windows = 46
2018-04-06 03:34:20 PM This restraint will be skipped in the release phase
2018-04-06 03:34:20 PM Assigning atom indices...
2018-04-06 03:34:20 PM There are 1 atoms in the mask :6@C1  ...
2018-04-06 03:34:20 PM There are 1 atoms in the mask :6@O1  ...
2018-04-06 03:34:20 PM There are 1 atoms in the mask :1@C4  ...
2018-04-06 03:34:20 PM There are 1 atoms in the mask :1@C5  ...
2018-04-06 03:34:20 PM Calculating attach targets and force constants...
2018-04-06 03:34:20 PM Attach, Method #1
2018-04-06 03:34:20 PM Calculating pull targets and force constants...
2018-04-06 03:34:20 PM No restraint info set for the pull phase! Skipping...
2018-04-06 03:34:20 PM Calculating release targets and force constants...
2018-04-06 03:34:20 PM No restraint info set for the release phase! Skipping...
2018-04-06 03:34:20 PM Number of attach windows = 15
2018-04-06 03:34:20 PM This restraint will be skipped in the pull phase
2018-04-06 03:34:20 PM This restraint will be skipped in the release phase
2018-04-06 03:34:20 PM Assigning atom indices...
2018-04-06 03:34:20 PM There are 1 atoms in the mask :1@O2  ...
2018-04-06 03:34:20 PM There are 1 atoms in the mask :7@C4  ...
2018-04-06 03:34:20 PM Calculating attach targets and force constants...
2018-04-06 03:34:20 PM Attach, Method #1
2018-04-06 03:34:20 PM Calculating pull targets and force constants...
2018-04-06 03:34:20 PM No restraint info set for the pull phase! Skipping...
2018-04-06 03:34:20 PM Calculating release targets and force constants...
2018-04-06 03:34:20 PM No restraint info set for the release phase! Skipping...
2018-04-06 03:34:20 PM Number of attach windows = 15
2018-04-06 03:34:20 PM This restraint will be skipped in the pull phase
2018-04-06 03:34:20 PM This restraint will be skipped in the release phase
2018-04-06 03:34:20 PM Assigning atom indices...
2018-04-06 03:34:20 PM There are 1 atoms in the mask :1@O6  ...
2018-04-06 03:34:20 PM There are 1 atoms in the mask :7@C4  ...
2018-04-06 03:34:20 PM Calculating attach targets and force constants...
2018-04-06 03:34:20 PM Attach, Method #1
2018-04-06 03:34:20 PM Calculating pull targets and force constants...
2018-04-06 03:34:20 PM No restraint info set for the pull phase! Skipping...
2018-04-06 03:34:20 PM Calculating release targets and force constants...
2018-04-06 03:34:20 PM No restraint info set for the release phase! Skipping...
2018-04-06 03:34:20 PM Number of attach windows = 15
2018-04-06 03:34:20 PM This restraint will be skipped in the pull phase
2018-04-06 03:34:20 PM This restraint will be skipped in the release phase
2018-04-06 03:34:20 PM Assigning atom indices...
2018-04-06 03:34:20 PM There are 1 atoms in the mask :2@O2  ...
2018-04-06 03:34:20 PM There are 1 atoms in the mask :7@C4  ...
2018-04-06 03:34:20 PM Calculating attach targets and force constants...
2018-04-06 03:34:20 PM Attach, Method #1
2018-04-06 03:34:20 PM Calculating pull targets and force constants...
2018-04-06 03:34:20 PM No restraint info set for the pull phase! Skipping...
2018-04-06 03:34:20 PM Calculating release targets and force constants...
2018-04-06 03:34:20 PM No restraint info set for the release phase! Skipping...
2018-04-06 03:34:20 PM Number of attach windows = 15
2018-04-06 03:34:20 PM This restraint will be skipped in the pull phase
2018-04-06 03:34:20 PM This restraint will be skipped in the release phase
2018-04-06 03:34:20 PM Assigning atom indices...
2018-04-06 03:34:20 PM There are 1 atoms in the mask :2@O6  ...
2018-04-06 03:34:20 PM There are 1 atoms in the mask :7@C4  ...
2018-04-06 03:34:20 PM Calculating attach targets and force constants...
2018-04-06 03:34:20 PM Attach, Method #1
2018-04-06 03:34:20 PM Calculating pull targets and force constants...
2018-04-06 03:34:20 PM No restraint info set for the pull phase! Skipping...
2018-04-06 03:34:20 PM Calculating release targets and force constants...
2018-04-06 03:34:20 PM No restraint info set for the release phase! Skipping...
2018-04-06 03:34:20 PM Number of attach windows = 15
2018-04-06 03:34:20 PM This restraint will be skipped in the pull phase
2018-04-06 03:34:20 PM This restraint will be skipped in the release phase
2018-04-06 03:34:20 PM Assigning atom indices...
2018-04-06 03:34:20 PM There are 1 atoms in the mask :3@O2  ...
2018-04-06 03:34:20 PM There are 1 atoms in the mask :7@C4  ...
2018-04-06 03:34:20 PM Calculating attach targets and force constants...
2018-04-06 03:34:20 PM Attach, Method #1
2018-04-06 03:34:20 PM Calculating pull targets and force constants...
2018-04-06 03:34:20 PM No restraint info set for the pull phase! Skipping...
2018-04-06 03:34:20 PM Calculating release targets and force constants...
2018-04-06 03:34:20 PM No restraint info set for the release phase! Skipping...
2018-04-06 03:34:20 PM Number of attach windows = 15
2018-04-06 03:34:20 PM This restraint will be skipped in the pull phase
2018-04-06 03:34:20 PM This restraint will be skipped in the release phase
2018-04-06 03:34:20 PM Assigning atom indices...
2018-04-06 03:34:20 PM There are 1 atoms in the mask :3@O6  ...
2018-04-06 03:34:21 PM There are 1 atoms in the mask :7@C4  ...
2018-04-06 03:34:21 PM Calculating attach targets and force constants...
2018-04-06 03:34:21 PM Attach, Method #1
2018-04-06 03:34:21 PM Calculating pull targets and force constants...
2018-04-06 03:34:21 PM No restraint info set for the pull phase! Skipping...
2018-04-06 03:34:21 PM Calculating release targets and force constants...
2018-04-06 03:34:21 PM No restraint info set for the release phase! Skipping...
2018-04-06 03:34:21 PM Number of attach windows = 15
2018-04-06 03:34:21 PM This restraint will be skipped in the pull phase
2018-04-06 03:34:21 PM This restraint will be skipped in the release phase
2018-04-06 03:34:21 PM Assigning atom indices...
2018-04-06 03:34:21 PM There are 1 atoms in the mask :4@O2  ...
2018-04-06 03:34:21 PM There are 1 atoms in the mask :7@C4  ...
2018-04-06 03:34:21 PM Calculating attach targets and force constants...
2018-04-06 03:34:21 PM Attach, Method #1
2018-04-06 03:34:21 PM Calculating pull targets and force constants...
2018-04-06 03:34:21 PM No restraint info set for the pull phase! Skipping...
2018-04-06 03:34:21 PM Calculating release targets and force constants...
2018-04-06 03:34:21 PM No restraint info set for the release phase! Skipping...
2018-04-06 03:34:21 PM Number of attach windows = 15
2018-04-06 03:34:21 PM This restraint will be skipped in the pull phase
2018-04-06 03:34:21 PM This restraint will be skipped in the release phase
2018-04-06 03:34:21 PM Assigning atom indices...
2018-04-06 03:34:21 PM There are 1 atoms in the mask :4@O6  ...
2018-04-06 03:34:21 PM There are 1 atoms in the mask :7@C4  ...
2018-04-06 03:34:21 PM Calculating attach targets and force constants...
2018-04-06 03:34:21 PM Attach, Method #1
2018-04-06 03:34:21 PM Calculating pull targets and force constants...
2018-04-06 03:34:21 PM No restraint info set for the pull phase! Skipping...
2018-04-06 03:34:21 PM Calculating release targets and force constants...
2018-04-06 03:34:21 PM No restraint info set for the release phase! Skipping...
2018-04-06 03:34:21 PM Number of attach windows = 15
2018-04-06 03:34:21 PM This restraint will be skipped in the pull phase
2018-04-06 03:34:21 PM This restraint will be skipped in the release phase
2018-04-06 03:34:21 PM Assigning atom indices...
2018-04-06 03:34:21 PM There are 1 atoms in the mask :5@O2  ...
2018-04-06 03:34:21 PM There are 1 atoms in the mask :7@C4  ...
2018-04-06 03:34:21 PM Calculating attach targets and force constants...
2018-04-06 03:34:21 PM Attach, Method #1
2018-04-06 03:34:21 PM Calculating pull targets and force constants...
2018-04-06 03:34:21 PM No restraint info set for the pull phase! Skipping...
2018-04-06 03:34:21 PM Calculating release targets and force constants...
2018-04-06 03:34:21 PM No restraint info set for the release phase! Skipping...
2018-04-06 03:34:21 PM Number of attach windows = 15
2018-04-06 03:34:21 PM This restraint will be skipped in the pull phase
2018-04-06 03:34:21 PM This restraint will be skipped in the release phase
2018-04-06 03:34:21 PM Assigning atom indices...
2018-04-06 03:34:21 PM There are 1 atoms in the mask :5@O6  ...
2018-04-06 03:34:21 PM There are 1 atoms in the mask :7@C4  ...
2018-04-06 03:34:21 PM Calculating attach targets and force constants...
2018-04-06 03:34:21 PM Attach, Method #1
2018-04-06 03:34:21 PM Calculating pull targets and force constants...
2018-04-06 03:34:21 PM No restraint info set for the pull phase! Skipping...
2018-04-06 03:34:21 PM Calculating release targets and force constants...
2018-04-06 03:34:21 PM No restraint info set for the release phase! Skipping...
2018-04-06 03:34:21 PM Number of attach windows = 15
2018-04-06 03:34:21 PM This restraint will be skipped in the pull phase
2018-04-06 03:34:21 PM This restraint will be skipped in the release phase
2018-04-06 03:34:21 PM Assigning atom indices...
2018-04-06 03:34:21 PM There are 1 atoms in the mask :6@O2  ...
2018-04-06 03:34:21 PM There are 1 atoms in the mask :7@C4  ...
2018-04-06 03:34:21 PM Calculating attach targets and force constants...
2018-04-06 03:34:21 PM Attach, Method #1
2018-04-06 03:34:21 PM Calculating pull targets and force constants...
2018-04-06 03:34:21 PM No restraint info set for the pull phase! Skipping...
2018-04-06 03:34:21 PM Calculating release targets and force constants...
2018-04-06 03:34:21 PM No restraint info set for the release phase! Skipping...
2018-04-06 03:34:21 PM Number of attach windows = 15
2018-04-06 03:34:21 PM This restraint will be skipped in the pull phase
2018-04-06 03:34:21 PM This restraint will be skipped in the release phase
2018-04-06 03:34:21 PM Assigning atom indices...
2018-04-06 03:34:21 PM There are 1 atoms in the mask :6@O6  ...
2018-04-06 03:34:21 PM There are 1 atoms in the mask :7@C4  ...
2018-04-06 03:34:21 PM Calculating attach targets and force constants...
2018-04-06 03:34:21 PM Attach, Method #1
2018-04-06 03:34:21 PM Calculating pull targets and force constants...
2018-04-06 03:34:21 PM No restraint info set for the pull phase! Skipping...
2018-04-06 03:34:21 PM Calculating release targets and force constants...
2018-04-06 03:34:21 PM No restraint info set for the release phase! Skipping...
2018-04-06 03:34:21 PM Number of attach windows = 15
2018-04-06 03:34:21 PM This restraint will be skipped in the pull phase
2018-04-06 03:34:21 PM This restraint will be skipped in the release phase
2018-04-06 03:34:21 PM Assigning atom indices...
2018-04-06 03:34:21 PM There are 1 atoms in the mask :9  ...
2018-04-06 03:34:21 PM There are 1 atoms in the mask :7@C4  ...
2018-04-06 03:34:21 PM There are 1 atoms in the mask :7@N1  ...
2018-04-06 03:34:36 PM All restraints are "continuous_apr" style.
2018-04-06 03:34:36 PM Restraints appear to be consistent
2018-04-06 03:35:45 PM attach: computing convergence for mbar-blocking
2018-04-06 03:36:04 PM pull: computing convergence for mbar-blocking
2018-04-06 03:39:03 PM attach: computing convergence for mbar-blocking
2018-04-06 03:39:21 PM pull: computing convergence for mbar-blocking
