2018-04-06 02:10:53 PM Started logging...
2018-04-06 02:10:53 PM OpenMM support: Yes
2018-04-06 02:11:01 PM Calculating attach targets and force constants...
2018-04-06 02:11:01 PM Attach, Method #1
2018-04-06 02:11:01 PM Calculating pull targets and force constants...
2018-04-06 02:11:01 PM Pull, Method #1
2018-04-06 02:11:01 PM Calculating release targets and force constants...
2018-04-06 02:11:01 PM No restraint info set for the release phase! Skipping...
2018-04-06 02:11:01 PM Number of attach windows = 15
2018-04-06 02:11:01 PM Number of pull windows = 46
2018-04-06 02:11:01 PM This restraint will be skipped in the release phase
2018-04-06 02:11:01 PM Assigning atom indices...
2018-04-06 02:11:01 PM There are 1 atoms in the mask :8  ...
2018-04-06 02:11:01 PM There are 1 atoms in the mask :1@O3  ...
2018-04-06 02:11:01 PM Calculating attach targets and force constants...
2018-04-06 02:11:01 PM Attach, Method #1
2018-04-06 02:11:01 PM Calculating pull targets and force constants...
2018-04-06 02:11:01 PM Pull, Method #1
2018-04-06 02:11:01 PM Calculating release targets and force constants...
2018-04-06 02:11:01 PM No restraint info set for the release phase! Skipping...
2018-04-06 02:11:01 PM Number of attach windows = 15
2018-04-06 02:11:01 PM Number of pull windows = 46
2018-04-06 02:11:01 PM This restraint will be skipped in the release phase
2018-04-06 02:11:01 PM Assigning atom indices...
2018-04-06 02:11:01 PM There are 1 atoms in the mask :9  ...
2018-04-06 02:11:01 PM There are 1 atoms in the mask :8  ...
2018-04-06 02:11:01 PM There are 1 atoms in the mask :1@O3  ...
2018-04-06 02:11:02 PM Calculating attach targets and force constants...
2018-04-06 02:11:02 PM Attach, Method #1
2018-04-06 02:11:02 PM Calculating pull targets and force constants...
2018-04-06 02:11:02 PM Pull, Method #1
2018-04-06 02:11:02 PM Calculating release targets and force constants...
2018-04-06 02:11:02 PM No restraint info set for the release phase! Skipping...
2018-04-06 02:11:02 PM Number of attach windows = 15
2018-04-06 02:11:02 PM Number of pull windows = 46
2018-04-06 02:11:02 PM This restraint will be skipped in the release phase
2018-04-06 02:11:02 PM Assigning atom indices...
2018-04-06 02:11:02 PM There are 1 atoms in the mask :10  ...
2018-04-06 02:11:02 PM There are 1 atoms in the mask :9  ...
2018-04-06 02:11:02 PM There are 1 atoms in the mask :8  ...
2018-04-06 02:11:02 PM There are 1 atoms in the mask :1@O3  ...
2018-04-06 02:11:02 PM Calculating attach targets and force constants...
2018-04-06 02:11:02 PM Attach, Method #1
2018-04-06 02:11:02 PM Calculating pull targets and force constants...
2018-04-06 02:11:02 PM Pull, Method #1
2018-04-06 02:11:02 PM Calculating release targets and force constants...
2018-04-06 02:11:02 PM No restraint info set for the release phase! Skipping...
2018-04-06 02:11:02 PM Number of attach windows = 15
2018-04-06 02:11:02 PM Number of pull windows = 46
2018-04-06 02:11:02 PM This restraint will be skipped in the release phase
2018-04-06 02:11:02 PM Assigning atom indices...
2018-04-06 02:11:02 PM There are 1 atoms in the mask :8  ...
2018-04-06 02:11:02 PM There are 1 atoms in the mask :1@O3  ...
2018-04-06 02:11:02 PM There are 1 atoms in the mask :3@C1  ...
2018-04-06 02:11:02 PM Calculating attach targets and force constants...
2018-04-06 02:11:02 PM Attach, Method #1
2018-04-06 02:11:02 PM Calculating pull targets and force constants...
2018-04-06 02:11:02 PM Pull, Method #1
2018-04-06 02:11:02 PM Calculating release targets and force constants...
2018-04-06 02:11:02 PM No restraint info set for the release phase! Skipping...
2018-04-06 02:11:02 PM Number of attach windows = 15
2018-04-06 02:11:02 PM Number of pull windows = 46
2018-04-06 02:11:02 PM This restraint will be skipped in the release phase
2018-04-06 02:11:02 PM Assigning atom indices...
2018-04-06 02:11:02 PM There are 1 atoms in the mask :9  ...
2018-04-06 02:11:02 PM There are 1 atoms in the mask :8  ...
2018-04-06 02:11:03 PM There are 1 atoms in the mask :1@O3  ...
2018-04-06 02:11:03 PM There are 1 atoms in the mask :3@C1  ...
2018-04-06 02:11:03 PM Calculating attach targets and force constants...
2018-04-06 02:11:03 PM Attach, Method #1
2018-04-06 02:11:03 PM Calculating pull targets and force constants...
2018-04-06 02:11:03 PM Pull, Method #1
2018-04-06 02:11:03 PM Calculating release targets and force constants...
2018-04-06 02:11:03 PM No restraint info set for the release phase! Skipping...
2018-04-06 02:11:03 PM Number of attach windows = 15
2018-04-06 02:11:03 PM Number of pull windows = 46
2018-04-06 02:11:03 PM This restraint will be skipped in the release phase
2018-04-06 02:11:03 PM Assigning atom indices...
2018-04-06 02:11:03 PM There are 1 atoms in the mask :8  ...
2018-04-06 02:11:03 PM There are 1 atoms in the mask :1@O3  ...
2018-04-06 02:11:03 PM There are 1 atoms in the mask :3@C1  ...
2018-04-06 02:11:03 PM There are 1 atoms in the mask :5@C6  ...
2018-04-06 02:11:03 PM Calculating attach targets and force constants...
2018-04-06 02:11:03 PM Attach, Method #3
2018-04-06 02:11:03 PM Calculating pull targets and force constants...
2018-04-06 02:11:03 PM Pull, Method #1
2018-04-06 02:11:03 PM Calculating release targets and force constants...
2018-04-06 02:11:03 PM No restraint info set for the release phase! Skipping...
2018-04-06 02:11:03 PM Number of attach windows = 15
2018-04-06 02:11:03 PM Number of pull windows = 46
2018-04-06 02:11:03 PM This restraint will be skipped in the release phase
2018-04-06 02:11:03 PM Assigning atom indices...
2018-04-06 02:11:03 PM There are 1 atoms in the mask :8  ...
2018-04-06 02:11:03 PM There are 1 atoms in the mask :7@C4  ...
2018-04-06 02:11:03 PM Calculating attach targets and force constants...
2018-04-06 02:11:03 PM Attach, Method #3
2018-04-06 02:11:03 PM Calculating pull targets and force constants...
2018-04-06 02:11:03 PM Pull, Method #1
2018-04-06 02:11:03 PM Calculating release targets and force constants...
2018-04-06 02:11:03 PM No restraint info set for the release phase! Skipping...
2018-04-06 02:11:03 PM Number of attach windows = 15
2018-04-06 02:11:03 PM Number of pull windows = 46
2018-04-06 02:11:03 PM This restraint will be skipped in the release phase
2018-04-06 02:11:03 PM Assigning atom indices...
2018-04-06 02:11:03 PM There are 1 atoms in the mask :9  ...
2018-04-06 02:11:03 PM There are 1 atoms in the mask :8  ...
2018-04-06 02:11:03 PM There are 1 atoms in the mask :7@C4  ...
2018-04-06 02:11:03 PM Calculating attach targets and force constants...
2018-04-06 02:11:03 PM Attach, Method #3
2018-04-06 02:11:03 PM Calculating pull targets and force constants...
2018-04-06 02:11:03 PM Pull, Method #1
2018-04-06 02:11:03 PM Calculating release targets and force constants...
2018-04-06 02:11:03 PM No restraint info set for the release phase! Skipping...
2018-04-06 02:11:03 PM Number of attach windows = 15
2018-04-06 02:11:03 PM Number of pull windows = 46
2018-04-06 02:11:03 PM This restraint will be skipped in the release phase
2018-04-06 02:11:03 PM Assigning atom indices...
2018-04-06 02:11:03 PM There are 1 atoms in the mask :8  ...
2018-04-06 02:11:03 PM There are 1 atoms in the mask :7@C4  ...
2018-04-06 02:11:03 PM There are 1 atoms in the mask :7@N1  ...
2018-04-06 02:11:03 PM Calculating attach targets and force constants...
2018-04-06 02:11:03 PM Attach, Method #3
2018-04-06 02:11:03 PM Calculating pull targets and force constants...
2018-04-06 02:11:03 PM Pull, Method #1
2018-04-06 02:11:03 PM Calculating release targets and force constants...
2018-04-06 02:11:03 PM No restraint info set for the release phase! Skipping...
2018-04-06 02:11:03 PM Number of attach windows = 15
2018-04-06 02:11:03 PM Number of pull windows = 46
2018-04-06 02:11:03 PM This restraint will be skipped in the release phase
2018-04-06 02:11:03 PM Assigning atom indices...
2018-04-06 02:11:03 PM There are 1 atoms in the mask :1@O5  ...
2018-04-06 02:11:03 PM There are 1 atoms in the mask :1@C1  ...
2018-04-06 02:11:03 PM There are 1 atoms in the mask :1@O1  ...
2018-04-06 02:11:03 PM There are 1 atoms in the mask :2@C4  ...
2018-04-06 02:11:03 PM Calculating attach targets and force constants...
2018-04-06 02:11:03 PM Attach, Method #3
2018-04-06 02:11:03 PM Calculating pull targets and force constants...
2018-04-06 02:11:03 PM Pull, Method #1
2018-04-06 02:11:03 PM Calculating release targets and force constants...
2018-04-06 02:11:03 PM No restraint info set for the release phase! Skipping...
2018-04-06 02:11:03 PM Number of attach windows = 15
2018-04-06 02:11:03 PM Number of pull windows = 46
2018-04-06 02:11:03 PM This restraint will be skipped in the release phase
2018-04-06 02:11:03 PM Assigning atom indices...
2018-04-06 02:11:03 PM There are 1 atoms in the mask :1@C1  ...
2018-04-06 02:11:03 PM There are 1 atoms in the mask :1@O1  ...
2018-04-06 02:11:03 PM There are 1 atoms in the mask :2@C4  ...
2018-04-06 02:11:03 PM There are 1 atoms in the mask :2@C5  ...
2018-04-06 02:11:03 PM Calculating attach targets and force constants...
2018-04-06 02:11:03 PM Attach, Method #3
2018-04-06 02:11:03 PM Calculating pull targets and force constants...
2018-04-06 02:11:03 PM Pull, Method #1
2018-04-06 02:11:03 PM Calculating release targets and force constants...
2018-04-06 02:11:03 PM No restraint info set for the release phase! Skipping...
2018-04-06 02:11:03 PM Number of attach windows = 15
2018-04-06 02:11:03 PM Number of pull windows = 46
2018-04-06 02:11:03 PM This restraint will be skipped in the release phase
2018-04-06 02:11:03 PM Assigning atom indices...
2018-04-06 02:11:03 PM There are 1 atoms in the mask :2@O5  ...
2018-04-06 02:11:04 PM There are 1 atoms in the mask :2@C1  ...
2018-04-06 02:11:04 PM There are 1 atoms in the mask :2@O1  ...
2018-04-06 02:11:04 PM There are 1 atoms in the mask :3@C4  ...
2018-04-06 02:11:04 PM Calculating attach targets and force constants...
2018-04-06 02:11:04 PM Attach, Method #3
2018-04-06 02:11:04 PM Calculating pull targets and force constants...
2018-04-06 02:11:04 PM Pull, Method #1
2018-04-06 02:11:04 PM Calculating release targets and force constants...
2018-04-06 02:11:04 PM No restraint info set for the release phase! Skipping...
2018-04-06 02:11:04 PM Number of attach windows = 15
2018-04-06 02:11:04 PM Number of pull windows = 46
2018-04-06 02:11:04 PM This restraint will be skipped in the release phase
2018-04-06 02:11:04 PM Assigning atom indices...
2018-04-06 02:11:04 PM There are 1 atoms in the mask :2@C1  ...
2018-04-06 02:11:04 PM There are 1 atoms in the mask :2@O1  ...
2018-04-06 02:11:04 PM There are 1 atoms in the mask :3@C4  ...
2018-04-06 02:11:04 PM There are 1 atoms in the mask :3@C5  ...
2018-04-06 02:11:04 PM Calculating attach targets and force constants...
2018-04-06 02:11:04 PM Attach, Method #3
2018-04-06 02:11:04 PM Calculating pull targets and force constants...
2018-04-06 02:11:04 PM Pull, Method #1
2018-04-06 02:11:04 PM Calculating release targets and force constants...
2018-04-06 02:11:04 PM No restraint info set for the release phase! Skipping...
2018-04-06 02:11:04 PM Number of attach windows = 15
2018-04-06 02:11:04 PM Number of pull windows = 46
2018-04-06 02:11:04 PM This restraint will be skipped in the release phase
2018-04-06 02:11:04 PM Assigning atom indices...
2018-04-06 02:11:04 PM There are 1 atoms in the mask :3@O5  ...
2018-04-06 02:11:04 PM There are 1 atoms in the mask :3@C1  ...
2018-04-06 02:11:04 PM There are 1 atoms in the mask :3@O1  ...
2018-04-06 02:11:04 PM There are 1 atoms in the mask :4@C4  ...
2018-04-06 02:11:04 PM Calculating attach targets and force constants...
2018-04-06 02:11:04 PM Attach, Method #3
2018-04-06 02:11:04 PM Calculating pull targets and force constants...
2018-04-06 02:11:04 PM Pull, Method #1
2018-04-06 02:11:04 PM Calculating release targets and force constants...
2018-04-06 02:11:04 PM No restraint info set for the release phase! Skipping...
2018-04-06 02:11:04 PM Number of attach windows = 15
2018-04-06 02:11:04 PM Number of pull windows = 46
2018-04-06 02:11:04 PM This restraint will be skipped in the release phase
2018-04-06 02:11:04 PM Assigning atom indices...
2018-04-06 02:11:04 PM There are 1 atoms in the mask :3@C1  ...
2018-04-06 02:11:04 PM There are 1 atoms in the mask :3@O1  ...
2018-04-06 02:11:04 PM There are 1 atoms in the mask :4@C4  ...
2018-04-06 02:11:04 PM There are 1 atoms in the mask :4@C5  ...
2018-04-06 02:11:04 PM Calculating attach targets and force constants...
2018-04-06 02:11:04 PM Attach, Method #3
2018-04-06 02:11:04 PM Calculating pull targets and force constants...
2018-04-06 02:11:04 PM Pull, Method #1
2018-04-06 02:11:04 PM Calculating release targets and force constants...
2018-04-06 02:11:04 PM No restraint info set for the release phase! Skipping...
2018-04-06 02:11:04 PM Number of attach windows = 15
2018-04-06 02:11:04 PM Number of pull windows = 46
2018-04-06 02:11:04 PM This restraint will be skipped in the release phase
2018-04-06 02:11:04 PM Assigning atom indices...
2018-04-06 02:11:04 PM There are 1 atoms in the mask :4@O5  ...
2018-04-06 02:11:04 PM There are 1 atoms in the mask :4@C1  ...
2018-04-06 02:11:04 PM There are 1 atoms in the mask :4@O1  ...
2018-04-06 02:11:04 PM There are 1 atoms in the mask :5@C4  ...
2018-04-06 02:11:04 PM Calculating attach targets and force constants...
2018-04-06 02:11:04 PM Attach, Method #3
2018-04-06 02:11:04 PM Calculating pull targets and force constants...
2018-04-06 02:11:04 PM Pull, Method #1
2018-04-06 02:11:04 PM Calculating release targets and force constants...
2018-04-06 02:11:04 PM No restraint info set for the release phase! Skipping...
2018-04-06 02:11:04 PM Number of attach windows = 15
2018-04-06 02:11:04 PM Number of pull windows = 46
2018-04-06 02:11:04 PM This restraint will be skipped in the release phase
2018-04-06 02:11:04 PM Assigning atom indices...
2018-04-06 02:11:04 PM There are 1 atoms in the mask :4@C1  ...
2018-04-06 02:11:04 PM There are 1 atoms in the mask :4@O1  ...
2018-04-06 02:11:04 PM There are 1 atoms in the mask :5@C4  ...
2018-04-06 02:11:04 PM There are 1 atoms in the mask :5@C5  ...
2018-04-06 02:11:04 PM Calculating attach targets and force constants...
2018-04-06 02:11:04 PM Attach, Method #3
2018-04-06 02:11:04 PM Calculating pull targets and force constants...
2018-04-06 02:11:04 PM Pull, Method #1
2018-04-06 02:11:04 PM Calculating release targets and force constants...
2018-04-06 02:11:04 PM No restraint info set for the release phase! Skipping...
2018-04-06 02:11:04 PM Number of attach windows = 15
2018-04-06 02:11:04 PM Number of pull windows = 46
2018-04-06 02:11:04 PM This restraint will be skipped in the release phase
2018-04-06 02:11:04 PM Assigning atom indices...
2018-04-06 02:11:04 PM There are 1 atoms in the mask :5@O5  ...
2018-04-06 02:11:04 PM There are 1 atoms in the mask :5@C1  ...
2018-04-06 02:11:04 PM There are 1 atoms in the mask :5@O1  ...
2018-04-06 02:11:04 PM There are 1 atoms in the mask :6@C4  ...
2018-04-06 02:11:04 PM Calculating attach targets and force constants...
2018-04-06 02:11:04 PM Attach, Method #3
2018-04-06 02:11:04 PM Calculating pull targets and force constants...
2018-04-06 02:11:04 PM Pull, Method #1
2018-04-06 02:11:04 PM Calculating release targets and force constants...
2018-04-06 02:11:04 PM No restraint info set for the release phase! Skipping...
2018-04-06 02:11:04 PM Number of attach windows = 15
2018-04-06 02:11:04 PM Number of pull windows = 46
2018-04-06 02:11:04 PM This restraint will be skipped in the release phase
2018-04-06 02:11:04 PM Assigning atom indices...
2018-04-06 02:11:04 PM There are 1 atoms in the mask :5@C1  ...
2018-04-06 02:11:04 PM There are 1 atoms in the mask :5@O1  ...
2018-04-06 02:11:05 PM There are 1 atoms in the mask :6@C4  ...
2018-04-06 02:11:05 PM There are 1 atoms in the mask :6@C5  ...
2018-04-06 02:11:05 PM Calculating attach targets and force constants...
2018-04-06 02:11:05 PM Attach, Method #3
2018-04-06 02:11:05 PM Calculating pull targets and force constants...
2018-04-06 02:11:05 PM Pull, Method #1
2018-04-06 02:11:05 PM Calculating release targets and force constants...
2018-04-06 02:11:05 PM No restraint info set for the release phase! Skipping...
2018-04-06 02:11:05 PM Number of attach windows = 15
2018-04-06 02:11:05 PM Number of pull windows = 46
2018-04-06 02:11:05 PM This restraint will be skipped in the release phase
2018-04-06 02:11:05 PM Assigning atom indices...
2018-04-06 02:11:05 PM There are 1 atoms in the mask :6@O5  ...
2018-04-06 02:11:05 PM There are 1 atoms in the mask :6@C1  ...
2018-04-06 02:11:05 PM There are 1 atoms in the mask :6@O1  ...
2018-04-06 02:11:05 PM There are 1 atoms in the mask :1@C4  ...
2018-04-06 02:11:05 PM Calculating attach targets and force constants...
2018-04-06 02:11:05 PM Attach, Method #3
2018-04-06 02:11:05 PM Calculating pull targets and force constants...
2018-04-06 02:11:05 PM Pull, Method #1
2018-04-06 02:11:05 PM Calculating release targets and force constants...
2018-04-06 02:11:05 PM No restraint info set for the release phase! Skipping...
2018-04-06 02:11:05 PM Number of attach windows = 15
2018-04-06 02:11:05 PM Number of pull windows = 46
2018-04-06 02:11:05 PM This restraint will be skipped in the release phase
2018-04-06 02:11:05 PM Assigning atom indices...
2018-04-06 02:11:05 PM There are 1 atoms in the mask :6@C1  ...
2018-04-06 02:11:05 PM There are 1 atoms in the mask :6@O1  ...
2018-04-06 02:11:05 PM There are 1 atoms in the mask :1@C4  ...
2018-04-06 02:11:05 PM There are 1 atoms in the mask :1@C5  ...
2018-04-06 02:11:05 PM Calculating attach targets and force constants...
2018-04-06 02:11:05 PM Attach, Method #3
2018-04-06 02:11:05 PM Calculating pull targets and force constants...
2018-04-06 02:11:05 PM No restraint info set for the pull phase! Skipping...
2018-04-06 02:11:05 PM Calculating release targets and force constants...
2018-04-06 02:11:05 PM No restraint info set for the release phase! Skipping...
2018-04-06 02:11:05 PM Number of attach windows = 15
2018-04-06 02:11:05 PM This restraint will be skipped in the pull phase
2018-04-06 02:11:05 PM This restraint will be skipped in the release phase
2018-04-06 02:11:05 PM Assigning atom indices...
2018-04-06 02:11:05 PM There are 1 atoms in the mask :1@O2  ...
2018-04-06 02:11:05 PM There are 1 atoms in the mask :7@C4  ...
2018-04-06 02:11:05 PM Calculating attach targets and force constants...
2018-04-06 02:11:05 PM Attach, Method #3
2018-04-06 02:11:05 PM Calculating pull targets and force constants...
2018-04-06 02:11:05 PM No restraint info set for the pull phase! Skipping...
2018-04-06 02:11:05 PM Calculating release targets and force constants...
2018-04-06 02:11:05 PM No restraint info set for the release phase! Skipping...
2018-04-06 02:11:05 PM Number of attach windows = 15
2018-04-06 02:11:05 PM This restraint will be skipped in the pull phase
2018-04-06 02:11:05 PM This restraint will be skipped in the release phase
2018-04-06 02:11:05 PM Assigning atom indices...
2018-04-06 02:11:05 PM There are 1 atoms in the mask :1@O6  ...
2018-04-06 02:11:05 PM There are 1 atoms in the mask :7@C4  ...
2018-04-06 02:11:05 PM Calculating attach targets and force constants...
2018-04-06 02:11:05 PM Attach, Method #3
2018-04-06 02:11:05 PM Calculating pull targets and force constants...
2018-04-06 02:11:05 PM No restraint info set for the pull phase! Skipping...
2018-04-06 02:11:05 PM Calculating release targets and force constants...
2018-04-06 02:11:05 PM No restraint info set for the release phase! Skipping...
2018-04-06 02:11:05 PM Number of attach windows = 15
2018-04-06 02:11:05 PM This restraint will be skipped in the pull phase
2018-04-06 02:11:05 PM This restraint will be skipped in the release phase
2018-04-06 02:11:05 PM Assigning atom indices...
2018-04-06 02:11:05 PM There are 1 atoms in the mask :2@O2  ...
2018-04-06 02:11:05 PM There are 1 atoms in the mask :7@C4  ...
2018-04-06 02:11:05 PM Calculating attach targets and force constants...
2018-04-06 02:11:05 PM Attach, Method #3
2018-04-06 02:11:05 PM Calculating pull targets and force constants...
2018-04-06 02:11:05 PM No restraint info set for the pull phase! Skipping...
2018-04-06 02:11:05 PM Calculating release targets and force constants...
2018-04-06 02:11:05 PM No restraint info set for the release phase! Skipping...
2018-04-06 02:11:05 PM Number of attach windows = 15
2018-04-06 02:11:05 PM This restraint will be skipped in the pull phase
2018-04-06 02:11:05 PM This restraint will be skipped in the release phase
2018-04-06 02:11:05 PM Assigning atom indices...
2018-04-06 02:11:05 PM There are 1 atoms in the mask :2@O6  ...
2018-04-06 02:11:05 PM There are 1 atoms in the mask :7@C4  ...
2018-04-06 02:11:05 PM Calculating attach targets and force constants...
2018-04-06 02:11:05 PM Attach, Method #3
2018-04-06 02:11:05 PM Calculating pull targets and force constants...
2018-04-06 02:11:05 PM No restraint info set for the pull phase! Skipping...
2018-04-06 02:11:05 PM Calculating release targets and force constants...
2018-04-06 02:11:05 PM No restraint info set for the release phase! Skipping...
2018-04-06 02:11:05 PM Number of attach windows = 15
2018-04-06 02:11:05 PM This restraint will be skipped in the pull phase
2018-04-06 02:11:05 PM This restraint will be skipped in the release phase
2018-04-06 02:11:05 PM Assigning atom indices...
2018-04-06 02:11:05 PM There are 1 atoms in the mask :3@O2  ...
2018-04-06 02:11:05 PM There are 1 atoms in the mask :7@C4  ...
2018-04-06 02:11:05 PM Calculating attach targets and force constants...
2018-04-06 02:11:05 PM Attach, Method #3
2018-04-06 02:11:05 PM Calculating pull targets and force constants...
2018-04-06 02:11:05 PM No restraint info set for the pull phase! Skipping...
2018-04-06 02:11:05 PM Calculating release targets and force constants...
2018-04-06 02:11:05 PM No restraint info set for the release phase! Skipping...
2018-04-06 02:11:05 PM Number of attach windows = 15
2018-04-06 02:11:05 PM This restraint will be skipped in the pull phase
2018-04-06 02:11:05 PM This restraint will be skipped in the release phase
2018-04-06 02:11:05 PM Assigning atom indices...
2018-04-06 02:11:05 PM There are 1 atoms in the mask :3@O6  ...
2018-04-06 02:11:05 PM There are 1 atoms in the mask :7@C4  ...
2018-04-06 02:11:05 PM Calculating attach targets and force constants...
2018-04-06 02:11:05 PM Attach, Method #3
2018-04-06 02:11:05 PM Calculating pull targets and force constants...
2018-04-06 02:11:05 PM No restraint info set for the pull phase! Skipping...
2018-04-06 02:11:05 PM Calculating release targets and force constants...
2018-04-06 02:11:05 PM No restraint info set for the release phase! Skipping...
2018-04-06 02:11:05 PM Number of attach windows = 15
2018-04-06 02:11:05 PM This restraint will be skipped in the pull phase
2018-04-06 02:11:05 PM This restraint will be skipped in the release phase
2018-04-06 02:11:05 PM Assigning atom indices...
2018-04-06 02:11:05 PM There are 1 atoms in the mask :4@O2  ...
2018-04-06 02:11:05 PM There are 1 atoms in the mask :7@C4  ...
2018-04-06 02:11:05 PM Calculating attach targets and force constants...
2018-04-06 02:11:05 PM Attach, Method #3
2018-04-06 02:11:05 PM Calculating pull targets and force constants...
2018-04-06 02:11:05 PM No restraint info set for the pull phase! Skipping...
2018-04-06 02:11:05 PM Calculating release targets and force constants...
2018-04-06 02:11:05 PM No restraint info set for the release phase! Skipping...
2018-04-06 02:11:05 PM Number of attach windows = 15
2018-04-06 02:11:05 PM This restraint will be skipped in the pull phase
2018-04-06 02:11:05 PM This restraint will be skipped in the release phase
2018-04-06 02:11:05 PM Assigning atom indices...
2018-04-06 02:11:05 PM There are 1 atoms in the mask :4@O6  ...
2018-04-06 02:11:05 PM There are 1 atoms in the mask :7@C4  ...
2018-04-06 02:11:05 PM Calculating attach targets and force constants...
2018-04-06 02:11:05 PM Attach, Method #3
2018-04-06 02:11:05 PM Calculating pull targets and force constants...
2018-04-06 02:11:05 PM No restraint info set for the pull phase! Skipping...
2018-04-06 02:11:05 PM Calculating release targets and force constants...
2018-04-06 02:11:05 PM No restraint info set for the release phase! Skipping...
2018-04-06 02:11:05 PM Number of attach windows = 15
2018-04-06 02:11:05 PM This restraint will be skipped in the pull phase
2018-04-06 02:11:05 PM This restraint will be skipped in the release phase
2018-04-06 02:11:05 PM Assigning atom indices...
2018-04-06 02:11:05 PM There are 1 atoms in the mask :5@O2  ...
2018-04-06 02:11:05 PM There are 1 atoms in the mask :7@C4  ...
2018-04-06 02:11:05 PM Calculating attach targets and force constants...
2018-04-06 02:11:05 PM Attach, Method #3
2018-04-06 02:11:05 PM Calculating pull targets and force constants...
2018-04-06 02:11:05 PM No restraint info set for the pull phase! Skipping...
2018-04-06 02:11:05 PM Calculating release targets and force constants...
2018-04-06 02:11:05 PM No restraint info set for the release phase! Skipping...
2018-04-06 02:11:05 PM Number of attach windows = 15
2018-04-06 02:11:05 PM This restraint will be skipped in the pull phase
2018-04-06 02:11:05 PM This restraint will be skipped in the release phase
2018-04-06 02:11:05 PM Assigning atom indices...
2018-04-06 02:11:06 PM There are 1 atoms in the mask :5@O6  ...
2018-04-06 02:11:06 PM There are 1 atoms in the mask :7@C4  ...
2018-04-06 02:11:06 PM Calculating attach targets and force constants...
2018-04-06 02:11:06 PM Attach, Method #3
2018-04-06 02:11:06 PM Calculating pull targets and force constants...
2018-04-06 02:11:06 PM No restraint info set for the pull phase! Skipping...
2018-04-06 02:11:06 PM Calculating release targets and force constants...
2018-04-06 02:11:06 PM No restraint info set for the release phase! Skipping...
2018-04-06 02:11:06 PM Number of attach windows = 15
2018-04-06 02:11:06 PM This restraint will be skipped in the pull phase
2018-04-06 02:11:06 PM This restraint will be skipped in the release phase
2018-04-06 02:11:06 PM Assigning atom indices...
2018-04-06 02:11:06 PM There are 1 atoms in the mask :6@O2  ...
2018-04-06 02:11:06 PM There are 1 atoms in the mask :7@C4  ...
2018-04-06 02:11:06 PM Calculating attach targets and force constants...
2018-04-06 02:11:06 PM Attach, Method #3
2018-04-06 02:11:06 PM Calculating pull targets and force constants...
2018-04-06 02:11:06 PM No restraint info set for the pull phase! Skipping...
2018-04-06 02:11:06 PM Calculating release targets and force constants...
2018-04-06 02:11:06 PM No restraint info set for the release phase! Skipping...
2018-04-06 02:11:06 PM Number of attach windows = 15
2018-04-06 02:11:06 PM This restraint will be skipped in the pull phase
2018-04-06 02:11:06 PM This restraint will be skipped in the release phase
2018-04-06 02:11:06 PM Assigning atom indices...
2018-04-06 02:11:06 PM There are 1 atoms in the mask :6@O6  ...
2018-04-06 02:11:06 PM There are 1 atoms in the mask :7@C4  ...
2018-04-06 02:11:06 PM Calculating attach targets and force constants...
2018-04-06 02:11:06 PM Attach, Method #3
2018-04-06 02:11:06 PM Calculating pull targets and force constants...
2018-04-06 02:11:06 PM No restraint info set for the pull phase! Skipping...
2018-04-06 02:11:06 PM Calculating release targets and force constants...
2018-04-06 02:11:06 PM No restraint info set for the release phase! Skipping...
2018-04-06 02:11:06 PM Number of attach windows = 15
2018-04-06 02:11:06 PM This restraint will be skipped in the pull phase
2018-04-06 02:11:06 PM This restraint will be skipped in the release phase
2018-04-06 02:11:06 PM Assigning atom indices...
2018-04-06 02:11:06 PM There are 1 atoms in the mask :9  ...
2018-04-06 02:11:06 PM There are 1 atoms in the mask :7@C4  ...
2018-04-06 02:11:06 PM There are 1 atoms in the mask :7@N1  ...
2018-04-06 02:11:08 PM All restraints are "continuous_apr" style.
2018-04-06 02:11:08 PM Restraints appear to be consistent
