2018-04-06 09:31:24 AM Started logging...
2018-04-06 09:31:24 AM OpenMM support: Yes
2018-04-06 09:32:01 AM Started logging...
2018-04-06 09:32:09 AM Calculating attach targets and force constants...
2018-04-06 09:32:09 AM Attach, Method #1
2018-04-06 09:32:09 AM Calculating pull targets and force constants...
2018-04-06 09:32:09 AM Pull, Method #1
2018-04-06 09:32:09 AM Calculating release targets and force constants...
2018-04-06 09:32:09 AM No restraint info set for the release phase! Skipping...
2018-04-06 09:32:09 AM Number of attach windows = 15
2018-04-06 09:32:09 AM Number of pull windows = 46
2018-04-06 09:32:09 AM This restraint will be skipped in the release phase
2018-04-06 09:32:09 AM Assigning atom indices...
2018-04-06 09:32:09 AM There are 1 atoms in the mask :8  ...
2018-04-06 09:32:09 AM There are 1 atoms in the mask :1@O3  ...
2018-04-06 09:32:09 AM Calculating attach targets and force constants...
2018-04-06 09:32:09 AM Attach, Method #1
2018-04-06 09:32:09 AM Calculating pull targets and force constants...
2018-04-06 09:32:09 AM Pull, Method #1
2018-04-06 09:32:09 AM Calculating release targets and force constants...
2018-04-06 09:32:09 AM No restraint info set for the release phase! Skipping...
2018-04-06 09:32:09 AM Number of attach windows = 15
2018-04-06 09:32:09 AM Number of pull windows = 46
2018-04-06 09:32:09 AM This restraint will be skipped in the release phase
2018-04-06 09:32:09 AM Assigning atom indices...
2018-04-06 09:32:09 AM There are 1 atoms in the mask :9  ...
2018-04-06 09:32:09 AM There are 1 atoms in the mask :8  ...
2018-04-06 09:32:09 AM There are 1 atoms in the mask :1@O3  ...
2018-04-06 09:32:09 AM Calculating attach targets and force constants...
2018-04-06 09:32:09 AM Attach, Method #1
2018-04-06 09:32:09 AM Calculating pull targets and force constants...
2018-04-06 09:32:09 AM Pull, Method #1
2018-04-06 09:32:09 AM Calculating release targets and force constants...
2018-04-06 09:32:09 AM No restraint info set for the release phase! Skipping...
2018-04-06 09:32:09 AM Number of attach windows = 15
2018-04-06 09:32:09 AM Number of pull windows = 46
2018-04-06 09:32:09 AM This restraint will be skipped in the release phase
2018-04-06 09:32:09 AM Assigning atom indices...
2018-04-06 09:32:09 AM There are 1 atoms in the mask :10  ...
2018-04-06 09:32:09 AM There are 1 atoms in the mask :9  ...
2018-04-06 09:32:09 AM There are 1 atoms in the mask :8  ...
2018-04-06 09:32:09 AM There are 1 atoms in the mask :1@O3  ...
2018-04-06 09:32:10 AM Calculating attach targets and force constants...
2018-04-06 09:32:10 AM Attach, Method #1
2018-04-06 09:32:10 AM Calculating pull targets and force constants...
2018-04-06 09:32:10 AM Pull, Method #1
2018-04-06 09:32:10 AM Calculating release targets and force constants...
2018-04-06 09:32:10 AM No restraint info set for the release phase! Skipping...
2018-04-06 09:32:10 AM Number of attach windows = 15
2018-04-06 09:32:10 AM Number of pull windows = 46
2018-04-06 09:32:10 AM This restraint will be skipped in the release phase
2018-04-06 09:32:10 AM Assigning atom indices...
2018-04-06 09:32:10 AM There are 1 atoms in the mask :8  ...
2018-04-06 09:32:10 AM There are 1 atoms in the mask :1@O3  ...
2018-04-06 09:32:10 AM There are 1 atoms in the mask :3@C1  ...
2018-04-06 09:32:10 AM Calculating attach targets and force constants...
2018-04-06 09:32:10 AM Attach, Method #1
2018-04-06 09:32:10 AM Calculating pull targets and force constants...
2018-04-06 09:32:10 AM Pull, Method #1
2018-04-06 09:32:10 AM Calculating release targets and force constants...
2018-04-06 09:32:10 AM No restraint info set for the release phase! Skipping...
2018-04-06 09:32:10 AM Number of attach windows = 15
2018-04-06 09:32:10 AM Number of pull windows = 46
2018-04-06 09:32:10 AM This restraint will be skipped in the release phase
2018-04-06 09:32:10 AM Assigning atom indices...
2018-04-06 09:32:10 AM There are 1 atoms in the mask :9  ...
2018-04-06 09:32:10 AM There are 1 atoms in the mask :8  ...
2018-04-06 09:32:10 AM There are 1 atoms in the mask :1@O3  ...
2018-04-06 09:32:10 AM There are 1 atoms in the mask :3@C1  ...
2018-04-06 09:32:11 AM Calculating attach targets and force constants...
2018-04-06 09:32:11 AM Attach, Method #1
2018-04-06 09:32:11 AM Calculating pull targets and force constants...
2018-04-06 09:32:11 AM Pull, Method #1
2018-04-06 09:32:11 AM Calculating release targets and force constants...
2018-04-06 09:32:11 AM No restraint info set for the release phase! Skipping...
2018-04-06 09:32:11 AM Number of attach windows = 15
2018-04-06 09:32:11 AM Number of pull windows = 46
2018-04-06 09:32:11 AM This restraint will be skipped in the release phase
2018-04-06 09:32:11 AM Assigning atom indices...
2018-04-06 09:32:11 AM There are 1 atoms in the mask :8  ...
2018-04-06 09:32:11 AM There are 1 atoms in the mask :1@O3  ...
2018-04-06 09:32:11 AM There are 1 atoms in the mask :3@C1  ...
2018-04-06 09:32:11 AM There are 1 atoms in the mask :5@C6  ...
2018-04-06 09:32:11 AM Calculating attach targets and force constants...
2018-04-06 09:32:11 AM Attach, Method #3
2018-04-06 09:32:11 AM Calculating pull targets and force constants...
2018-04-06 09:32:11 AM Pull, Method #1
2018-04-06 09:32:11 AM Calculating release targets and force constants...
2018-04-06 09:32:11 AM No restraint info set for the release phase! Skipping...
2018-04-06 09:32:11 AM Number of attach windows = 15
2018-04-06 09:32:11 AM Number of pull windows = 46
2018-04-06 09:32:11 AM This restraint will be skipped in the release phase
2018-04-06 09:32:11 AM Assigning atom indices...
2018-04-06 09:32:11 AM There are 1 atoms in the mask :8  ...
2018-04-06 09:32:11 AM There are 1 atoms in the mask :7@C4  ...
2018-04-06 09:32:11 AM Calculating attach targets and force constants...
2018-04-06 09:32:11 AM Attach, Method #3
2018-04-06 09:32:11 AM Calculating pull targets and force constants...
2018-04-06 09:32:11 AM Pull, Method #1
2018-04-06 09:32:11 AM Calculating release targets and force constants...
2018-04-06 09:32:11 AM No restraint info set for the release phase! Skipping...
2018-04-06 09:32:11 AM Number of attach windows = 15
2018-04-06 09:32:11 AM Number of pull windows = 46
2018-04-06 09:32:11 AM This restraint will be skipped in the release phase
2018-04-06 09:32:11 AM Assigning atom indices...
2018-04-06 09:32:11 AM There are 1 atoms in the mask :9  ...
2018-04-06 09:32:11 AM There are 1 atoms in the mask :8  ...
2018-04-06 09:32:11 AM There are 1 atoms in the mask :7@C4  ...
2018-04-06 09:32:11 AM Calculating attach targets and force constants...
2018-04-06 09:32:11 AM Attach, Method #3
2018-04-06 09:32:11 AM Calculating pull targets and force constants...
2018-04-06 09:32:11 AM Pull, Method #1
2018-04-06 09:32:11 AM Calculating release targets and force constants...
2018-04-06 09:32:11 AM No restraint info set for the release phase! Skipping...
2018-04-06 09:32:11 AM Number of attach windows = 15
2018-04-06 09:32:11 AM Number of pull windows = 46
2018-04-06 09:32:11 AM This restraint will be skipped in the release phase
2018-04-06 09:32:11 AM Assigning atom indices...
2018-04-06 09:32:11 AM There are 1 atoms in the mask :8  ...
2018-04-06 09:32:11 AM There are 1 atoms in the mask :7@C4  ...
2018-04-06 09:32:11 AM There are 1 atoms in the mask :7@N1  ...
2018-04-06 09:32:11 AM Calculating attach targets and force constants...
2018-04-06 09:32:11 AM Attach, Method #3
2018-04-06 09:32:11 AM Calculating pull targets and force constants...
2018-04-06 09:32:11 AM Pull, Method #1
2018-04-06 09:32:11 AM Calculating release targets and force constants...
2018-04-06 09:32:11 AM No restraint info set for the release phase! Skipping...
2018-04-06 09:32:11 AM Number of attach windows = 15
2018-04-06 09:32:11 AM Number of pull windows = 46
2018-04-06 09:32:11 AM This restraint will be skipped in the release phase
2018-04-06 09:32:11 AM Assigning atom indices...
2018-04-06 09:32:11 AM There are 1 atoms in the mask :1@O5  ...
2018-04-06 09:32:11 AM There are 1 atoms in the mask :1@C1  ...
2018-04-06 09:32:11 AM There are 1 atoms in the mask :1@O1  ...
2018-04-06 09:32:11 AM There are 1 atoms in the mask :2@C4  ...
2018-04-06 09:32:11 AM Calculating attach targets and force constants...
2018-04-06 09:32:11 AM Attach, Method #3
2018-04-06 09:32:11 AM Calculating pull targets and force constants...
2018-04-06 09:32:11 AM Pull, Method #1
2018-04-06 09:32:11 AM Calculating release targets and force constants...
2018-04-06 09:32:11 AM No restraint info set for the release phase! Skipping...
2018-04-06 09:32:11 AM Number of attach windows = 15
2018-04-06 09:32:11 AM Number of pull windows = 46
2018-04-06 09:32:11 AM This restraint will be skipped in the release phase
2018-04-06 09:32:11 AM Assigning atom indices...
2018-04-06 09:32:11 AM There are 1 atoms in the mask :1@C1  ...
2018-04-06 09:32:11 AM There are 1 atoms in the mask :1@O1  ...
2018-04-06 09:32:11 AM There are 1 atoms in the mask :2@C4  ...
2018-04-06 09:32:11 AM There are 1 atoms in the mask :2@C5  ...
2018-04-06 09:32:11 AM Calculating attach targets and force constants...
2018-04-06 09:32:11 AM Attach, Method #3
2018-04-06 09:32:11 AM Calculating pull targets and force constants...
2018-04-06 09:32:11 AM Pull, Method #1
2018-04-06 09:32:11 AM Calculating release targets and force constants...
2018-04-06 09:32:11 AM No restraint info set for the release phase! Skipping...
2018-04-06 09:32:11 AM Number of attach windows = 15
2018-04-06 09:32:11 AM Number of pull windows = 46
2018-04-06 09:32:11 AM This restraint will be skipped in the release phase
2018-04-06 09:32:11 AM Assigning atom indices...
2018-04-06 09:32:11 AM There are 1 atoms in the mask :2@O5  ...
2018-04-06 09:32:11 AM There are 1 atoms in the mask :2@C1  ...
2018-04-06 09:32:11 AM There are 1 atoms in the mask :2@O1  ...
2018-04-06 09:32:11 AM There are 1 atoms in the mask :3@C4  ...
2018-04-06 09:32:11 AM Calculating attach targets and force constants...
2018-04-06 09:32:11 AM Attach, Method #3
2018-04-06 09:32:11 AM Calculating pull targets and force constants...
2018-04-06 09:32:11 AM Pull, Method #1
2018-04-06 09:32:11 AM Calculating release targets and force constants...
2018-04-06 09:32:11 AM No restraint info set for the release phase! Skipping...
2018-04-06 09:32:11 AM Number of attach windows = 15
2018-04-06 09:32:11 AM Number of pull windows = 46
2018-04-06 09:32:11 AM This restraint will be skipped in the release phase
2018-04-06 09:32:11 AM Assigning atom indices...
2018-04-06 09:32:11 AM There are 1 atoms in the mask :2@C1  ...
2018-04-06 09:32:12 AM There are 1 atoms in the mask :2@O1  ...
2018-04-06 09:32:12 AM There are 1 atoms in the mask :3@C4  ...
2018-04-06 09:32:12 AM There are 1 atoms in the mask :3@C5  ...
2018-04-06 09:32:12 AM Calculating attach targets and force constants...
2018-04-06 09:32:12 AM Attach, Method #3
2018-04-06 09:32:12 AM Calculating pull targets and force constants...
2018-04-06 09:32:12 AM Pull, Method #1
2018-04-06 09:32:12 AM Calculating release targets and force constants...
2018-04-06 09:32:12 AM No restraint info set for the release phase! Skipping...
2018-04-06 09:32:12 AM Number of attach windows = 15
2018-04-06 09:32:12 AM Number of pull windows = 46
2018-04-06 09:32:12 AM This restraint will be skipped in the release phase
2018-04-06 09:32:12 AM Assigning atom indices...
2018-04-06 09:32:12 AM There are 1 atoms in the mask :3@O5  ...
2018-04-06 09:32:12 AM There are 1 atoms in the mask :3@C1  ...
2018-04-06 09:32:12 AM There are 1 atoms in the mask :3@O1  ...
2018-04-06 09:32:12 AM There are 1 atoms in the mask :4@C4  ...
2018-04-06 09:32:12 AM Calculating attach targets and force constants...
2018-04-06 09:32:12 AM Attach, Method #3
2018-04-06 09:32:12 AM Calculating pull targets and force constants...
2018-04-06 09:32:12 AM Pull, Method #1
2018-04-06 09:32:12 AM Calculating release targets and force constants...
2018-04-06 09:32:12 AM No restraint info set for the release phase! Skipping...
2018-04-06 09:32:12 AM Number of attach windows = 15
2018-04-06 09:32:12 AM Number of pull windows = 46
2018-04-06 09:32:12 AM This restraint will be skipped in the release phase
2018-04-06 09:32:12 AM Assigning atom indices...
2018-04-06 09:32:12 AM There are 1 atoms in the mask :3@C1  ...
2018-04-06 09:32:12 AM There are 1 atoms in the mask :3@O1  ...
2018-04-06 09:32:12 AM There are 1 atoms in the mask :4@C4  ...
2018-04-06 09:32:12 AM There are 1 atoms in the mask :4@C5  ...
2018-04-06 09:32:12 AM Calculating attach targets and force constants...
2018-04-06 09:32:12 AM Attach, Method #3
2018-04-06 09:32:12 AM Calculating pull targets and force constants...
2018-04-06 09:32:12 AM Pull, Method #1
2018-04-06 09:32:12 AM Calculating release targets and force constants...
2018-04-06 09:32:12 AM No restraint info set for the release phase! Skipping...
2018-04-06 09:32:12 AM Number of attach windows = 15
2018-04-06 09:32:12 AM Number of pull windows = 46
2018-04-06 09:32:12 AM This restraint will be skipped in the release phase
2018-04-06 09:32:12 AM Assigning atom indices...
2018-04-06 09:32:12 AM There are 1 atoms in the mask :4@O5  ...
2018-04-06 09:32:12 AM There are 1 atoms in the mask :4@C1  ...
2018-04-06 09:32:12 AM There are 1 atoms in the mask :4@O1  ...
2018-04-06 09:32:12 AM There are 1 atoms in the mask :5@C4  ...
2018-04-06 09:32:12 AM Calculating attach targets and force constants...
2018-04-06 09:32:12 AM Attach, Method #3
2018-04-06 09:32:12 AM Calculating pull targets and force constants...
2018-04-06 09:32:12 AM Pull, Method #1
2018-04-06 09:32:12 AM Calculating release targets and force constants...
2018-04-06 09:32:12 AM No restraint info set for the release phase! Skipping...
2018-04-06 09:32:12 AM Number of attach windows = 15
2018-04-06 09:32:12 AM Number of pull windows = 46
2018-04-06 09:32:12 AM This restraint will be skipped in the release phase
2018-04-06 09:32:12 AM Assigning atom indices...
2018-04-06 09:32:12 AM There are 1 atoms in the mask :4@C1  ...
2018-04-06 09:32:12 AM There are 1 atoms in the mask :4@O1  ...
2018-04-06 09:32:12 AM There are 1 atoms in the mask :5@C4  ...
2018-04-06 09:32:12 AM There are 1 atoms in the mask :5@C5  ...
2018-04-06 09:32:12 AM Calculating attach targets and force constants...
2018-04-06 09:32:12 AM Attach, Method #3
2018-04-06 09:32:12 AM Calculating pull targets and force constants...
2018-04-06 09:32:12 AM Pull, Method #1
2018-04-06 09:32:12 AM Calculating release targets and force constants...
2018-04-06 09:32:12 AM No restraint info set for the release phase! Skipping...
2018-04-06 09:32:12 AM Number of attach windows = 15
2018-04-06 09:32:12 AM Number of pull windows = 46
2018-04-06 09:32:12 AM This restraint will be skipped in the release phase
2018-04-06 09:32:12 AM Assigning atom indices...
2018-04-06 09:32:12 AM There are 1 atoms in the mask :5@O5  ...
2018-04-06 09:32:12 AM There are 1 atoms in the mask :5@C1  ...
2018-04-06 09:32:12 AM There are 1 atoms in the mask :5@O1  ...
2018-04-06 09:32:12 AM There are 1 atoms in the mask :6@C4  ...
2018-04-06 09:32:12 AM Calculating attach targets and force constants...
2018-04-06 09:32:12 AM Attach, Method #3
2018-04-06 09:32:12 AM Calculating pull targets and force constants...
2018-04-06 09:32:12 AM Pull, Method #1
2018-04-06 09:32:12 AM Calculating release targets and force constants...
2018-04-06 09:32:12 AM No restraint info set for the release phase! Skipping...
2018-04-06 09:32:12 AM Number of attach windows = 15
2018-04-06 09:32:12 AM Number of pull windows = 46
2018-04-06 09:32:12 AM This restraint will be skipped in the release phase
2018-04-06 09:32:12 AM Assigning atom indices...
2018-04-06 09:32:12 AM There are 1 atoms in the mask :5@C1  ...
2018-04-06 09:32:12 AM There are 1 atoms in the mask :5@O1  ...
2018-04-06 09:32:12 AM There are 1 atoms in the mask :6@C4  ...
2018-04-06 09:32:12 AM There are 1 atoms in the mask :6@C5  ...
2018-04-06 09:32:12 AM Calculating attach targets and force constants...
2018-04-06 09:32:12 AM Attach, Method #3
2018-04-06 09:32:12 AM Calculating pull targets and force constants...
2018-04-06 09:32:12 AM Pull, Method #1
2018-04-06 09:32:12 AM Calculating release targets and force constants...
2018-04-06 09:32:12 AM No restraint info set for the release phase! Skipping...
2018-04-06 09:32:12 AM Number of attach windows = 15
2018-04-06 09:32:12 AM Number of pull windows = 46
2018-04-06 09:32:12 AM This restraint will be skipped in the release phase
2018-04-06 09:32:12 AM Assigning atom indices...
2018-04-06 09:32:13 AM There are 1 atoms in the mask :6@O5  ...
2018-04-06 09:32:13 AM There are 1 atoms in the mask :6@C1  ...
2018-04-06 09:32:13 AM There are 1 atoms in the mask :6@O1  ...
2018-04-06 09:32:13 AM There are 1 atoms in the mask :1@C4  ...
2018-04-06 09:32:13 AM Calculating attach targets and force constants...
2018-04-06 09:32:13 AM Attach, Method #3
2018-04-06 09:32:13 AM Calculating pull targets and force constants...
2018-04-06 09:32:13 AM Pull, Method #1
2018-04-06 09:32:13 AM Calculating release targets and force constants...
2018-04-06 09:32:13 AM No restraint info set for the release phase! Skipping...
2018-04-06 09:32:13 AM Number of attach windows = 15
2018-04-06 09:32:13 AM Number of pull windows = 46
2018-04-06 09:32:13 AM This restraint will be skipped in the release phase
2018-04-06 09:32:13 AM Assigning atom indices...
2018-04-06 09:32:13 AM There are 1 atoms in the mask :6@C1  ...
2018-04-06 09:32:13 AM There are 1 atoms in the mask :6@O1  ...
2018-04-06 09:32:13 AM There are 1 atoms in the mask :1@C4  ...
2018-04-06 09:32:13 AM There are 1 atoms in the mask :1@C5  ...
2018-04-06 09:32:13 AM Calculating attach targets and force constants...
2018-04-06 09:32:13 AM Attach, Method #3
2018-04-06 09:32:13 AM Calculating pull targets and force constants...
2018-04-06 09:32:13 AM No restraint info set for the pull phase! Skipping...
2018-04-06 09:32:13 AM Calculating release targets and force constants...
2018-04-06 09:32:13 AM No restraint info set for the release phase! Skipping...
2018-04-06 09:32:13 AM Number of attach windows = 15
2018-04-06 09:32:13 AM This restraint will be skipped in the pull phase
2018-04-06 09:32:13 AM This restraint will be skipped in the release phase
2018-04-06 09:32:13 AM Assigning atom indices...
2018-04-06 09:32:13 AM There are 1 atoms in the mask :1@O2  ...
2018-04-06 09:32:13 AM There are 1 atoms in the mask :7@C4  ...
2018-04-06 09:32:13 AM Calculating attach targets and force constants...
2018-04-06 09:32:13 AM Attach, Method #3
2018-04-06 09:32:13 AM Calculating pull targets and force constants...
2018-04-06 09:32:13 AM No restraint info set for the pull phase! Skipping...
2018-04-06 09:32:13 AM Calculating release targets and force constants...
2018-04-06 09:32:13 AM No restraint info set for the release phase! Skipping...
2018-04-06 09:32:13 AM Number of attach windows = 15
2018-04-06 09:32:13 AM This restraint will be skipped in the pull phase
2018-04-06 09:32:13 AM This restraint will be skipped in the release phase
2018-04-06 09:32:13 AM Assigning atom indices...
2018-04-06 09:32:13 AM There are 1 atoms in the mask :1@O6  ...
2018-04-06 09:32:13 AM There are 1 atoms in the mask :7@C4  ...
2018-04-06 09:32:13 AM Calculating attach targets and force constants...
2018-04-06 09:32:13 AM Attach, Method #3
2018-04-06 09:32:13 AM Calculating pull targets and force constants...
2018-04-06 09:32:13 AM No restraint info set for the pull phase! Skipping...
2018-04-06 09:32:13 AM Calculating release targets and force constants...
2018-04-06 09:32:13 AM No restraint info set for the release phase! Skipping...
2018-04-06 09:32:13 AM Number of attach windows = 15
2018-04-06 09:32:13 AM This restraint will be skipped in the pull phase
2018-04-06 09:32:13 AM This restraint will be skipped in the release phase
2018-04-06 09:32:13 AM Assigning atom indices...
2018-04-06 09:32:13 AM There are 1 atoms in the mask :2@O2  ...
2018-04-06 09:32:13 AM There are 1 atoms in the mask :7@C4  ...
2018-04-06 09:32:13 AM Calculating attach targets and force constants...
2018-04-06 09:32:13 AM Attach, Method #3
2018-04-06 09:32:13 AM Calculating pull targets and force constants...
2018-04-06 09:32:13 AM No restraint info set for the pull phase! Skipping...
2018-04-06 09:32:13 AM Calculating release targets and force constants...
2018-04-06 09:32:13 AM No restraint info set for the release phase! Skipping...
2018-04-06 09:32:13 AM Number of attach windows = 15
2018-04-06 09:32:13 AM This restraint will be skipped in the pull phase
2018-04-06 09:32:13 AM This restraint will be skipped in the release phase
2018-04-06 09:32:13 AM Assigning atom indices...
2018-04-06 09:32:13 AM There are 1 atoms in the mask :2@O6  ...
2018-04-06 09:32:13 AM There are 1 atoms in the mask :7@C4  ...
2018-04-06 09:32:13 AM Calculating attach targets and force constants...
2018-04-06 09:32:13 AM Attach, Method #3
2018-04-06 09:32:13 AM Calculating pull targets and force constants...
2018-04-06 09:32:13 AM No restraint info set for the pull phase! Skipping...
2018-04-06 09:32:13 AM Calculating release targets and force constants...
2018-04-06 09:32:13 AM No restraint info set for the release phase! Skipping...
2018-04-06 09:32:13 AM Number of attach windows = 15
2018-04-06 09:32:13 AM This restraint will be skipped in the pull phase
2018-04-06 09:32:13 AM This restraint will be skipped in the release phase
2018-04-06 09:32:13 AM Assigning atom indices...
2018-04-06 09:32:13 AM There are 1 atoms in the mask :3@O2  ...
2018-04-06 09:32:13 AM There are 1 atoms in the mask :7@C4  ...
2018-04-06 09:32:13 AM Calculating attach targets and force constants...
2018-04-06 09:32:13 AM Attach, Method #3
2018-04-06 09:32:13 AM Calculating pull targets and force constants...
2018-04-06 09:32:13 AM No restraint info set for the pull phase! Skipping...
2018-04-06 09:32:13 AM Calculating release targets and force constants...
2018-04-06 09:32:13 AM No restraint info set for the release phase! Skipping...
2018-04-06 09:32:13 AM Number of attach windows = 15
2018-04-06 09:32:13 AM This restraint will be skipped in the pull phase
2018-04-06 09:32:13 AM This restraint will be skipped in the release phase
2018-04-06 09:32:13 AM Assigning atom indices...
2018-04-06 09:32:13 AM There are 1 atoms in the mask :3@O6  ...
2018-04-06 09:32:13 AM There are 1 atoms in the mask :7@C4  ...
2018-04-06 09:32:13 AM Calculating attach targets and force constants...
2018-04-06 09:32:13 AM Attach, Method #3
2018-04-06 09:32:13 AM Calculating pull targets and force constants...
2018-04-06 09:32:13 AM No restraint info set for the pull phase! Skipping...
2018-04-06 09:32:13 AM Calculating release targets and force constants...
2018-04-06 09:32:13 AM No restraint info set for the release phase! Skipping...
2018-04-06 09:32:13 AM Number of attach windows = 15
2018-04-06 09:32:13 AM This restraint will be skipped in the pull phase
2018-04-06 09:32:13 AM This restraint will be skipped in the release phase
2018-04-06 09:32:13 AM Assigning atom indices...
2018-04-06 09:32:13 AM There are 1 atoms in the mask :4@O2  ...
2018-04-06 09:32:13 AM There are 1 atoms in the mask :7@C4  ...
2018-04-06 09:32:13 AM Calculating attach targets and force constants...
2018-04-06 09:32:13 AM Attach, Method #3
2018-04-06 09:32:13 AM Calculating pull targets and force constants...
2018-04-06 09:32:13 AM No restraint info set for the pull phase! Skipping...
2018-04-06 09:32:13 AM Calculating release targets and force constants...
2018-04-06 09:32:13 AM No restraint info set for the release phase! Skipping...
2018-04-06 09:32:13 AM Number of attach windows = 15
2018-04-06 09:32:13 AM This restraint will be skipped in the pull phase
2018-04-06 09:32:13 AM This restraint will be skipped in the release phase
2018-04-06 09:32:13 AM Assigning atom indices...
2018-04-06 09:32:13 AM There are 1 atoms in the mask :4@O6  ...
2018-04-06 09:32:13 AM There are 1 atoms in the mask :7@C4  ...
2018-04-06 09:32:13 AM Calculating attach targets and force constants...
2018-04-06 09:32:13 AM Attach, Method #3
2018-04-06 09:32:13 AM Calculating pull targets and force constants...
2018-04-06 09:32:13 AM No restraint info set for the pull phase! Skipping...
2018-04-06 09:32:13 AM Calculating release targets and force constants...
2018-04-06 09:32:13 AM No restraint info set for the release phase! Skipping...
2018-04-06 09:32:13 AM Number of attach windows = 15
2018-04-06 09:32:13 AM This restraint will be skipped in the pull phase
2018-04-06 09:32:13 AM This restraint will be skipped in the release phase
2018-04-06 09:32:13 AM Assigning atom indices...
2018-04-06 09:32:13 AM There are 1 atoms in the mask :5@O2  ...
2018-04-06 09:32:13 AM There are 1 atoms in the mask :7@C4  ...
2018-04-06 09:32:13 AM Calculating attach targets and force constants...
2018-04-06 09:32:13 AM Attach, Method #3
2018-04-06 09:32:13 AM Calculating pull targets and force constants...
2018-04-06 09:32:13 AM No restraint info set for the pull phase! Skipping...
2018-04-06 09:32:13 AM Calculating release targets and force constants...
2018-04-06 09:32:13 AM No restraint info set for the release phase! Skipping...
2018-04-06 09:32:13 AM Number of attach windows = 15
2018-04-06 09:32:13 AM This restraint will be skipped in the pull phase
2018-04-06 09:32:13 AM This restraint will be skipped in the release phase
2018-04-06 09:32:13 AM Assigning atom indices...
2018-04-06 09:32:14 AM There are 1 atoms in the mask :5@O6  ...
2018-04-06 09:32:14 AM There are 1 atoms in the mask :7@C4  ...
2018-04-06 09:32:14 AM Calculating attach targets and force constants...
2018-04-06 09:32:14 AM Attach, Method #3
2018-04-06 09:32:14 AM Calculating pull targets and force constants...
2018-04-06 09:32:14 AM No restraint info set for the pull phase! Skipping...
2018-04-06 09:32:14 AM Calculating release targets and force constants...
2018-04-06 09:32:14 AM No restraint info set for the release phase! Skipping...
2018-04-06 09:32:14 AM Number of attach windows = 15
2018-04-06 09:32:14 AM This restraint will be skipped in the pull phase
2018-04-06 09:32:14 AM This restraint will be skipped in the release phase
2018-04-06 09:32:14 AM Assigning atom indices...
2018-04-06 09:32:14 AM There are 1 atoms in the mask :6@O2  ...
2018-04-06 09:32:14 AM There are 1 atoms in the mask :7@C4  ...
2018-04-06 09:32:14 AM Calculating attach targets and force constants...
2018-04-06 09:32:14 AM Attach, Method #3
2018-04-06 09:32:14 AM Calculating pull targets and force constants...
2018-04-06 09:32:14 AM No restraint info set for the pull phase! Skipping...
2018-04-06 09:32:14 AM Calculating release targets and force constants...
2018-04-06 09:32:14 AM No restraint info set for the release phase! Skipping...
2018-04-06 09:32:14 AM Number of attach windows = 15
2018-04-06 09:32:14 AM This restraint will be skipped in the pull phase
2018-04-06 09:32:14 AM This restraint will be skipped in the release phase
2018-04-06 09:32:14 AM Assigning atom indices...
2018-04-06 09:32:14 AM There are 1 atoms in the mask :6@O6  ...
2018-04-06 09:32:14 AM There are 1 atoms in the mask :7@C4  ...
2018-04-06 09:32:14 AM Calculating attach targets and force constants...
2018-04-06 09:32:14 AM Attach, Method #3
2018-04-06 09:32:14 AM Calculating pull targets and force constants...
2018-04-06 09:32:14 AM No restraint info set for the pull phase! Skipping...
2018-04-06 09:32:14 AM Calculating release targets and force constants...
2018-04-06 09:32:14 AM No restraint info set for the release phase! Skipping...
2018-04-06 09:32:14 AM Number of attach windows = 15
2018-04-06 09:32:14 AM This restraint will be skipped in the pull phase
2018-04-06 09:32:14 AM This restraint will be skipped in the release phase
2018-04-06 09:32:14 AM Assigning atom indices...
2018-04-06 09:32:14 AM There are 1 atoms in the mask :9  ...
2018-04-06 09:32:14 AM There are 1 atoms in the mask :7@C4  ...
2018-04-06 09:32:14 AM There are 1 atoms in the mask :7@N1  ...
2018-04-06 09:32:30 AM All restraints are "continuous_apr" style.
2018-04-06 09:32:30 AM Restraints appear to be consistent
