Warning: remote port forwarding failed for listen port 52698
receiving file list ... done
./
MGO.mol2
dum.mol2
full.crds
full.hmr.topo
hep.mol2
mdin

sent 191 bytes  received 1,397,744 bytes  931,956.67 bytes/sec
total size is 1,397,161  speedup is 1.00
rsync -armv -e "ssh" --include="mdin" --include="full.crds" --include="full.hmr.topo" --include="*.mol2" --exclude="*" davids4@kirkwood:/data/nhenriksen/projects/cds/wat6/bgbg-tip3p/b-hep-s/a00/ .
Warning: remote port forwarding failed for listen port 52698
receiving file list ... done

sent 74 bytes  received 158 bytes  154.67 bytes/sec
total size is 1,397,161  speedup is 6,022.25
rsync -armv -e "ssh" --include="mdin" --include="full.crds" --include="full.hmr.topo" --include="*.mol2" --exclude="*" davids4@kirkwood:/data/nhenriksen/projects/cds/wat6/bgbg-tip3p/b-hep-s/a00/ .
receiving file list ... done
./
b-hep-s.pdb

sent 57 bytes  received 17,355 bytes  34,824.00 bytes/sec
total size is 17,223  speedup is 0.99
rsync -armv -e "ssh" --include="b-hep-s.pdb" --exclude="*" davids4@kirkwood:/data/nhenriksen/projects/cds/wat6/bgbg-tip3p/b-hep-s/a00/ .
Warning: remote port forwarding failed for listen port 52698
receiving file list ... done

sent 35 bytes  received 86 bytes  242.00 bytes/sec
total size is 17,223  speedup is 142.34
rsync -armv -e "ssh" --include="b-hep-s.pdb" --exclude="*" davids4@kirkwood:/data/nhenriksen/projects/cds/wat6/bgbg-tip3p/b-hep-s/a00/ .
