
CPPTRAJ: Trajectory Analysis. V17.00
    ___  ___  ___  ___
     | \/ | \/ | \/ | 
    _|_/\_|_/\_|_/\_|_

| Date/time: 07/12/18 11:34:58
| Available memory: 7.296 GB

INPUT: Reading input from '/home/dslochower/hgst-3tb-data/projects/smirnoff-host-guest-simulations/systems/a-cbu-p/smirnoff/p022/smirnoff.pdb.in'
  [parm /home/dslochower/hgst-3tb-data/projects/smirnoff-host-guest-simulations/systems/a-cbu-p/smirnoff/p022/full.hmr.topo]
	Reading '/home/dslochower/hgst-3tb-data/projects/smirnoff-host-guest-simulations/systems/a-cbu-p/smirnoff/p022/full.hmr.topo' as Amber Topology
	Radius Set: modified Bondi radii (mbondi)
  [trajin /home/dslochower/hgst-3tb-data/projects/smirnoff-host-guest-simulations/systems/a-cbu-p/smirnoff/p022/full.crds]
	Reading '/home/dslochower/hgst-3tb-data/projects/smirnoff-host-guest-simulations/systems/a-cbu-p/smirnoff/p022/full.crds' as Amber Restart
  [trajout /home/dslochower/hgst-3tb-data/projects/smirnoff-host-guest-simulations/systems/a-cbu-p/smirnoff/p022/smirnoff.pdb conect]
	Writing '/home/dslochower/hgst-3tb-data/projects/smirnoff-host-guest-simulations/systems/a-cbu-p/smirnoff/p022/smirnoff.pdb' as PDB
---------- RUN BEGIN -------------------------------------------------

PARAMETER FILES (1 total):
 0: full.hmr.topo, 6154 atoms, 2022 res, box: Orthogonal, 2017 mol, 2000 solvent

INPUT TRAJECTORIES (1 total):
 0: 'full.crds' is an AMBER restart file, no velocities, Parm full.hmr.topo (Orthogonal box) (reading 1 of 1)
  Coordinate processing will occur on 1 frames.

OUTPUT TRAJECTORIES (1 total):
  'smirnoff.pdb' (1 frames) is a PDB file with CONECT records

BEGIN TRAJECTORY PROCESSING:
Warning: No PDB space group specified.
----- full.crds (1-1, 1) -----
100% Complete.

Read 1 frames and processed 1 frames.
TIME: Avg. throughput= 37.2912 frames / second.

ACTION OUTPUT:

RUN TIMING:
TIME:		Init               : 0.0000 s (  0.06%)
TIME:		Trajectory Process : 0.0268 s ( 79.16%)
TIME:		Action Post        : 0.0000 s (  0.00%)
TIME:		Analysis           : 0.0000 s (  0.00%)
TIME:		Data File Write    : 0.0000 s (  0.00%)
TIME:		Other              : 0.0070 s (  0.21%)
TIME:	Run Total 0.0339 s
---------- RUN END ---------------------------------------------------
TIME: Total execution time: 0.0525 seconds.
--------------------------------------------------------------------------------
To cite CPPTRAJ use:
Daniel R. Roe and Thomas E. Cheatham, III, "PTRAJ and CPPTRAJ: Software for
  Processing and Analysis of Molecular Dynamics Trajectory Data". J. Chem.
  Theory Comput., 2013, 9 (7), pp 3084-3095.

