Warning: remote port forwarding failed for listen port 52698
receiving file list ... done
./
MGO.mol2
dum.mol2
full.crds
full.hmr.topo
mdin
pnt.mol2

sent 191 bytes  received 1,394,513 bytes  929,802.67 bytes/sec
total size is 1,393,926  speedup is 1.00
rsync -armv -e "ssh" --include="mdin" --include="full.crds" --include="full.hmr.topo" --include="*.mol2" --exclude="*" davids4@kirkwood:/data/nhenriksen/projects/cds/wat6/bgbg-tip3p/b-pnt-p/a00/ .
Warning: remote port forwarding failed for listen port 52698
receiving file list ... done

sent 74 bytes  received 162 bytes  472.00 bytes/sec
total size is 1,393,926  speedup is 5,906.47
rsync -armv -e "ssh" --include="mdin" --include="full.crds" --include="full.hmr.topo" --include="*.mol2" --exclude="*" davids4@kirkwood:/data/nhenriksen/projects/cds/wat6/bgbg-tip3p/b-pnt-p/a00/ .
Warning: remote port forwarding failed for listen port 52698
receiving file list ... done
./
b-pnt-p.pdb

sent 57 bytes  received 16,749 bytes  33,612.00 bytes/sec
total size is 16,617  speedup is 0.99
rsync -armv -e "ssh" --include="b-pnt-p.pdb" --exclude="*" davids4@kirkwood:/data/nhenriksen/projects/cds/wat6/bgbg-tip3p/b-pnt-p/a00/ .
