Warning: remote port forwarding failed for listen port 52698
receiving file list ... done
./
MGO.mol2
dum.mol2
full.crds
full.hmr.topo
mdin
oam.mol2

sent 191 bytes  received 1,267,988 bytes  2,536,358.00 bytes/sec
total size is 1,267,425  speedup is 1.00
rsync -armv -e "ssh" --include="mdin" --include="full.crds" --include="full.hmr.topo" --include="*.mol2" --exclude="*" davids4@kirkwood:/data/nhenriksen/projects/cds/wat6/bgbg-tip3p/a-oam-p/a00/ .
Warning: remote port forwarding failed for listen port 52698
receiving file list ... done

sent 74 bytes  received 154 bytes  456.00 bytes/sec
total size is 1,267,425  speedup is 5,558.88
rsync -armv -e "ssh" --include="mdin" --include="full.crds" --include="full.hmr.topo" --include="*.mol2" --exclude="*" davids4@kirkwood:/data/nhenriksen/projects/cds/wat6/bgbg-tip3p/a-oam-p/a00/ .
receiving file list ... done
./
a-oam-p.pdb

sent 57 bytes  received 15,931 bytes  10,658.67 bytes/sec
total size is 15,799  speedup is 0.99
rsync -armv -e "ssh" --include="a-oam-p.pdb" --exclude="*" davids4@kirkwood:/data/nhenriksen/projects/cds/wat6/bgbg-tip3p/a-oam-p/a00/ .
