Warning: remote port forwarding failed for listen port 52698
receiving file list ... done
./
MGO.mol2
chp.mol2
dum.mol2
full.crds
full.hmr.topo
mdin

sent 191 bytes  received 1,263,334 bytes  2,527,050.00 bytes/sec
total size is 1,262,767  speedup is 1.00
rsync -armv -e "ssh" --include="mdin" --include="full.crds" --include="full.hmr.topo" --include="*.mol2" --exclude="*" davids4@kirkwood:/data/nhenriksen/projects/cds/wat6/bgbg-tip3p/a-chp-p/a00/ .
Warning: remote port forwarding failed for listen port 52698
receiving file list ... done

sent 74 bytes  received 158 bytes  464.00 bytes/sec
total size is 1,262,767  speedup is 5,442.96
rsync -armv -e "ssh" --include="mdin" --include="full.crds" --include="full.hmr.topo" --include="*.mol2" --exclude="*" davids4@kirkwood:/data/nhenriksen/projects/cds/wat6/bgbg-tip3p/a-chp-p/a00/ .
receiving file list ... done
./
a-chp-p.pdb

sent 57 bytes  received 15,278 bytes  30,670.00 bytes/sec
total size is 15,146  speedup is 0.99
rsync -armv -e "ssh" --include="a-chp-p.pdb" --exclude="*" davids4@kirkwood:/data/nhenriksen/projects/cds/wat6/bgbg-tip3p/a-chp-p/a00/ .
receiving file list ... done

sent 35 bytes  received 86 bytes  242.00 bytes/sec
total size is 15,146  speedup is 125.17
rsync -armv -e "ssh" --include="a-chp-p.pdb" --exclude="*" davids4@kirkwood:/data/nhenriksen/projects/cds/wat6/bgbg-tip3p/a-chp-p/a00/ .
receiving file list ... done

sent 35 bytes  received 86 bytes  80.67 bytes/sec
total size is 15,146  speedup is 125.17
rsync -armv -e "ssh" --include="a-chp-p.pdb" --exclude="*" davids4@kirkwood:/data/nhenriksen/projects/cds/wat6/bgbg-tip3p/a-chp-p/a00/ .
Warning: remote port forwarding failed for listen port 52698
receiving file list ... done

sent 35 bytes  received 86 bytes  242.00 bytes/sec
total size is 15,146  speedup is 125.17
rsync -armv -e "ssh" --include="a-chp-p.pdb" --exclude="*" davids4@kirkwood:/data/nhenriksen/projects/cds/wat6/bgbg-tip3p/a-chp-p/a00/ .
