
CPPTRAJ: Trajectory Analysis. V17.00
    ___  ___  ___  ___
     | \/ | \/ | \/ | 
    _|_/\_|_/\_|_/\_|_

| Date/time: 07/13/18 13:43:12
| Available memory: 3.760 GB

INPUT: Reading input from 'systems/b-mch-s/smirnoff/p035/smirnoff.pdb.in'
  [parm systems/b-mch-s/smirnoff/p035/full.hmr.topo]
	Reading 'systems/b-mch-s/smirnoff/p035/full.hmr.topo' as Amber Topology
	Radius Set: modified Bondi radii (mbondi)
  [trajin systems/b-mch-s/smirnoff/p035/full.crds]
	Reading 'systems/b-mch-s/smirnoff/p035/full.crds' as Amber Restart
  [trajout systems/b-mch-s/smirnoff/p035/smirnoff.pdb conect]
	Writing 'systems/b-mch-s/smirnoff/p035/smirnoff.pdb' as PDB
---------- RUN BEGIN -------------------------------------------------

PARAMETER FILES (1 total):
 0: full.hmr.topo, 6814 atoms, 2233 res, box: Orthogonal, 2227 mol, 2210 solvent

INPUT TRAJECTORIES (1 total):
 0: 'full.crds' is an AMBER restart file, no velocities, Parm full.hmr.topo (Orthogonal box) (reading 1 of 1)
  Coordinate processing will occur on 1 frames.

OUTPUT TRAJECTORIES (1 total):
  'smirnoff.pdb' (1 frames) is a PDB file with CONECT records

BEGIN TRAJECTORY PROCESSING:
Warning: No PDB space group specified.
----- full.crds (1-1, 1) -----
100% Complete.

Read 1 frames and processed 1 frames.
TIME: Avg. throughput= 25.2175 frames / second.

ACTION OUTPUT:

RUN TIMING:
TIME:		Init               : 0.0000 s (  0.05%)
TIME:		Trajectory Process : 0.0397 s ( 81.38%)
TIME:		Action Post        : 0.0000 s (  0.00%)
TIME:		Analysis           : 0.0000 s (  0.00%)
TIME:		Data File Write    : 0.0000 s (  0.00%)
TIME:		Other              : 0.0090 s (  0.19%)
TIME:	Run Total 0.0487 s
---------- RUN END ---------------------------------------------------
TIME: Total execution time: 0.0882 seconds.
--------------------------------------------------------------------------------
To cite CPPTRAJ use:
Daniel R. Roe and Thomas E. Cheatham, III, "PTRAJ and CPPTRAJ: Software for
  Processing and Analysis of Molecular Dynamics Trajectory Data". J. Chem.
  Theory Comput., 2013, 9 (7), pp 3084-3095.

