
CPPTRAJ: Trajectory Analysis. V17.00
    ___  ___  ___  ___
     | \/ | \/ | \/ | 
    _|_/\_|_/\_|_/\_|_

| Date/time: 07/13/18 06:37:37
| Available memory: 15.069 GB

INPUT: Reading input from '/home/dslochower/hgst-3tb-data/projects/smirnoff-host-guest-simulations/systems/a-mba-s/smirnoff/a000/mba.mol2.in'
  [parm /home/dslochower/hgst-3tb-data/projects/smirnoff-host-guest-simulations/systems/a-mba-s/smirnoff/a000/full.hmr.topo]
	Reading '/home/dslochower/hgst-3tb-data/projects/smirnoff-host-guest-simulations/systems/a-mba-s/smirnoff/a000/full.hmr.topo' as Amber Topology
	Radius Set: modified Bondi radii (mbondi)
  [trajin /home/dslochower/hgst-3tb-data/projects/smirnoff-host-guest-simulations/systems/a-mba-s/smirnoff/a000/smirnoff.pdb]
	Reading '/home/dslochower/hgst-3tb-data/projects/smirnoff-host-guest-simulations/systems/a-mba-s/smirnoff/a000/smirnoff.pdb' as PDB
	Read CRYST1 info from PDB: a=37.968 b=39.303 c=57.153 alpha=90 beta=90 gamma=90
  [mask ":MBA" maskmol2 /home/dslochower/hgst-3tb-data/projects/smirnoff-host-guest-simulations/systems/a-mba-s/smirnoff/a000/mba.mol2]
	Writing '/home/dslochower/hgst-3tb-data/projects/smirnoff-host-guest-simulations/systems/a-mba-s/smirnoff/a000/mba.mol2' as Mol2
    ACTIONMASK: Information on atoms in mask :MBA will be printed.
	Mol2s of atoms in mask will be written to /home/dslochower/hgst-3tb-data/projects/smirnoff-host-guest-simulations/systems/a-mba-s/smirnoff/a000/mba.mol2.X
---------- RUN BEGIN -------------------------------------------------

PARAMETER FILES (1 total):
 0: full.hmr.topo, 6162 atoms, 2023 res, box: Orthogonal, 2018 mol, 2000 solvent

INPUT TRAJECTORIES (1 total):
 0: 'smirnoff.pdb' is a PDB file, Parm full.hmr.topo (Orthogonal box) (reading 1 of 1)
  Coordinate processing will occur on 1 frames.

BEGIN TRAJECTORY PROCESSING:
.....................................................
ACTION SETUP FOR PARM 'full.hmr.topo' (1 actions):
  0: [mask ":MBA" maskmol2 /home/dslochower/hgst-3tb-data/projects/smirnoff-host-guest-simulations/systems/a-mba-s/smirnoff/a000/mba.mol2]
----- smirnoff.pdb (1-1, 1) -----
	Read CRYST1 info from PDB: a=37.968 b=39.303 c=57.153 alpha=90 beta=90 gamma=90
100% Complete.

Read 1 frames and processed 1 frames.
TIME: Avg. throughput= 195.9632 frames / second.

ACTION OUTPUT:

RUN TIMING:
TIME:		Init               : 0.0000 s (  0.29%)
TIME:		Trajectory Process : 0.0051 s ( 99.34%)
TIME:		Action Post        : 0.0000 s (  0.00%)
TIME:		Analysis           : 0.0000 s (  0.00%)
TIME:		Data File Write    : 0.0000 s (  0.02%)
TIME:		Other              : 0.0000 s (  0.00%)
TIME:	Run Total 0.0051 s
---------- RUN END ---------------------------------------------------
TIME: Total execution time: 0.0199 seconds.
--------------------------------------------------------------------------------
To cite CPPTRAJ use:
Daniel R. Roe and Thomas E. Cheatham, III, "PTRAJ and CPPTRAJ: Software for
  Processing and Analysis of Molecular Dynamics Trajectory Data". J. Chem.
  Theory Comput., 2013, 9 (7), pp 3084-3095.

