Warning: remote port forwarding failed for listen port 52698
receiving file list ... done
./
MGO.mol2
dum.mol2
full.crds
full.hmr.topo
ham.mol2
mdin

sent 191 bytes  received 1,398,473 bytes  2,797,328.00 bytes/sec
total size is 1,397,890  speedup is 1.00
rsync -armv -e "ssh" --include="mdin" --include="full.crds" --include="full.hmr.topo" --include="*.mol2" --exclude="*" davids4@kirkwood:/data/nhenriksen/projects/cds/wat6/bgbg-tip3p/b-ham-s/a00/ .
Warning: remote port forwarding failed for listen port 52698
receiving file list ... done

sent 74 bytes  received 158 bytes  464.00 bytes/sec
total size is 1,397,890  speedup is 6,025.39
rsync -armv -e "ssh" --include="mdin" --include="full.crds" --include="full.hmr.topo" --include="*.mol2" --exclude="*" davids4@kirkwood:/data/nhenriksen/projects/cds/wat6/bgbg-tip3p/b-ham-s/a00/ .
receiving file list ... done
./
b-ham-s.pdb

sent 57 bytes  received 17,456 bytes  2,060.35 bytes/sec
total size is 17,324  speedup is 0.99
rsync -armv -e "ssh" --include="b-ham-s.pdb" --exclude="*" davids4@kirkwood:/data/nhenriksen/projects/cds/wat6/bgbg-tip3p/b-ham-s/a00/ .
