Warning: remote port forwarding failed for listen port 52698
/etc/bashrc: line 96: /usr/local/programs/g09/bsd/g09.profile: Permission denied
receiving file list ... done
./
MGO.mol2
bam.mol2
disang.rest
eqnpt.in
full.crds
full.hmr.topo
mdin
mini.in
therm1.in
therm2.in

sent 357 bytes  received 1268688 bytes  846030.00 bytes/sec
total size is 1267885  speedup is 1.00
rsync -armv -e "ssh" --include="mini.in" --include="therm1.in" --include="therm2.in" --include="eqnpt.in" --include="mdin" --include="full.crds" --include="full.hmr.topo" --include="disang.rest" --include="MGO.mol2" --include="bam.mol2" --exclude="*" davids4@kirkwood:/data/nhenriksen/projects/cds/wat6/bgbg-tip3p/a-bam-p/a00/ a00/original/
Warning: remote port forwarding failed for listen port 52698
/etc/bashrc: line 96: /usr/local/programs/g09/bsd/g09.profile: Permission denied
receiving file list ... done
./
MGO.mol2
bam.mol2
disang.rest
eqnpt.in
full.crds
full.hmr.topo
mdin
mini.in
therm1.in
therm2.in

sent 357 bytes  received 1268688 bytes  2538090.00 bytes/sec
total size is 1267885  speedup is 1.00
rsync -armv -e "ssh" --include="mini.in" --include="therm1.in" --include="therm2.in" --include="eqnpt.in" --include="mdin" --include="full.crds" --include="full.hmr.topo" --include="disang.rest" --include="MGO.mol2" --include="bam.mol2" --exclude="*" davids4@kirkwood:/data/nhenriksen/projects/cds/wat6/bgbg-tip3p/a-bam-p/a01/ a01/original/
Warning: remote port forwarding failed for listen port 52698
/etc/bashrc: line 96: /usr/local/programs/g09/bsd/g09.profile: Permission denied
receiving file list ... done
./
MGO.mol2
bam.mol2
disang.rest
eqnpt.in
full.crds
full.hmr.topo
mdin
mini.in
therm1.in
therm2.in

sent 357 bytes  received 1268688 bytes  2538090.00 bytes/sec
total size is 1267885  speedup is 1.00
rsync -armv -e "ssh" --include="mini.in" --include="therm1.in" --include="therm2.in" --include="eqnpt.in" --include="mdin" --include="full.crds" --include="full.hmr.topo" --include="disang.rest" --include="MGO.mol2" --include="bam.mol2" --exclude="*" davids4@kirkwood:/data/nhenriksen/projects/cds/wat6/bgbg-tip3p/a-bam-p/a02/ a02/original/
Warning: remote port forwarding failed for listen port 52698
/etc/bashrc: line 96: /usr/local/programs/g09/bsd/g09.profile: Permission denied
receiving file list ... done
./
MGO.mol2
bam.mol2
disang.rest
eqnpt.in
full.crds
full.hmr.topo
mdin
mini.in
therm1.in
therm2.in

sent 357 bytes  received 1268688 bytes  2538090.00 bytes/sec
total size is 1267885  speedup is 1.00
rsync -armv -e "ssh" --include="mini.in" --include="therm1.in" --include="therm2.in" --include="eqnpt.in" --include="mdin" --include="full.crds" --include="full.hmr.topo" --include="disang.rest" --include="MGO.mol2" --include="bam.mol2" --exclude="*" davids4@kirkwood:/data/nhenriksen/projects/cds/wat6/bgbg-tip3p/a-bam-p/a03/ a03/original/
Warning: remote port forwarding failed for listen port 52698
/etc/bashrc: line 96: /usr/local/programs/g09/bsd/g09.profile: Permission denied
receiving file list ... done
./
MGO.mol2
bam.mol2
disang.rest
eqnpt.in
full.crds
full.hmr.topo
mdin
mini.in
therm1.in
therm2.in

sent 357 bytes  received 1268688 bytes  846030.00 bytes/sec
total size is 1267885  speedup is 1.00
rsync -armv -e "ssh" --include="mini.in" --include="therm1.in" --include="therm2.in" --include="eqnpt.in" --include="mdin" --include="full.crds" --include="full.hmr.topo" --include="disang.rest" --include="MGO.mol2" --include="bam.mol2" --exclude="*" davids4@kirkwood:/data/nhenriksen/projects/cds/wat6/bgbg-tip3p/a-bam-p/a04/ a04/original/
Warning: remote port forwarding failed for listen port 52698
/etc/bashrc: line 96: /usr/local/programs/g09/bsd/g09.profile: Permission denied
receiving file list ... done
./
MGO.mol2
bam.mol2
disang.rest
eqnpt.in
full.crds
full.hmr.topo
mdin
mini.in
therm1.in
therm2.in

sent 357 bytes  received 1268689 bytes  2538092.00 bytes/sec
total size is 1267886  speedup is 1.00
rsync -armv -e "ssh" --include="mini.in" --include="therm1.in" --include="therm2.in" --include="eqnpt.in" --include="mdin" --include="full.crds" --include="full.hmr.topo" --include="disang.rest" --include="MGO.mol2" --include="bam.mol2" --exclude="*" davids4@kirkwood:/data/nhenriksen/projects/cds/wat6/bgbg-tip3p/a-bam-p/a05/ a05/original/
Warning: remote port forwarding failed for listen port 52698
/etc/bashrc: line 96: /usr/local/programs/g09/bsd/g09.profile: Permission denied
receiving file list ... done
./
MGO.mol2
bam.mol2
disang.rest
eqnpt.in
full.crds
full.hmr.topo
mdin
mini.in
therm1.in
therm2.in

sent 357 bytes  received 1268690 bytes  2538094.00 bytes/sec
total size is 1267887  speedup is 1.00
rsync -armv -e "ssh" --include="mini.in" --include="therm1.in" --include="therm2.in" --include="eqnpt.in" --include="mdin" --include="full.crds" --include="full.hmr.topo" --include="disang.rest" --include="MGO.mol2" --include="bam.mol2" --exclude="*" davids4@kirkwood:/data/nhenriksen/projects/cds/wat6/bgbg-tip3p/a-bam-p/a06/ a06/original/
Warning: remote port forwarding failed for listen port 52698
/etc/bashrc: line 96: /usr/local/programs/g09/bsd/g09.profile: Permission denied
receiving file list ... done
./
MGO.mol2
bam.mol2
disang.rest
eqnpt.in
full.crds
full.hmr.topo
mdin
mini.in
therm1.in
therm2.in

sent 357 bytes  received 1268689 bytes  2538092.00 bytes/sec
total size is 1267886  speedup is 1.00
rsync -armv -e "ssh" --include="mini.in" --include="therm1.in" --include="therm2.in" --include="eqnpt.in" --include="mdin" --include="full.crds" --include="full.hmr.topo" --include="disang.rest" --include="MGO.mol2" --include="bam.mol2" --exclude="*" davids4@kirkwood:/data/nhenriksen/projects/cds/wat6/bgbg-tip3p/a-bam-p/a07/ a07/original/
Warning: remote port forwarding failed for listen port 52698
/etc/bashrc: line 96: /usr/local/programs/g09/bsd/g09.profile: Permission denied
receiving file list ... done
./
MGO.mol2
bam.mol2
disang.rest
eqnpt.in
full.crds
full.hmr.topo
mdin
mini.in
therm1.in
therm2.in

sent 357 bytes  received 1268691 bytes  2538096.00 bytes/sec
total size is 1267888  speedup is 1.00
rsync -armv -e "ssh" --include="mini.in" --include="therm1.in" --include="therm2.in" --include="eqnpt.in" --include="mdin" --include="full.crds" --include="full.hmr.topo" --include="disang.rest" --include="MGO.mol2" --include="bam.mol2" --exclude="*" davids4@kirkwood:/data/nhenriksen/projects/cds/wat6/bgbg-tip3p/a-bam-p/a08/ a08/original/
Warning: remote port forwarding failed for listen port 52698
/etc/bashrc: line 96: /usr/local/programs/g09/bsd/g09.profile: Permission denied
receiving file list ... done
./
MGO.mol2
bam.mol2
disang.rest
eqnpt.in
full.crds
full.hmr.topo
mdin
mini.in
therm1.in
therm2.in

sent 357 bytes  received 1268689 bytes  846030.67 bytes/sec
total size is 1267886  speedup is 1.00
rsync -armv -e "ssh" --include="mini.in" --include="therm1.in" --include="therm2.in" --include="eqnpt.in" --include="mdin" --include="full.crds" --include="full.hmr.topo" --include="disang.rest" --include="MGO.mol2" --include="bam.mol2" --exclude="*" davids4@kirkwood:/data/nhenriksen/projects/cds/wat6/bgbg-tip3p/a-bam-p/a09/ a09/original/
Warning: remote port forwarding failed for listen port 52698
/etc/bashrc: line 96: /usr/local/programs/g09/bsd/g09.profile: Permission denied
receiving file list ... done
./
MGO.mol2
bam.mol2
disang.rest
eqnpt.in
full.crds
full.hmr.topo
mdin
mini.in
therm1.in
therm2.in

sent 357 bytes  received 1268690 bytes  2538094.00 bytes/sec
total size is 1267887  speedup is 1.00
rsync -armv -e "ssh" --include="mini.in" --include="therm1.in" --include="therm2.in" --include="eqnpt.in" --include="mdin" --include="full.crds" --include="full.hmr.topo" --include="disang.rest" --include="MGO.mol2" --include="bam.mol2" --exclude="*" davids4@kirkwood:/data/nhenriksen/projects/cds/wat6/bgbg-tip3p/a-bam-p/a10/ a10/original/
Warning: remote port forwarding failed for listen port 52698
/etc/bashrc: line 96: /usr/local/programs/g09/bsd/g09.profile: Permission denied
receiving file list ... done
./
MGO.mol2
bam.mol2
disang.rest
eqnpt.in
full.crds
full.hmr.topo
mdin
mini.in
therm1.in
therm2.in

sent 357 bytes  received 1268693 bytes  2538100.00 bytes/sec
total size is 1267886  speedup is 1.00
rsync -armv -e "ssh" --include="mini.in" --include="therm1.in" --include="therm2.in" --include="eqnpt.in" --include="mdin" --include="full.crds" --include="full.hmr.topo" --include="disang.rest" --include="MGO.mol2" --include="bam.mol2" --exclude="*" davids4@kirkwood:/data/nhenriksen/projects/cds/wat6/bgbg-tip3p/a-bam-p/a11/ a11/original/
Warning: remote port forwarding failed for listen port 52698
/etc/bashrc: line 96: /usr/local/programs/g09/bsd/g09.profile: Permission denied
receiving file list ... done
./
MGO.mol2
bam.mol2
disang.rest
eqnpt.in
full.crds
full.hmr.topo
mdin
mini.in
therm1.in
therm2.in

sent 357 bytes  received 1268689 bytes  2538092.00 bytes/sec
total size is 1267886  speedup is 1.00
rsync -armv -e "ssh" --include="mini.in" --include="therm1.in" --include="therm2.in" --include="eqnpt.in" --include="mdin" --include="full.crds" --include="full.hmr.topo" --include="disang.rest" --include="MGO.mol2" --include="bam.mol2" --exclude="*" davids4@kirkwood:/data/nhenriksen/projects/cds/wat6/bgbg-tip3p/a-bam-p/a12/ a12/original/
Warning: remote port forwarding failed for listen port 52698
/etc/bashrc: line 96: /usr/local/programs/g09/bsd/g09.profile: Permission denied
receiving file list ... done
./
MGO.mol2
bam.mol2
disang.rest
eqnpt.in
full.crds
full.hmr.topo
mdin
mini.in
therm1.in
therm2.in

sent 357 bytes  received 1268689 bytes  2538092.00 bytes/sec
total size is 1267886  speedup is 1.00
rsync -armv -e "ssh" --include="mini.in" --include="therm1.in" --include="therm2.in" --include="eqnpt.in" --include="mdin" --include="full.crds" --include="full.hmr.topo" --include="disang.rest" --include="MGO.mol2" --include="bam.mol2" --exclude="*" davids4@kirkwood:/data/nhenriksen/projects/cds/wat6/bgbg-tip3p/a-bam-p/a13/ a13/original/
Warning: remote port forwarding failed for listen port 52698
/etc/bashrc: line 96: /usr/local/programs/g09/bsd/g09.profile: Permission denied
receiving file list ... done
./
MGO.mol2
bam.mol2
disang.rest
eqnpt.in
full.crds
full.hmr.topo
mdin
mini.in
therm1.in
therm2.in

sent 357 bytes  received 1266830 bytes  844791.33 bytes/sec
total size is 1266027  speedup is 1.00
rsync -armv -e "ssh" --include="mini.in" --include="therm1.in" --include="therm2.in" --include="eqnpt.in" --include="mdin" --include="full.crds" --include="full.hmr.topo" --include="disang.rest" --include="MGO.mol2" --include="bam.mol2" --exclude="*" davids4@kirkwood:/data/nhenriksen/projects/cds/wat6/bgbg-tip3p/a-bam-p/r00/ r00/original/
Warning: remote port forwarding failed for listen port 52698
/etc/bashrc: line 96: /usr/local/programs/g09/bsd/g09.profile: Permission denied
receiving file list ... done
./
MGO.mol2
bam.mol2
disang.rest
eqnpt.in
full.crds
full.hmr.topo
mdin
mini.in
therm1.in
therm2.in

sent 357 bytes  received 1266824 bytes  2534362.00 bytes/sec
total size is 1266021  speedup is 1.00
rsync -armv -e "ssh" --include="mini.in" --include="therm1.in" --include="therm2.in" --include="eqnpt.in" --include="mdin" --include="full.crds" --include="full.hmr.topo" --include="disang.rest" --include="MGO.mol2" --include="bam.mol2" --exclude="*" davids4@kirkwood:/data/nhenriksen/projects/cds/wat6/bgbg-tip3p/a-bam-p/u00/ u00/original/
Warning: remote port forwarding failed for listen port 52698
/etc/bashrc: line 96: /usr/local/programs/g09/bsd/g09.profile: Permission denied
receiving file list ... done
./
MGO.mol2
bam.mol2
disang.rest
eqnpt.in
full.crds
full.hmr.topo
mdin
mini.in
therm1.in
therm2.in

sent 357 bytes  received 1266824 bytes  2534362.00 bytes/sec
total size is 1266021  speedup is 1.00
rsync -armv -e "ssh" --include="mini.in" --include="therm1.in" --include="therm2.in" --include="eqnpt.in" --include="mdin" --include="full.crds" --include="full.hmr.topo" --include="disang.rest" --include="MGO.mol2" --include="bam.mol2" --exclude="*" davids4@kirkwood:/data/nhenriksen/projects/cds/wat6/bgbg-tip3p/a-bam-p/u01/ u01/original/
Warning: remote port forwarding failed for listen port 52698
/etc/bashrc: line 96: /usr/local/programs/g09/bsd/g09.profile: Permission denied
receiving file list ... done
./
MGO.mol2
bam.mol2
disang.rest
eqnpt.in
full.crds
full.hmr.topo
mdin
mini.in
therm1.in
therm2.in

sent 357 bytes  received 1266828 bytes  2534370.00 bytes/sec
total size is 1266021  speedup is 1.00
rsync -armv -e "ssh" --include="mini.in" --include="therm1.in" --include="therm2.in" --include="eqnpt.in" --include="mdin" --include="full.crds" --include="full.hmr.topo" --include="disang.rest" --include="MGO.mol2" --include="bam.mol2" --exclude="*" davids4@kirkwood:/data/nhenriksen/projects/cds/wat6/bgbg-tip3p/a-bam-p/u02/ u02/original/
Warning: remote port forwarding failed for listen port 52698
/etc/bashrc: line 96: /usr/local/programs/g09/bsd/g09.profile: Permission denied
receiving file list ... done
./
MGO.mol2
bam.mol2
disang.rest
eqnpt.in
full.crds
full.hmr.topo
mdin
mini.in
therm1.in
therm2.in

sent 357 bytes  received 1266824 bytes  844787.33 bytes/sec
total size is 1266021  speedup is 1.00
rsync -armv -e "ssh" --include="mini.in" --include="therm1.in" --include="therm2.in" --include="eqnpt.in" --include="mdin" --include="full.crds" --include="full.hmr.topo" --include="disang.rest" --include="MGO.mol2" --include="bam.mol2" --exclude="*" davids4@kirkwood:/data/nhenriksen/projects/cds/wat6/bgbg-tip3p/a-bam-p/u03/ u03/original/
Warning: remote port forwarding failed for listen port 52698
/etc/bashrc: line 96: /usr/local/programs/g09/bsd/g09.profile: Permission denied
receiving file list ... done
./
MGO.mol2
bam.mol2
disang.rest
eqnpt.in
full.crds
full.hmr.topo
mdin
mini.in
therm1.in
therm2.in

sent 357 bytes  received 1266824 bytes  2534362.00 bytes/sec
total size is 1266021  speedup is 1.00
rsync -armv -e "ssh" --include="mini.in" --include="therm1.in" --include="therm2.in" --include="eqnpt.in" --include="mdin" --include="full.crds" --include="full.hmr.topo" --include="disang.rest" --include="MGO.mol2" --include="bam.mol2" --exclude="*" davids4@kirkwood:/data/nhenriksen/projects/cds/wat6/bgbg-tip3p/a-bam-p/u04/ u04/original/
Warning: remote port forwarding failed for listen port 52698
/etc/bashrc: line 96: /usr/local/programs/g09/bsd/g09.profile: Permission denied
receiving file list ... done
./
MGO.mol2
bam.mol2
disang.rest
eqnpt.in
full.crds
full.hmr.topo
mdin
mini.in
therm1.in
therm2.in

sent 357 bytes  received 1266828 bytes  2534370.00 bytes/sec
total size is 1266021  speedup is 1.00
rsync -armv -e "ssh" --include="mini.in" --include="therm1.in" --include="therm2.in" --include="eqnpt.in" --include="mdin" --include="full.crds" --include="full.hmr.topo" --include="disang.rest" --include="MGO.mol2" --include="bam.mol2" --exclude="*" davids4@kirkwood:/data/nhenriksen/projects/cds/wat6/bgbg-tip3p/a-bam-p/u05/ u05/original/
Warning: remote port forwarding failed for listen port 52698
/etc/bashrc: line 96: /usr/local/programs/g09/bsd/g09.profile: Permission denied
receiving file list ... done
./
MGO.mol2
bam.mol2
disang.rest
eqnpt.in
full.crds
full.hmr.topo
mdin
mini.in
therm1.in
therm2.in

sent 357 bytes  received 1266824 bytes  844787.33 bytes/sec
total size is 1266021  speedup is 1.00
rsync -armv -e "ssh" --include="mini.in" --include="therm1.in" --include="therm2.in" --include="eqnpt.in" --include="mdin" --include="full.crds" --include="full.hmr.topo" --include="disang.rest" --include="MGO.mol2" --include="bam.mol2" --exclude="*" davids4@kirkwood:/data/nhenriksen/projects/cds/wat6/bgbg-tip3p/a-bam-p/u06/ u06/original/
Warning: remote port forwarding failed for listen port 52698
/etc/bashrc: line 96: /usr/local/programs/g09/bsd/g09.profile: Permission denied
receiving file list ... done
./
MGO.mol2
bam.mol2
disang.rest
eqnpt.in
full.crds
full.hmr.topo
mdin
mini.in
therm1.in
therm2.in

sent 357 bytes  received 1266824 bytes  2534362.00 bytes/sec
total size is 1266021  speedup is 1.00
rsync -armv -e "ssh" --include="mini.in" --include="therm1.in" --include="therm2.in" --include="eqnpt.in" --include="mdin" --include="full.crds" --include="full.hmr.topo" --include="disang.rest" --include="MGO.mol2" --include="bam.mol2" --exclude="*" davids4@kirkwood:/data/nhenriksen/projects/cds/wat6/bgbg-tip3p/a-bam-p/u07/ u07/original/
Warning: remote port forwarding failed for listen port 52698
/etc/bashrc: line 96: /usr/local/programs/g09/bsd/g09.profile: Permission denied
receiving file list ... done
./
MGO.mol2
bam.mol2
disang.rest
eqnpt.in
full.crds
full.hmr.topo
mdin
mini.in
therm1.in
therm2.in

sent 357 bytes  received 1266824 bytes  2534362.00 bytes/sec
total size is 1266021  speedup is 1.00
rsync -armv -e "ssh" --include="mini.in" --include="therm1.in" --include="therm2.in" --include="eqnpt.in" --include="mdin" --include="full.crds" --include="full.hmr.topo" --include="disang.rest" --include="MGO.mol2" --include="bam.mol2" --exclude="*" davids4@kirkwood:/data/nhenriksen/projects/cds/wat6/bgbg-tip3p/a-bam-p/u08/ u08/original/
Warning: remote port forwarding failed for listen port 52698
/etc/bashrc: line 96: /usr/local/programs/g09/bsd/g09.profile: Permission denied
receiving file list ... done
./
MGO.mol2
bam.mol2
disang.rest
eqnpt.in
full.crds
full.hmr.topo
mdin
mini.in
therm1.in
therm2.in

sent 357 bytes  received 1266824 bytes  2534362.00 bytes/sec
total size is 1266021  speedup is 1.00
rsync -armv -e "ssh" --include="mini.in" --include="therm1.in" --include="therm2.in" --include="eqnpt.in" --include="mdin" --include="full.crds" --include="full.hmr.topo" --include="disang.rest" --include="MGO.mol2" --include="bam.mol2" --exclude="*" davids4@kirkwood:/data/nhenriksen/projects/cds/wat6/bgbg-tip3p/a-bam-p/u09/ u09/original/
Warning: remote port forwarding failed for listen port 52698
/etc/bashrc: line 96: /usr/local/programs/g09/bsd/g09.profile: Permission denied
receiving file list ... done
./
MGO.mol2
bam.mol2
disang.rest
eqnpt.in
full.crds
full.hmr.topo
mdin
mini.in
therm1.in
therm2.in

sent 357 bytes  received 1266824 bytes  2534362.00 bytes/sec
total size is 1266021  speedup is 1.00
rsync -armv -e "ssh" --include="mini.in" --include="therm1.in" --include="therm2.in" --include="eqnpt.in" --include="mdin" --include="full.crds" --include="full.hmr.topo" --include="disang.rest" --include="MGO.mol2" --include="bam.mol2" --exclude="*" davids4@kirkwood:/data/nhenriksen/projects/cds/wat6/bgbg-tip3p/a-bam-p/u10/ u10/original/
Warning: remote port forwarding failed for listen port 52698
/etc/bashrc: line 96: /usr/local/programs/g09/bsd/g09.profile: Permission denied
receiving file list ... done
./
MGO.mol2
bam.mol2
disang.rest
eqnpt.in
full.crds
full.hmr.topo
mdin
mini.in
therm1.in
therm2.in

sent 357 bytes  received 1266824 bytes  844787.33 bytes/sec
total size is 1266021  speedup is 1.00
rsync -armv -e "ssh" --include="mini.in" --include="therm1.in" --include="therm2.in" --include="eqnpt.in" --include="mdin" --include="full.crds" --include="full.hmr.topo" --include="disang.rest" --include="MGO.mol2" --include="bam.mol2" --exclude="*" davids4@kirkwood:/data/nhenriksen/projects/cds/wat6/bgbg-tip3p/a-bam-p/u11/ u11/original/
Warning: remote port forwarding failed for listen port 52698
/etc/bashrc: line 96: /usr/local/programs/g09/bsd/g09.profile: Permission denied
receiving file list ... done
./
MGO.mol2
bam.mol2
disang.rest
eqnpt.in
full.crds
full.hmr.topo
mdin
mini.in
therm1.in
therm2.in

sent 357 bytes  received 1266824 bytes  2534362.00 bytes/sec
total size is 1266021  speedup is 1.00
rsync -armv -e "ssh" --include="mini.in" --include="therm1.in" --include="therm2.in" --include="eqnpt.in" --include="mdin" --include="full.crds" --include="full.hmr.topo" --include="disang.rest" --include="MGO.mol2" --include="bam.mol2" --exclude="*" davids4@kirkwood:/data/nhenriksen/projects/cds/wat6/bgbg-tip3p/a-bam-p/u12/ u12/original/
Warning: remote port forwarding failed for listen port 52698
/etc/bashrc: line 96: /usr/local/programs/g09/bsd/g09.profile: Permission denied
receiving file list ... done
./
MGO.mol2
bam.mol2
disang.rest
eqnpt.in
full.crds
full.hmr.topo
mdin
mini.in
therm1.in
therm2.in

sent 357 bytes  received 1266824 bytes  2534362.00 bytes/sec
total size is 1266021  speedup is 1.00
rsync -armv -e "ssh" --include="mini.in" --include="therm1.in" --include="therm2.in" --include="eqnpt.in" --include="mdin" --include="full.crds" --include="full.hmr.topo" --include="disang.rest" --include="MGO.mol2" --include="bam.mol2" --exclude="*" davids4@kirkwood:/data/nhenriksen/projects/cds/wat6/bgbg-tip3p/a-bam-p/u13/ u13/original/
Warning: remote port forwarding failed for listen port 52698
/etc/bashrc: line 96: /usr/local/programs/g09/bsd/g09.profile: Permission denied
receiving file list ... done
./
MGO.mol2
bam.mol2
disang.rest
eqnpt.in
full.crds
full.hmr.topo
mdin
mini.in
therm1.in
therm2.in

sent 357 bytes  received 1266824 bytes  2534362.00 bytes/sec
total size is 1266021  speedup is 1.00
rsync -armv -e "ssh" --include="mini.in" --include="therm1.in" --include="therm2.in" --include="eqnpt.in" --include="mdin" --include="full.crds" --include="full.hmr.topo" --include="disang.rest" --include="MGO.mol2" --include="bam.mol2" --exclude="*" davids4@kirkwood:/data/nhenriksen/projects/cds/wat6/bgbg-tip3p/a-bam-p/u14/ u14/original/
Warning: remote port forwarding failed for listen port 52698
/etc/bashrc: line 96: /usr/local/programs/g09/bsd/g09.profile: Permission denied
receiving file list ... done
./
MGO.mol2
bam.mol2
disang.rest
eqnpt.in
full.crds
full.hmr.topo
mdin
mini.in
therm1.in
therm2.in

sent 357 bytes  received 1266824 bytes  844787.33 bytes/sec
total size is 1266021  speedup is 1.00
rsync -armv -e "ssh" --include="mini.in" --include="therm1.in" --include="therm2.in" --include="eqnpt.in" --include="mdin" --include="full.crds" --include="full.hmr.topo" --include="disang.rest" --include="MGO.mol2" --include="bam.mol2" --exclude="*" davids4@kirkwood:/data/nhenriksen/projects/cds/wat6/bgbg-tip3p/a-bam-p/u15/ u15/original/
Warning: remote port forwarding failed for listen port 52698
/etc/bashrc: line 96: /usr/local/programs/g09/bsd/g09.profile: Permission denied
receiving file list ... done
./
MGO.mol2
bam.mol2
disang.rest
eqnpt.in
full.crds
full.hmr.topo
mdin
mini.in
therm1.in
therm2.in

sent 357 bytes  received 1266824 bytes  2534362.00 bytes/sec
total size is 1266021  speedup is 1.00
rsync -armv -e "ssh" --include="mini.in" --include="therm1.in" --include="therm2.in" --include="eqnpt.in" --include="mdin" --include="full.crds" --include="full.hmr.topo" --include="disang.rest" --include="MGO.mol2" --include="bam.mol2" --exclude="*" davids4@kirkwood:/data/nhenriksen/projects/cds/wat6/bgbg-tip3p/a-bam-p/u16/ u16/original/
Warning: remote port forwarding failed for listen port 52698
/etc/bashrc: line 96: /usr/local/programs/g09/bsd/g09.profile: Permission denied
receiving file list ... done
./
MGO.mol2
bam.mol2
disang.rest
eqnpt.in
full.crds
full.hmr.topo
mdin
mini.in
therm1.in
therm2.in

sent 357 bytes  received 1266824 bytes  2534362.00 bytes/sec
total size is 1266021  speedup is 1.00
rsync -armv -e "ssh" --include="mini.in" --include="therm1.in" --include="therm2.in" --include="eqnpt.in" --include="mdin" --include="full.crds" --include="full.hmr.topo" --include="disang.rest" --include="MGO.mol2" --include="bam.mol2" --exclude="*" davids4@kirkwood:/data/nhenriksen/projects/cds/wat6/bgbg-tip3p/a-bam-p/u17/ u17/original/
Warning: remote port forwarding failed for listen port 52698
/etc/bashrc: line 96: /usr/local/programs/g09/bsd/g09.profile: Permission denied
receiving file list ... done
./
MGO.mol2
bam.mol2
disang.rest
eqnpt.in
full.crds
full.hmr.topo
mdin
mini.in
therm1.in
therm2.in

sent 357 bytes  received 1266824 bytes  2534362.00 bytes/sec
total size is 1266021  speedup is 1.00
rsync -armv -e "ssh" --include="mini.in" --include="therm1.in" --include="therm2.in" --include="eqnpt.in" --include="mdin" --include="full.crds" --include="full.hmr.topo" --include="disang.rest" --include="MGO.mol2" --include="bam.mol2" --exclude="*" davids4@kirkwood:/data/nhenriksen/projects/cds/wat6/bgbg-tip3p/a-bam-p/u18/ u18/original/
Warning: remote port forwarding failed for listen port 52698
/etc/bashrc: line 96: /usr/local/programs/g09/bsd/g09.profile: Permission denied
receiving file list ... done
./
MGO.mol2
bam.mol2
disang.rest
eqnpt.in
full.crds
full.hmr.topo
mdin
mini.in
therm1.in
therm2.in

sent 357 bytes  received 1266824 bytes  844787.33 bytes/sec
total size is 1266021  speedup is 1.00
rsync -armv -e "ssh" --include="mini.in" --include="therm1.in" --include="therm2.in" --include="eqnpt.in" --include="mdin" --include="full.crds" --include="full.hmr.topo" --include="disang.rest" --include="MGO.mol2" --include="bam.mol2" --exclude="*" davids4@kirkwood:/data/nhenriksen/projects/cds/wat6/bgbg-tip3p/a-bam-p/u19/ u19/original/
Warning: remote port forwarding failed for listen port 52698
/etc/bashrc: line 96: /usr/local/programs/g09/bsd/g09.profile: Permission denied
receiving file list ... done
./
MGO.mol2
bam.mol2
disang.rest
eqnpt.in
full.crds
full.hmr.topo
mdin
mini.in
therm1.in
therm2.in

sent 357 bytes  received 1266824 bytes  2534362.00 bytes/sec
total size is 1266021  speedup is 1.00
rsync -armv -e "ssh" --include="mini.in" --include="therm1.in" --include="therm2.in" --include="eqnpt.in" --include="mdin" --include="full.crds" --include="full.hmr.topo" --include="disang.rest" --include="MGO.mol2" --include="bam.mol2" --exclude="*" davids4@kirkwood:/data/nhenriksen/projects/cds/wat6/bgbg-tip3p/a-bam-p/u20/ u20/original/
Warning: remote port forwarding failed for listen port 52698
/etc/bashrc: line 96: /usr/local/programs/g09/bsd/g09.profile: Permission denied
receiving file list ... done
./
MGO.mol2
bam.mol2
disang.rest
eqnpt.in
full.crds
full.hmr.topo
mdin
mini.in
therm1.in
therm2.in

sent 357 bytes  received 1266824 bytes  2534362.00 bytes/sec
total size is 1266021  speedup is 1.00
rsync -armv -e "ssh" --include="mini.in" --include="therm1.in" --include="therm2.in" --include="eqnpt.in" --include="mdin" --include="full.crds" --include="full.hmr.topo" --include="disang.rest" --include="MGO.mol2" --include="bam.mol2" --exclude="*" davids4@kirkwood:/data/nhenriksen/projects/cds/wat6/bgbg-tip3p/a-bam-p/u21/ u21/original/
Warning: remote port forwarding failed for listen port 52698
/etc/bashrc: line 96: /usr/local/programs/g09/bsd/g09.profile: Permission denied
receiving file list ... done
./
MGO.mol2
bam.mol2
disang.rest
eqnpt.in
full.crds
full.hmr.topo
mdin
mini.in
therm1.in
therm2.in

sent 357 bytes  received 1266824 bytes  2534362.00 bytes/sec
total size is 1266021  speedup is 1.00
rsync -armv -e "ssh" --include="mini.in" --include="therm1.in" --include="therm2.in" --include="eqnpt.in" --include="mdin" --include="full.crds" --include="full.hmr.topo" --include="disang.rest" --include="MGO.mol2" --include="bam.mol2" --exclude="*" davids4@kirkwood:/data/nhenriksen/projects/cds/wat6/bgbg-tip3p/a-bam-p/u22/ u22/original/
Warning: remote port forwarding failed for listen port 52698
/etc/bashrc: line 96: /usr/local/programs/g09/bsd/g09.profile: Permission denied
receiving file list ... done
./
MGO.mol2
bam.mol2
disang.rest
eqnpt.in
full.crds
full.hmr.topo
mdin
mini.in
therm1.in
therm2.in

sent 357 bytes  received 1266824 bytes  2534362.00 bytes/sec
total size is 1266021  speedup is 1.00
rsync -armv -e "ssh" --include="mini.in" --include="therm1.in" --include="therm2.in" --include="eqnpt.in" --include="mdin" --include="full.crds" --include="full.hmr.topo" --include="disang.rest" --include="MGO.mol2" --include="bam.mol2" --exclude="*" davids4@kirkwood:/data/nhenriksen/projects/cds/wat6/bgbg-tip3p/a-bam-p/u23/ u23/original/
Warning: remote port forwarding failed for listen port 52698
/etc/bashrc: line 96: /usr/local/programs/g09/bsd/g09.profile: Permission denied
receiving file list ... done
./
MGO.mol2
bam.mol2
disang.rest
eqnpt.in
full.crds
full.hmr.topo
mdin
mini.in
therm1.in
therm2.in

sent 357 bytes  received 1266824 bytes  844787.33 bytes/sec
total size is 1266021  speedup is 1.00
rsync -armv -e "ssh" --include="mini.in" --include="therm1.in" --include="therm2.in" --include="eqnpt.in" --include="mdin" --include="full.crds" --include="full.hmr.topo" --include="disang.rest" --include="MGO.mol2" --include="bam.mol2" --exclude="*" davids4@kirkwood:/data/nhenriksen/projects/cds/wat6/bgbg-tip3p/a-bam-p/u24/ u24/original/
Warning: remote port forwarding failed for listen port 52698
/etc/bashrc: line 96: /usr/local/programs/g09/bsd/g09.profile: Permission denied
receiving file list ... done
./
MGO.mol2
bam.mol2
disang.rest
eqnpt.in
full.crds
full.hmr.topo
mdin
mini.in
therm1.in
therm2.in

sent 357 bytes  received 1266829 bytes  2534372.00 bytes/sec
total size is 1266022  speedup is 1.00
rsync -armv -e "ssh" --include="mini.in" --include="therm1.in" --include="therm2.in" --include="eqnpt.in" --include="mdin" --include="full.crds" --include="full.hmr.topo" --include="disang.rest" --include="MGO.mol2" --include="bam.mol2" --exclude="*" davids4@kirkwood:/data/nhenriksen/projects/cds/wat6/bgbg-tip3p/a-bam-p/u25/ u25/original/
Warning: remote port forwarding failed for listen port 52698
/etc/bashrc: line 96: /usr/local/programs/g09/bsd/g09.profile: Permission denied
receiving file list ... done
./
MGO.mol2
bam.mol2
disang.rest
eqnpt.in
full.crds
full.hmr.topo
mdin
mini.in
therm1.in
therm2.in

sent 357 bytes  received 1266825 bytes  2534364.00 bytes/sec
total size is 1266022  speedup is 1.00
rsync -armv -e "ssh" --include="mini.in" --include="therm1.in" --include="therm2.in" --include="eqnpt.in" --include="mdin" --include="full.crds" --include="full.hmr.topo" --include="disang.rest" --include="MGO.mol2" --include="bam.mol2" --exclude="*" davids4@kirkwood:/data/nhenriksen/projects/cds/wat6/bgbg-tip3p/a-bam-p/u26/ u26/original/
Warning: remote port forwarding failed for listen port 52698
/etc/bashrc: line 96: /usr/local/programs/g09/bsd/g09.profile: Permission denied
receiving file list ... done
./
MGO.mol2
bam.mol2
disang.rest
eqnpt.in
full.crds
full.hmr.topo
mdin
mini.in
therm1.in
therm2.in

sent 357 bytes  received 1266829 bytes  2534372.00 bytes/sec
total size is 1266022  speedup is 1.00
rsync -armv -e "ssh" --include="mini.in" --include="therm1.in" --include="therm2.in" --include="eqnpt.in" --include="mdin" --include="full.crds" --include="full.hmr.topo" --include="disang.rest" --include="MGO.mol2" --include="bam.mol2" --exclude="*" davids4@kirkwood:/data/nhenriksen/projects/cds/wat6/bgbg-tip3p/a-bam-p/u27/ u27/original/
Warning: remote port forwarding failed for listen port 52698
/etc/bashrc: line 96: /usr/local/programs/g09/bsd/g09.profile: Permission denied
receiving file list ... done
./
MGO.mol2
bam.mol2
disang.rest
eqnpt.in
full.crds
full.hmr.topo
mdin
mini.in
therm1.in
therm2.in

sent 357 bytes  received 1266825 bytes  2534364.00 bytes/sec
total size is 1266022  speedup is 1.00
rsync -armv -e "ssh" --include="mini.in" --include="therm1.in" --include="therm2.in" --include="eqnpt.in" --include="mdin" --include="full.crds" --include="full.hmr.topo" --include="disang.rest" --include="MGO.mol2" --include="bam.mol2" --exclude="*" davids4@kirkwood:/data/nhenriksen/projects/cds/wat6/bgbg-tip3p/a-bam-p/u28/ u28/original/
Warning: remote port forwarding failed for listen port 52698
/etc/bashrc: line 96: /usr/local/programs/g09/bsd/g09.profile: Permission denied
receiving file list ... done
./
MGO.mol2
bam.mol2
disang.rest
eqnpt.in
full.crds
full.hmr.topo
mdin
mini.in
therm1.in
therm2.in

sent 357 bytes  received 1266829 bytes  844790.67 bytes/sec
total size is 1266022  speedup is 1.00
rsync -armv -e "ssh" --include="mini.in" --include="therm1.in" --include="therm2.in" --include="eqnpt.in" --include="mdin" --include="full.crds" --include="full.hmr.topo" --include="disang.rest" --include="MGO.mol2" --include="bam.mol2" --exclude="*" davids4@kirkwood:/data/nhenriksen/projects/cds/wat6/bgbg-tip3p/a-bam-p/u29/ u29/original/
Warning: remote port forwarding failed for listen port 52698
/etc/bashrc: line 96: /usr/local/programs/g09/bsd/g09.profile: Permission denied
receiving file list ... done
./
MGO.mol2
bam.mol2
disang.rest
eqnpt.in
full.crds
full.hmr.topo
mdin
mini.in
therm1.in
therm2.in

sent 357 bytes  received 1266825 bytes  2534364.00 bytes/sec
total size is 1266022  speedup is 1.00
rsync -armv -e "ssh" --include="mini.in" --include="therm1.in" --include="therm2.in" --include="eqnpt.in" --include="mdin" --include="full.crds" --include="full.hmr.topo" --include="disang.rest" --include="MGO.mol2" --include="bam.mol2" --exclude="*" davids4@kirkwood:/data/nhenriksen/projects/cds/wat6/bgbg-tip3p/a-bam-p/u30/ u30/original/
Warning: remote port forwarding failed for listen port 52698
/etc/bashrc: line 96: /usr/local/programs/g09/bsd/g09.profile: Permission denied
receiving file list ... done
./
MGO.mol2
bam.mol2
disang.rest
eqnpt.in
full.crds
full.hmr.topo
mdin
mini.in
therm1.in
therm2.in

sent 357 bytes  received 1266825 bytes  2534364.00 bytes/sec
total size is 1266022  speedup is 1.00
rsync -armv -e "ssh" --include="mini.in" --include="therm1.in" --include="therm2.in" --include="eqnpt.in" --include="mdin" --include="full.crds" --include="full.hmr.topo" --include="disang.rest" --include="MGO.mol2" --include="bam.mol2" --exclude="*" davids4@kirkwood:/data/nhenriksen/projects/cds/wat6/bgbg-tip3p/a-bam-p/u31/ u31/original/
Warning: remote port forwarding failed for listen port 52698
/etc/bashrc: line 96: /usr/local/programs/g09/bsd/g09.profile: Permission denied
receiving file list ... done
./
MGO.mol2
bam.mol2
disang.rest
eqnpt.in
full.crds
full.hmr.topo
mdin
mini.in
therm1.in
therm2.in

sent 357 bytes  received 1266825 bytes  2534364.00 bytes/sec
total size is 1266022  speedup is 1.00
rsync -armv -e "ssh" --include="mini.in" --include="therm1.in" --include="therm2.in" --include="eqnpt.in" --include="mdin" --include="full.crds" --include="full.hmr.topo" --include="disang.rest" --include="MGO.mol2" --include="bam.mol2" --exclude="*" davids4@kirkwood:/data/nhenriksen/projects/cds/wat6/bgbg-tip3p/a-bam-p/u32/ u32/original/
Warning: remote port forwarding failed for listen port 52698
/etc/bashrc: line 96: /usr/local/programs/g09/bsd/g09.profile: Permission denied
receiving file list ... done
./
MGO.mol2
bam.mol2
disang.rest
eqnpt.in
full.crds
full.hmr.topo
mdin
mini.in
therm1.in
therm2.in

sent 357 bytes  received 1266825 bytes  844788.00 bytes/sec
total size is 1266022  speedup is 1.00
rsync -armv -e "ssh" --include="mini.in" --include="therm1.in" --include="therm2.in" --include="eqnpt.in" --include="mdin" --include="full.crds" --include="full.hmr.topo" --include="disang.rest" --include="MGO.mol2" --include="bam.mol2" --exclude="*" davids4@kirkwood:/data/nhenriksen/projects/cds/wat6/bgbg-tip3p/a-bam-p/u33/ u33/original/
Warning: remote port forwarding failed for listen port 52698
/etc/bashrc: line 96: /usr/local/programs/g09/bsd/g09.profile: Permission denied
receiving file list ... done
./
MGO.mol2
bam.mol2
disang.rest
eqnpt.in
full.crds
full.hmr.topo
mdin
mini.in
therm1.in
therm2.in

sent 357 bytes  received 1266825 bytes  2534364.00 bytes/sec
total size is 1266022  speedup is 1.00
rsync -armv -e "ssh" --include="mini.in" --include="therm1.in" --include="therm2.in" --include="eqnpt.in" --include="mdin" --include="full.crds" --include="full.hmr.topo" --include="disang.rest" --include="MGO.mol2" --include="bam.mol2" --exclude="*" davids4@kirkwood:/data/nhenriksen/projects/cds/wat6/bgbg-tip3p/a-bam-p/u34/ u34/original/
Warning: remote port forwarding failed for listen port 52698
/etc/bashrc: line 96: /usr/local/programs/g09/bsd/g09.profile: Permission denied
receiving file list ... done
./
MGO.mol2
bam.mol2
disang.rest
eqnpt.in
full.crds
full.hmr.topo
mdin
mini.in
therm1.in
therm2.in

sent 357 bytes  received 1266825 bytes  2534364.00 bytes/sec
total size is 1266022  speedup is 1.00
rsync -armv -e "ssh" --include="mini.in" --include="therm1.in" --include="therm2.in" --include="eqnpt.in" --include="mdin" --include="full.crds" --include="full.hmr.topo" --include="disang.rest" --include="MGO.mol2" --include="bam.mol2" --exclude="*" davids4@kirkwood:/data/nhenriksen/projects/cds/wat6/bgbg-tip3p/a-bam-p/u35/ u35/original/
Warning: remote port forwarding failed for listen port 52698
/etc/bashrc: line 96: /usr/local/programs/g09/bsd/g09.profile: Permission denied
receiving file list ... done
./
MGO.mol2
bam.mol2
disang.rest
eqnpt.in
full.crds
full.hmr.topo
mdin
mini.in
therm1.in
therm2.in

sent 357 bytes  received 1266825 bytes  2534364.00 bytes/sec
total size is 1266022  speedup is 1.00
rsync -armv -e "ssh" --include="mini.in" --include="therm1.in" --include="therm2.in" --include="eqnpt.in" --include="mdin" --include="full.crds" --include="full.hmr.topo" --include="disang.rest" --include="MGO.mol2" --include="bam.mol2" --exclude="*" davids4@kirkwood:/data/nhenriksen/projects/cds/wat6/bgbg-tip3p/a-bam-p/u36/ u36/original/
Warning: remote port forwarding failed for listen port 52698
/etc/bashrc: line 96: /usr/local/programs/g09/bsd/g09.profile: Permission denied
receiving file list ... done
./
MGO.mol2
bam.mol2
disang.rest
eqnpt.in
full.crds
full.hmr.topo
mdin
mini.in
therm1.in
therm2.in

sent 357 bytes  received 1266829 bytes  844790.67 bytes/sec
total size is 1266022  speedup is 1.00
rsync -armv -e "ssh" --include="mini.in" --include="therm1.in" --include="therm2.in" --include="eqnpt.in" --include="mdin" --include="full.crds" --include="full.hmr.topo" --include="disang.rest" --include="MGO.mol2" --include="bam.mol2" --exclude="*" davids4@kirkwood:/data/nhenriksen/projects/cds/wat6/bgbg-tip3p/a-bam-p/u37/ u37/original/
Warning: remote port forwarding failed for listen port 52698
/etc/bashrc: line 96: /usr/local/programs/g09/bsd/g09.profile: Permission denied
receiving file list ... done
./
MGO.mol2
bam.mol2
disang.rest
eqnpt.in
full.crds
full.hmr.topo
mdin
mini.in
therm1.in
therm2.in

sent 357 bytes  received 1266825 bytes  2534364.00 bytes/sec
total size is 1266022  speedup is 1.00
rsync -armv -e "ssh" --include="mini.in" --include="therm1.in" --include="therm2.in" --include="eqnpt.in" --include="mdin" --include="full.crds" --include="full.hmr.topo" --include="disang.rest" --include="MGO.mol2" --include="bam.mol2" --exclude="*" davids4@kirkwood:/data/nhenriksen/projects/cds/wat6/bgbg-tip3p/a-bam-p/u38/ u38/original/
Warning: remote port forwarding failed for listen port 52698
/etc/bashrc: line 96: /usr/local/programs/g09/bsd/g09.profile: Permission denied
receiving file list ... done
./
MGO.mol2
bam.mol2
disang.rest
eqnpt.in
full.crds
full.hmr.topo
mdin
mini.in
therm1.in
therm2.in

sent 357 bytes  received 1266825 bytes  2534364.00 bytes/sec
total size is 1266022  speedup is 1.00
rsync -armv -e "ssh" --include="mini.in" --include="therm1.in" --include="therm2.in" --include="eqnpt.in" --include="mdin" --include="full.crds" --include="full.hmr.topo" --include="disang.rest" --include="MGO.mol2" --include="bam.mol2" --exclude="*" davids4@kirkwood:/data/nhenriksen/projects/cds/wat6/bgbg-tip3p/a-bam-p/u39/ u39/original/
Warning: remote port forwarding failed for listen port 52698
/etc/bashrc: line 96: /usr/local/programs/g09/bsd/g09.profile: Permission denied
receiving file list ... done
./
MGO.mol2
bam.mol2
disang.rest
eqnpt.in
full.crds
full.hmr.topo
mdin
mini.in
therm1.in
therm2.in

sent 357 bytes  received 1266825 bytes  844788.00 bytes/sec
total size is 1266022  speedup is 1.00
rsync -armv -e "ssh" --include="mini.in" --include="therm1.in" --include="therm2.in" --include="eqnpt.in" --include="mdin" --include="full.crds" --include="full.hmr.topo" --include="disang.rest" --include="MGO.mol2" --include="bam.mol2" --exclude="*" davids4@kirkwood:/data/nhenriksen/projects/cds/wat6/bgbg-tip3p/a-bam-p/u40/ u40/original/
Warning: remote port forwarding failed for listen port 52698
/etc/bashrc: line 96: /usr/local/programs/g09/bsd/g09.profile: Permission denied
receiving file list ... done
./
MGO.mol2
bam.mol2
disang.rest
eqnpt.in
full.crds
full.hmr.topo
mdin
mini.in
therm1.in
therm2.in

sent 357 bytes  received 1266825 bytes  2534364.00 bytes/sec
total size is 1266022  speedup is 1.00
rsync -armv -e "ssh" --include="mini.in" --include="therm1.in" --include="therm2.in" --include="eqnpt.in" --include="mdin" --include="full.crds" --include="full.hmr.topo" --include="disang.rest" --include="MGO.mol2" --include="bam.mol2" --exclude="*" davids4@kirkwood:/data/nhenriksen/projects/cds/wat6/bgbg-tip3p/a-bam-p/u41/ u41/original/
Warning: remote port forwarding failed for listen port 52698
/etc/bashrc: line 96: /usr/local/programs/g09/bsd/g09.profile: Permission denied
receiving file list ... done
./
MGO.mol2
bam.mol2
disang.rest
eqnpt.in
full.crds
full.hmr.topo
mdin
mini.in
therm1.in
therm2.in

sent 357 bytes  received 1266825 bytes  844788.00 bytes/sec
total size is 1266022  speedup is 1.00
rsync -armv -e "ssh" --include="mini.in" --include="therm1.in" --include="therm2.in" --include="eqnpt.in" --include="mdin" --include="full.crds" --include="full.hmr.topo" --include="disang.rest" --include="MGO.mol2" --include="bam.mol2" --exclude="*" davids4@kirkwood:/data/nhenriksen/projects/cds/wat6/bgbg-tip3p/a-bam-p/u42/ u42/original/
Warning: remote port forwarding failed for listen port 52698
/etc/bashrc: line 96: /usr/local/programs/g09/bsd/g09.profile: Permission denied
receiving file list ... done
./
MGO.mol2
bam.mol2
disang.rest
eqnpt.in
full.crds
full.hmr.topo
mdin
mini.in
therm1.in
therm2.in

sent 357 bytes  received 1266825 bytes  2534364.00 bytes/sec
total size is 1266022  speedup is 1.00
rsync -armv -e "ssh" --include="mini.in" --include="therm1.in" --include="therm2.in" --include="eqnpt.in" --include="mdin" --include="full.crds" --include="full.hmr.topo" --include="disang.rest" --include="MGO.mol2" --include="bam.mol2" --exclude="*" davids4@kirkwood:/data/nhenriksen/projects/cds/wat6/bgbg-tip3p/a-bam-p/u43/ u43/original/
Warning: remote port forwarding failed for listen port 52698
/etc/bashrc: line 96: /usr/local/programs/g09/bsd/g09.profile: Permission denied
receiving file list ... done
./
MGO.mol2
bam.mol2
disang.rest
eqnpt.in
full.crds
full.hmr.topo
mdin
mini.in
therm1.in
therm2.in

sent 357 bytes  received 1266825 bytes  2534364.00 bytes/sec
total size is 1266022  speedup is 1.00
rsync -armv -e "ssh" --include="mini.in" --include="therm1.in" --include="therm2.in" --include="eqnpt.in" --include="mdin" --include="full.crds" --include="full.hmr.topo" --include="disang.rest" --include="MGO.mol2" --include="bam.mol2" --exclude="*" davids4@kirkwood:/data/nhenriksen/projects/cds/wat6/bgbg-tip3p/a-bam-p/u44/ u44/original/
Warning: remote port forwarding failed for listen port 52698
/etc/bashrc: line 96: /usr/local/programs/g09/bsd/g09.profile: Permission denied
receiving file list ... done
./
MGO.mol2
bam.mol2
disang.rest
eqnpt.in
full.crds
full.hmr.topo
mdin
mini.in
therm1.in
therm2.in

sent 357 bytes  received 1266825 bytes  2534364.00 bytes/sec
total size is 1266022  speedup is 1.00
rsync -armv -e "ssh" --include="mini.in" --include="therm1.in" --include="therm2.in" --include="eqnpt.in" --include="mdin" --include="full.crds" --include="full.hmr.topo" --include="disang.rest" --include="MGO.mol2" --include="bam.mol2" --exclude="*" davids4@kirkwood:/data/nhenriksen/projects/cds/wat6/bgbg-tip3p/a-bam-p/u45/ u45/original/
