Warning: remote port forwarding failed for listen port 52698
receiving file list ... done
./
MGO.mol2
dum.mol2
full.crds
full.hmr.topo
hep.mol2
mdin

sent 191 bytes  received 1,264,028 bytes  842,812.67 bytes/sec
total size is 1,263,461  speedup is 1.00
rsync -armv -e "ssh" --include="mdin" --include="full.crds" --include="full.hmr.topo" --include="*.mol2" --exclude="*" davids4@kirkwood:/data/nhenriksen/projects/cds/wat6/bgbg-tip3p/a-hep-s/a00/ .
Warning: remote port forwarding failed for listen port 52698
receiving file list ... done

sent 74 bytes  received 158 bytes  464.00 bytes/sec
total size is 1,263,461  speedup is 5,445.95
rsync -armv -e "ssh" --include="mdin" --include="full.crds" --include="full.hmr.topo" --include="*.mol2" --exclude="*" davids4@kirkwood:/data/nhenriksen/projects/cds/wat6/bgbg-tip3p/a-hep-s/a00/ .
receiving file list ... done
./
a-hep-s.pdb

sent 57 bytes  received 15,224 bytes  30,562.00 bytes/sec
total size is 15,092  speedup is 0.99
rsync -armv -e "ssh" --include="a-hep-s.pdb" --exclude="*" davids4@kirkwood:/data/nhenriksen/projects/cds/wat6/bgbg-tip3p/a-hep-s/a00/ .
receiving file list ... done

sent 35 bytes  received 86 bytes  242.00 bytes/sec
total size is 15,092  speedup is 124.73
rsync -armv -e "ssh" --include="a-hep-s.pdb" --exclude="*" davids4@kirkwood:/data/nhenriksen/projects/cds/wat6/bgbg-tip3p/a-hep-s/a00/ .
