
CPPTRAJ: Trajectory Analysis. V17.00
    ___  ___  ___  ___
     | \/ | \/ | \/ | 
    _|_/\_|_/\_|_/\_|_

| Date/time: 07/13/18 06:37:59
| Available memory: 15.023 GB

INPUT: Reading input from '/home/dslochower/hgst-3tb-data/projects/smirnoff-host-guest-simulations/systems/a-mha-s/smirnoff/a000/MGO.mol2.in'
  [parm /home/dslochower/hgst-3tb-data/projects/smirnoff-host-guest-simulations/systems/a-mha-s/smirnoff/a000/full.hmr.topo]
	Reading '/home/dslochower/hgst-3tb-data/projects/smirnoff-host-guest-simulations/systems/a-mha-s/smirnoff/a000/full.hmr.topo' as Amber Topology
	Radius Set: modified Bondi radii (mbondi)
  [trajin /home/dslochower/hgst-3tb-data/projects/smirnoff-host-guest-simulations/systems/a-mha-s/smirnoff/a000/smirnoff.pruned.pdb]
	Reading '/home/dslochower/hgst-3tb-data/projects/smirnoff-host-guest-simulations/systems/a-mha-s/smirnoff/a000/smirnoff.pruned.pdb' as PDB
	Read CRYST1 info from PDB: a=39.512 b=37.835 c=57.728 alpha=90 beta=90 gamma=90
  [mask ":MGO" maskmol2 /home/dslochower/hgst-3tb-data/projects/smirnoff-host-guest-simulations/systems/a-mha-s/smirnoff/a000/MGO.mol2]
	Writing '/home/dslochower/hgst-3tb-data/projects/smirnoff-host-guest-simulations/systems/a-mha-s/smirnoff/a000/MGO.mol2' as Mol2
    ACTIONMASK: Information on atoms in mask :MGO will be printed.
	Mol2s of atoms in mask will be written to /home/dslochower/hgst-3tb-data/projects/smirnoff-host-guest-simulations/systems/a-mha-s/smirnoff/a000/MGO.mol2.X
---------- RUN BEGIN -------------------------------------------------

PARAMETER FILES (1 total):
 0: full.hmr.topo, 6168 atoms, 2023 res, box: Orthogonal, 2018 mol, 2000 solvent

INPUT TRAJECTORIES (1 total):
 0: 'smirnoff.pruned.pdb' is a PDB file, Parm full.hmr.topo (Orthogonal box) (reading 1 of 1)
  Coordinate processing will occur on 1 frames.

BEGIN TRAJECTORY PROCESSING:
.....................................................
ACTION SETUP FOR PARM 'full.hmr.topo' (1 actions):
  0: [mask ":MGO" maskmol2 /home/dslochower/hgst-3tb-data/projects/smirnoff-host-guest-simulations/systems/a-mha-s/smirnoff/a000/MGO.mol2]
----- smirnoff.pruned.pdb (1-1, 1) -----
	Read CRYST1 info from PDB: a=39.512 b=37.835 c=57.728 alpha=90 beta=90 gamma=90
100% Complete.

Read 1 frames and processed 1 frames.
TIME: Avg. throughput= 148.8760 frames / second.

ACTION OUTPUT:

RUN TIMING:
TIME:		Init               : 0.0000 s (  0.25%)
TIME:		Trajectory Process : 0.0067 s ( 99.44%)
TIME:		Action Post        : 0.0000 s (  0.01%)
TIME:		Analysis           : 0.0000 s (  0.00%)
TIME:		Data File Write    : 0.0000 s (  0.01%)
TIME:		Other              : 0.0000 s (  0.00%)
TIME:	Run Total 0.0068 s
---------- RUN END ---------------------------------------------------
TIME: Total execution time: 0.0244 seconds.
--------------------------------------------------------------------------------
To cite CPPTRAJ use:
Daniel R. Roe and Thomas E. Cheatham, III, "PTRAJ and CPPTRAJ: Software for
  Processing and Analysis of Molecular Dynamics Trajectory Data". J. Chem.
  Theory Comput., 2013, 9 (7), pp 3084-3095.

