Warning: remote port forwarding failed for listen port 52698
receiving file list ... done
./
MGO.mol2
bam.mol2
dum.mol2
full.crds
full.hmr.topo
mdin

sent 191 bytes  received 1,261,516 bytes  2,523,414.00 bytes/sec
total size is 1,260,949  speedup is 1.00
rsync -armv -e "ssh" --include="mdin" --include="full.crds" --include="full.hmr.topo" --include="*.mol2" --exclude="*" davids4@kirkwood:/data/nhenriksen/projects/cds/wat6/bgbg-tip3p/a-bam-s/a00/ .
Warning: remote port forwarding failed for listen port 52698
receiving file list ... done

sent 74 bytes  received 158 bytes  464.00 bytes/sec
total size is 1,260,949  speedup is 5,435.12
rsync -armv -e "ssh" --include="mdin" --include="full.crds" --include="full.hmr.topo" --include="*.mol2" --exclude="*" davids4@kirkwood:/data/nhenriksen/projects/cds/wat6/bgbg-tip3p/a-bam-s/a00/ .
receiving file list ... done
./
a-bam-s.pdb

sent 57 bytes  received 14,719 bytes  9,850.67 bytes/sec
total size is 14,587  speedup is 0.99
rsync -armv -e "ssh" --include="a-bam-s.pdb" --exclude="*" davids4@kirkwood:/data/nhenriksen/projects/cds/wat6/bgbg-tip3p/a-bam-s/a00/ .
receiving file list ... done

sent 35 bytes  received 86 bytes  242.00 bytes/sec
total size is 14,587  speedup is 120.55
rsync -armv -e "ssh" --include="a-bam-s.pdb" --exclude="*" davids4@kirkwood:/data/nhenriksen/projects/cds/wat6/bgbg-tip3p/a-bam-s/a00/ .
receiving file list ... done

sent 35 bytes  received 86 bytes  242.00 bytes/sec
total size is 14,587  speedup is 120.55
rsync -armv -e "ssh" --include="a-bam-s.pdb" --exclude="*" davids4@kirkwood:/data/nhenriksen/projects/cds/wat6/bgbg-tip3p/a-bam-s/a00/ .
Warning: remote port forwarding failed for listen port 52698
receiving file list ... done

sent 35 bytes  received 86 bytes  242.00 bytes/sec
total size is 14,587  speedup is 120.55
rsync -armv -e "ssh" --include="a-bam-s.pdb" --exclude="*" davids4@kirkwood:/data/nhenriksen/projects/cds/wat6/bgbg-tip3p/a-bam-s/a00/ .
