Warning: remote port forwarding failed for listen port 52698
receiving file list ... done
./
MGO.mol2
dum.mol2
full.crds
full.hmr.topo
mdin
mha.mol2

sent 191 bytes  received 1,266,339 bytes  2,533,060.00 bytes/sec
total size is 1,265,772  speedup is 1.00
rsync -armv -e "ssh" --include="mdin" --include="full.crds" --include="full.hmr.topo" --include="*.mol2" --exclude="*" davids4@kirkwood:/data/nhenriksen/projects/cds/wat6/bgbg-tip3p/a-mha-p/a00/ .
Warning: remote port forwarding failed for listen port 52698
receiving file list ... done

sent 74 bytes  received 158 bytes  464.00 bytes/sec
total size is 1,265,772  speedup is 5,455.91
rsync -armv -e "ssh" --include="mdin" --include="full.crds" --include="full.hmr.topo" --include="*.mol2" --exclude="*" davids4@kirkwood:/data/nhenriksen/projects/cds/wat6/bgbg-tip3p/a-mha-p/a00/ .
receiving file list ... done
./
a-mha-p.pdb

sent 57 bytes  received 15,628 bytes  31,370.00 bytes/sec
total size is 15,496  speedup is 0.99
rsync -armv -e "ssh" --include="a-mha-p.pdb" --exclude="*" davids4@kirkwood:/data/nhenriksen/projects/cds/wat6/bgbg-tip3p/a-mha-p/a00/ .
receiving file list ... done

sent 35 bytes  received 86 bytes  242.00 bytes/sec
total size is 15,496  speedup is 128.07
rsync -armv -e "ssh" --include="a-mha-p.pdb" --exclude="*" davids4@kirkwood:/data/nhenriksen/projects/cds/wat6/bgbg-tip3p/a-mha-p/a00/ .
receiving file list ... done

sent 35 bytes  received 86 bytes  242.00 bytes/sec
total size is 15,496  speedup is 128.07
rsync -armv -e "ssh" --include="a-mha-p.pdb" --exclude="*" davids4@kirkwood:/data/nhenriksen/projects/cds/wat6/bgbg-tip3p/a-mha-p/a00/ .
Warning: remote port forwarding failed for listen port 52698
receiving file list ... done

sent 35 bytes  received 86 bytes  242.00 bytes/sec
total size is 15,496  speedup is 128.07
rsync -armv -e "ssh" --include="a-mha-p.pdb" --exclude="*" davids4@kirkwood:/data/nhenriksen/projects/cds/wat6/bgbg-tip3p/a-mha-p/a00/ .
