Warning: remote port forwarding failed for listen port 52698
receiving file list ... done
./
MGO.mol2
but.mol2
dum.mol2
full.crds
full.hmr.topo
mdin

sent 191 bytes  received 1,259,171 bytes  839,574.67 bytes/sec
total size is 1,258,608  speedup is 1.00
rsync -armv -e "ssh" --include="mdin" --include="full.crds" --include="full.hmr.topo" --include="*.mol2" --exclude="*" davids4@kirkwood:/data/nhenriksen/projects/cds/wat6/bgbg-tip3p/a-but-s/a00/ .
Warning: remote port forwarding failed for listen port 52698
receiving file list ... done

sent 74 bytes  received 154 bytes  456.00 bytes/sec
total size is 1,258,608  speedup is 5,520.21
rsync -armv -e "ssh" --include="mdin" --include="full.crds" --include="full.hmr.topo" --include="*.mol2" --exclude="*" davids4@kirkwood:/data/nhenriksen/projects/cds/wat6/bgbg-tip3p/a-but-s/a00/ .
receiving file list ... done
./
a-but-s.pdb

sent 57 bytes  received 14,315 bytes  9,581.33 bytes/sec
total size is 14,183  speedup is 0.99
rsync -armv -e "ssh" --include="a-but-s.pdb" --exclude="*" davids4@kirkwood:/data/nhenriksen/projects/cds/wat6/bgbg-tip3p/a-but-s/a00/ .
receiving file list ... done

sent 35 bytes  received 86 bytes  242.00 bytes/sec
total size is 14,183  speedup is 117.21
rsync -armv -e "ssh" --include="a-but-s.pdb" --exclude="*" davids4@kirkwood:/data/nhenriksen/projects/cds/wat6/bgbg-tip3p/a-but-s/a00/ .
