Warning: remote port forwarding failed for listen port 52698
receiving file list ... done
./
MGO.mol2
coc.mol2
dum.mol2
full.crds
full.hmr.topo
mdin

sent 191 bytes  received 1,264,951 bytes  2,530,284.00 bytes/sec
total size is 1,264,384  speedup is 1.00
rsync -armv -e "ssh" --include="mdin" --include="full.crds" --include="full.hmr.topo" --include="*.mol2" --exclude="*" davids4@kirkwood:/data/nhenriksen/projects/cds/wat6/bgbg-tip3p/a-coc-s/a00/ .
Warning: remote port forwarding failed for listen port 52698
receiving file list ... done

sent 74 bytes  received 158 bytes  464.00 bytes/sec
total size is 1,264,384  speedup is 5,449.93
rsync -armv -e "ssh" --include="mdin" --include="full.crds" --include="full.hmr.topo" --include="*.mol2" --exclude="*" davids4@kirkwood:/data/nhenriksen/projects/cds/wat6/bgbg-tip3p/a-coc-s/a00/ .
receiving file list ... done
./
a-coc-s.pdb

sent 57 bytes  received 15,537 bytes  10,396.00 bytes/sec
total size is 15,405  speedup is 0.99
rsync -armv -e "ssh" --include="a-coc-s.pdb" --exclude="*" davids4@kirkwood:/data/nhenriksen/projects/cds/wat6/bgbg-tip3p/a-coc-s/a00/ .
receiving file list ... done

sent 35 bytes  received 86 bytes  242.00 bytes/sec
total size is 15,405  speedup is 127.31
rsync -armv -e "ssh" --include="a-coc-s.pdb" --exclude="*" davids4@kirkwood:/data/nhenriksen/projects/cds/wat6/bgbg-tip3p/a-coc-s/a00/ .
