
CPPTRAJ: Trajectory Analysis. V17.00
    ___  ___  ___  ___
     | \/ | \/ | \/ | 
    _|_/\_|_/\_|_/\_|_

| Date/time: 02/26/18 19:15:26
| Available memory: 362.783 MB

INPUT: Reading input from 'a-bam-p/u15/generated/MGO.mol2.in'
  [parm a-bam-p/u15/original/full.hmr.topo]
	Reading 'a-bam-p/u15/original/full.hmr.topo' as Amber Topology
	Radius Set: modified Bondi radii (mbondi)
  [trajin a-bam-p/u15/generated/full.pdb]
	Reading 'a-bam-p/u15/generated/full.pdb' as PDB
	Read CRYST1 info from PDB: a=38.861 b=39.115 c=57.153 alpha=90 beta=90 gamma=90
  [mask ":MGO" maskmol2 a-bam-p/u15/generated/MGO.mol2]
	Writing 'a-bam-p/u15/generated/MGO.mol2' as Mol2
    ACTIONMASK: Information on atoms in mask :MGO will be printed.
	Mol2s of atoms in mask will be written to a-bam-p/u15/generated/MGO.mol2.X
---------- RUN BEGIN -------------------------------------------------

PARAMETER FILES (1 total):
 0: full.hmr.topo, 6159 atoms, 2023 res, box: Orthogonal, 2018 mol, 2000 solvent

INPUT TRAJECTORIES (1 total):
 0: 'full.pdb' is a PDB file, Parm full.hmr.topo (Orthogonal box) (reading 1 of 1)
  Coordinate processing will occur on 1 frames.

BEGIN TRAJECTORY PROCESSING:
.....................................................
ACTION SETUP FOR PARM 'full.hmr.topo' (1 actions):
  0: [mask ":MGO" maskmol2 a-bam-p/u15/generated/MGO.mol2]
----- full.pdb (1-1, 1) -----
	Read CRYST1 info from PDB: a=38.861 b=39.115 c=57.153 alpha=90 beta=90 gamma=90
100% Complete.

Read 1 frames and processed 1 frames.
TIME: Avg. throughput= 258.7992 frames / second.

ACTION OUTPUT:

RUN TIMING:
TIME:		Init               : 0.0000 s (  0.23%)
TIME:		Trajectory Process : 0.0039 s ( 99.43%)
TIME:		Action Post        : 0.0000 s (  0.00%)
TIME:		Analysis           : 0.0000 s (  0.00%)
TIME:		Data File Write    : 0.0000 s (  0.03%)
TIME:		Other              : 0.0000 s (  0.00%)
TIME:	Run Total 0.0039 s
---------- RUN END ---------------------------------------------------
TIME: Total execution time: 0.0138 seconds.
--------------------------------------------------------------------------------
To cite CPPTRAJ use:
Daniel R. Roe and Thomas E. Cheatham, III, "PTRAJ and CPPTRAJ: Software for
  Processing and Analysis of Molecular Dynamics Trajectory Data". J. Chem.
  Theory Comput., 2013, 9 (7), pp 3084-3095.

