Warning: remote port forwarding failed for listen port 52698
receiving file list ... done
./
MGO.mol2
dum.mol2
full.crds
full.hmr.topo
hep.mol2
mdin

sent 191 bytes  received 1,264,032 bytes  842,815.33 bytes/sec
total size is 1,263,461  speedup is 1.00
rsync -armv -e "ssh" --include="mdin" --include="full.crds" --include="full.hmr.topo" --include="*.mol2" --exclude="*" davids4@kirkwood:/data/nhenriksen/projects/cds/wat6/bgbg-tip3p/a-hep-p/a00/ .
Warning: remote port forwarding failed for listen port 52698
receiving file list ... done

sent 74 bytes  received 162 bytes  157.33 bytes/sec
total size is 1,263,461  speedup is 5,353.65
rsync -armv -e "ssh" --include="mdin" --include="full.crds" --include="full.hmr.topo" --include="*.mol2" --exclude="*" davids4@kirkwood:/data/nhenriksen/projects/cds/wat6/bgbg-tip3p/a-hep-p/a00/ .
receiving file list ... done
./
a-hep-p.pdb

sent 57 bytes  received 15,224 bytes  10,187.33 bytes/sec
total size is 15,092  speedup is 0.99
rsync -armv -e "ssh" --include="a-hep-p.pdb" --exclude="*" davids4@kirkwood:/data/nhenriksen/projects/cds/wat6/bgbg-tip3p/a-hep-p/a00/ .
receiving file list ... done

sent 35 bytes  received 86 bytes  80.67 bytes/sec
total size is 15,092  speedup is 124.73
rsync -armv -e "ssh" --include="a-hep-p.pdb" --exclude="*" davids4@kirkwood:/data/nhenriksen/projects/cds/wat6/bgbg-tip3p/a-hep-p/a00/ .
receiving file list ... done

sent 35 bytes  received 86 bytes  242.00 bytes/sec
total size is 15,092  speedup is 124.73
rsync -armv -e "ssh" --include="a-hep-p.pdb" --exclude="*" davids4@kirkwood:/data/nhenriksen/projects/cds/wat6/bgbg-tip3p/a-hep-p/a00/ .
Warning: remote port forwarding failed for listen port 52698
receiving file list ... done

sent 35 bytes  received 86 bytes  242.00 bytes/sec
total size is 15,092  speedup is 124.73
rsync -armv -e "ssh" --include="a-hep-p.pdb" --exclude="*" davids4@kirkwood:/data/nhenriksen/projects/cds/wat6/bgbg-tip3p/a-hep-p/a00/ .
