Warning: remote port forwarding failed for listen port 52698
receiving file list ... done
./
MGO.mol2
dum.mol2
full.crds
full.hmr.topo
hex.mol2
mdin

sent 191 bytes  received 1,262,416 bytes  841,738.00 bytes/sec
total size is 1,261,849  speedup is 1.00
rsync -armv -e "ssh" --include="mdin" --include="full.crds" --include="full.hmr.topo" --include="*.mol2" --exclude="*" davids4@kirkwood:/data/nhenriksen/projects/cds/wat6/bgbg-tip3p/a-hex-s/a00/ .
Warning: remote port forwarding failed for listen port 52698
receiving file list ... done

sent 74 bytes  received 158 bytes  464.00 bytes/sec
total size is 1,261,849  speedup is 5,439.00
rsync -armv -e "ssh" --include="mdin" --include="full.crds" --include="full.hmr.topo" --include="*.mol2" --exclude="*" davids4@kirkwood:/data/nhenriksen/projects/cds/wat6/bgbg-tip3p/a-hex-s/a00/ .
receiving file list ... done
./
a-hex-s.pdb

sent 57 bytes  received 14,921 bytes  9,985.33 bytes/sec
total size is 14,789  speedup is 0.99
rsync -armv -e "ssh" --include="a-hex-s.pdb" --exclude="*" davids4@kirkwood:/data/nhenriksen/projects/cds/wat6/bgbg-tip3p/a-hex-s/a00/ .
receiving file list ... done

sent 35 bytes  received 86 bytes  80.67 bytes/sec
total size is 14,789  speedup is 122.22
rsync -armv -e "ssh" --include="a-hex-s.pdb" --exclude="*" davids4@kirkwood:/data/nhenriksen/projects/cds/wat6/bgbg-tip3p/a-hex-s/a00/ .
receiving file list ... done

sent 35 bytes  received 86 bytes  242.00 bytes/sec
total size is 14,789  speedup is 122.22
rsync -armv -e "ssh" --include="a-hex-s.pdb" --exclude="*" davids4@kirkwood:/data/nhenriksen/projects/cds/wat6/bgbg-tip3p/a-hex-s/a00/ .
Warning: remote port forwarding failed for listen port 52698
receiving file list ... done

sent 35 bytes  received 86 bytes  242.00 bytes/sec
total size is 14,789  speedup is 122.22
rsync -armv -e "ssh" --include="a-hex-s.pdb" --exclude="*" davids4@kirkwood:/data/nhenriksen/projects/cds/wat6/bgbg-tip3p/a-hex-s/a00/ .
