Warning: remote port forwarding failed for listen port 52698
receiving file list ... done
./
MGO.mol2
dum.mol2
full.crds
full.hmr.topo
ham.mol2
mdin

sent 191 bytes  received 1,264,754 bytes  2,529,890.00 bytes/sec
total size is 1,264,187  speedup is 1.00
rsync -armv -e "ssh" --include="mdin" --include="full.crds" --include="full.hmr.topo" --include="*.mol2" --exclude="*" davids4@kirkwood:/data/nhenriksen/projects/cds/wat6/bgbg-tip3p/a-ham-p/a00/ .
Warning: remote port forwarding failed for listen port 52698
receiving file list ... done

sent 74 bytes  received 158 bytes  464.00 bytes/sec
total size is 1,264,187  speedup is 5,449.08
rsync -armv -e "ssh" --include="mdin" --include="full.crds" --include="full.hmr.topo" --include="*.mol2" --exclude="*" davids4@kirkwood:/data/nhenriksen/projects/cds/wat6/bgbg-tip3p/a-ham-p/a00/ .
receiving file list ... done
./
a-ham-p.pdb

sent 57 bytes  received 15,325 bytes  30,764.00 bytes/sec
total size is 15,193  speedup is 0.99
rsync -armv -e "ssh" --include="a-ham-p.pdb" --exclude="*" davids4@kirkwood:/data/nhenriksen/projects/cds/wat6/bgbg-tip3p/a-ham-p/a00/ .
receiving file list ... done

sent 35 bytes  received 86 bytes  242.00 bytes/sec
total size is 15,193  speedup is 125.56
rsync -armv -e "ssh" --include="a-ham-p.pdb" --exclude="*" davids4@kirkwood:/data/nhenriksen/projects/cds/wat6/bgbg-tip3p/a-ham-p/a00/ .
