Warning: remote port forwarding failed for listen port 52698
receiving file list ... done
./
MGO.mol2
dum.mol2
full.crds
full.hmr.topo
mdin
nmb.mol2

sent 191 bytes  received 1,263,094 bytes  842,190.00 bytes/sec
total size is 1,262,527  speedup is 1.00
rsync -armv -e "ssh" --include="mdin" --include="full.crds" --include="full.hmr.topo" --include="*.mol2" --exclude="*" davids4@kirkwood:/data/nhenriksen/projects/cds/wat6/bgbg-tip3p/a-nmb-p/a00/ .
Warning: remote port forwarding failed for listen port 52698
receiving file list ... done

sent 74 bytes  received 158 bytes  464.00 bytes/sec
total size is 1,262,527  speedup is 5,441.93
rsync -armv -e "ssh" --include="mdin" --include="full.crds" --include="full.hmr.topo" --include="*.mol2" --exclude="*" davids4@kirkwood:/data/nhenriksen/projects/cds/wat6/bgbg-tip3p/a-nmb-p/a00/ .
receiving file list ... done
./
a-nmb-p.pdb

sent 57 bytes  received 15,022 bytes  10,052.67 bytes/sec
total size is 14,890  speedup is 0.99
rsync -armv -e "ssh" --include="a-nmb-p.pdb" --exclude="*" davids4@kirkwood:/data/nhenriksen/projects/cds/wat6/bgbg-tip3p/a-nmb-p/a00/ .
