
CPPTRAJ: Trajectory Analysis. V17.00
    ___  ___  ___  ___
     | \/ | \/ | \/ | 
    _|_/\_|_/\_|_/\_|_

| Date/time: 07/13/18 11:01:15
| Available memory: 223.039 MB

INPUT: Reading input from 'systems/b-cbu-p/smirnoff/p003/smirnoff.pdb.in'
  [parm systems/b-cbu-p/smirnoff/p003/full.hmr.topo]
	Reading 'systems/b-cbu-p/smirnoff/p003/full.hmr.topo' as Amber Topology
	Radius Set: modified Bondi radii (mbondi)
  [trajin systems/b-cbu-p/smirnoff/p003/full.crds]
	Reading 'systems/b-cbu-p/smirnoff/p003/full.crds' as Amber Restart
  [trajout systems/b-cbu-p/smirnoff/p003/smirnoff.pdb conect]
	Writing 'systems/b-cbu-p/smirnoff/p003/smirnoff.pdb' as PDB
---------- RUN BEGIN -------------------------------------------------

PARAMETER FILES (1 total):
 0: full.hmr.topo, 6805 atoms, 2233 res, box: Orthogonal, 2227 mol, 2210 solvent

INPUT TRAJECTORIES (1 total):
 0: 'full.crds' is an AMBER restart file, no velocities, Parm full.hmr.topo (Orthogonal box) (reading 1 of 1)
  Coordinate processing will occur on 1 frames.

OUTPUT TRAJECTORIES (1 total):
  'smirnoff.pdb' (1 frames) is a PDB file with CONECT records

BEGIN TRAJECTORY PROCESSING:
Warning: No PDB space group specified.
----- full.crds (1-1, 1) -----
100% Complete.

Read 1 frames and processed 1 frames.
TIME: Avg. throughput= 24.2319 frames / second.

ACTION OUTPUT:

RUN TIMING:
TIME:		Init               : 0.0000 s (  0.07%)
TIME:		Trajectory Process : 0.0413 s ( 81.41%)
TIME:		Action Post        : 0.0000 s (  0.00%)
TIME:		Analysis           : 0.0000 s (  0.00%)
TIME:		Data File Write    : 0.0000 s (  0.00%)
TIME:		Other              : 0.0094 s (  0.19%)
TIME:	Run Total 0.0507 s
---------- RUN END ---------------------------------------------------
TIME: Total execution time: 0.1025 seconds.
--------------------------------------------------------------------------------
To cite CPPTRAJ use:
Daniel R. Roe and Thomas E. Cheatham, III, "PTRAJ and CPPTRAJ: Software for
  Processing and Analysis of Molecular Dynamics Trajectory Data". J. Chem.
  Theory Comput., 2013, 9 (7), pp 3084-3095.

