Warning: remote port forwarding failed for listen port 52698
receiving file list ... done
./
MGO.mol2
chp.mol2
dum.mol2
full.crds
full.hmr.topo
mdin

sent 191 bytes  received 1,263,330 bytes  2,527,042.00 bytes/sec
total size is 1,262,767  speedup is 1.00
rsync -armv -e "ssh" --include="mdin" --include="full.crds" --include="full.hmr.topo" --include="*.mol2" --exclude="*" davids4@kirkwood:/data/nhenriksen/projects/cds/wat6/bgbg-tip3p/a-chp-s/a00/ .
Warning: remote port forwarding failed for listen port 52698
receiving file list ... done

sent 74 bytes  received 154 bytes  456.00 bytes/sec
total size is 1,262,767  speedup is 5,538.45
rsync -armv -e "ssh" --include="mdin" --include="full.crds" --include="full.hmr.topo" --include="*.mol2" --exclude="*" davids4@kirkwood:/data/nhenriksen/projects/cds/wat6/bgbg-tip3p/a-chp-s/a00/ .
receiving file list ... done
./
a-chp-s.pdb

sent 57 bytes  received 15,234 bytes  30,582.00 bytes/sec
total size is 15,102  speedup is 0.99
rsync -armv -e "ssh" --include="a-chp-s.pdb" --exclude="*" davids4@kirkwood:/data/nhenriksen/projects/cds/wat6/bgbg-tip3p/a-chp-s/a00/ .
receiving file list ... done

sent 35 bytes  received 86 bytes  80.67 bytes/sec
total size is 15,102  speedup is 124.81
rsync -armv -e "ssh" --include="a-chp-s.pdb" --exclude="*" davids4@kirkwood:/data/nhenriksen/projects/cds/wat6/bgbg-tip3p/a-chp-s/a00/ .
receiving file list ... done

sent 35 bytes  received 86 bytes  80.67 bytes/sec
total size is 15,102  speedup is 124.81
rsync -armv -e "ssh" --include="a-chp-s.pdb" --exclude="*" davids4@kirkwood:/data/nhenriksen/projects/cds/wat6/bgbg-tip3p/a-chp-s/a00/ .
Warning: remote port forwarding failed for listen port 52698
receiving file list ... done

sent 35 bytes  received 86 bytes  242.00 bytes/sec
total size is 15,102  speedup is 124.81
rsync -armv -e "ssh" --include="a-chp-s.pdb" --exclude="*" davids4@kirkwood:/data/nhenriksen/projects/cds/wat6/bgbg-tip3p/a-chp-s/a00/ .
