Warning: remote port forwarding failed for listen port 52698
receiving file list ... done
./
MGO.mol2
dum.mol2
full.crds
full.hmr.topo
mdin
pnt.mol2

sent 191 bytes  received 1,260,791 bytes  2,521,964.00 bytes/sec
total size is 1,260,224  speedup is 1.00
rsync -armv -e "ssh" --include="mdin" --include="full.crds" --include="full.hmr.topo" --include="*.mol2" --exclude="*" davids4@kirkwood:/data/nhenriksen/projects/cds/wat6/bgbg-tip3p/a-pnt-p/a00/ .
Warning: remote port forwarding failed for listen port 52698
receiving file list ... done

sent 74 bytes  received 158 bytes  154.67 bytes/sec
total size is 1,260,224  speedup is 5,432.00
rsync -armv -e "ssh" --include="mdin" --include="full.crds" --include="full.hmr.topo" --include="*.mol2" --exclude="*" davids4@kirkwood:/data/nhenriksen/projects/cds/wat6/bgbg-tip3p/a-pnt-p/a00/ .
receiving file list ... done
./
a-pnt-p.pdb

sent 57 bytes  received 14,618 bytes  29,350.00 bytes/sec
total size is 14,486  speedup is 0.99
rsync -armv -e "ssh" --include="a-pnt-p.pdb" --exclude="*" davids4@kirkwood:/data/nhenriksen/projects/cds/wat6/bgbg-tip3p/a-pnt-p/a00/ .
