Warning: remote port forwarding failed for listen port 52698
receiving file list ... done
./
MGO.mol2
chp.mol2
dum.mol2
full.crds
full.hmr.topo
mdin

sent 191 bytes  received 1,397,049 bytes  931,493.33 bytes/sec
total size is 1,396,466  speedup is 1.00
rsync -armv -e "ssh" --include="mdin" --include="full.crds" --include="full.hmr.topo" --include="*.mol2" --exclude="*" davids4@kirkwood:/data/nhenriksen/projects/cds/wat6/bgbg-tip3p/b-chp-s/a00/ .
Warning: remote port forwarding failed for listen port 52698
receiving file list ... done

sent 74 bytes  received 158 bytes  154.67 bytes/sec
total size is 1,396,466  speedup is 6,019.25
rsync -armv -e "ssh" --include="mdin" --include="full.crds" --include="full.hmr.topo" --include="*.mol2" --exclude="*" davids4@kirkwood:/data/nhenriksen/projects/cds/wat6/bgbg-tip3p/b-chp-s/a00/ .
receiving file list ... done
./
b-chp-s.pdb

sent 57 bytes  received 17,365 bytes  1,514.96 bytes/sec
total size is 17,233  speedup is 0.99
rsync -armv -e "ssh" --include="b-chp-s.pdb" --exclude="*" davids4@kirkwood:/data/nhenriksen/projects/cds/wat6/bgbg-tip3p/b-chp-s/a00/ .
receiving file list ... done

sent 35 bytes  received 86 bytes  242.00 bytes/sec
total size is 17,233  speedup is 142.42
rsync -armv -e "ssh" --include="b-chp-s.pdb" --exclude="*" davids4@kirkwood:/data/nhenriksen/projects/cds/wat6/bgbg-tip3p/b-chp-s/a00/ .
Warning: remote port forwarding failed for listen port 52698
receiving file list ... done

sent 35 bytes  received 86 bytes  80.67 bytes/sec
total size is 17,233  speedup is 142.42
rsync -armv -e "ssh" --include="b-chp-s.pdb" --exclude="*" davids4@kirkwood:/data/nhenriksen/projects/cds/wat6/bgbg-tip3p/b-chp-s/a00/ .
