
CPPTRAJ: Trajectory Analysis. V17.00
    ___  ___  ___  ___
     | \/ | \/ | \/ | 
    _|_/\_|_/\_|_/\_|_

| Date/time: 07/13/18 13:15:35
| Available memory: 6.893 GB

INPUT: Reading input from 'water_ions.pdb.in'
  [parm full.hmr.topo]
	Reading 'full.hmr.topo' as Amber Topology
	Radius Set: modified Bondi radii (mbondi)
  [trajin full.crds]
	Reading 'full.crds' as Amber Restart
  [strip :MGO]
    STRIP: Stripping atoms in mask [:MGO]
  [strip :M4C]
    STRIP: Stripping atoms in mask [:M4C]
  [trajout water_ions.pdb]
	Writing 'water_ions.pdb' as PDB
---------- RUN BEGIN -------------------------------------------------

PARAMETER FILES (1 total):
 0: full.hmr.topo, 6814 atoms, 2233 res, box: Orthogonal, 2227 mol, 2210 solvent

INPUT TRAJECTORIES (1 total):
 0: 'full.crds' is an AMBER restart file, no velocities, Parm full.hmr.topo (Orthogonal box) (reading 1 of 1)
  Coordinate processing will occur on 1 frames.

OUTPUT TRAJECTORIES (1 total):
  'water_ions.pdb' (1 frames) is a PDB file

BEGIN TRAJECTORY PROCESSING:
.....................................................
ACTION SETUP FOR PARM 'full.hmr.topo' (2 actions):
  0: [strip :MGO]
	Stripping 147 atoms.
	Stripped topology: 6667 atoms, 2226 res, box: Orthogonal, 2226 mol, 2210 solvent
  1: [strip :M4C]
	Stripping 22 atoms.
	Stripped topology: 6645 atoms, 2225 res, box: Orthogonal, 2225 mol, 2210 solvent
Warning: No PDB space group specified.
----- full.crds (1-1, 1) -----
100% Complete.

Read 1 frames and processed 1 frames.
TIME: Avg. throughput= 27.7832 frames / second.

ACTION OUTPUT:

RUN TIMING:
TIME:		Init               : 0.0000 s (  0.05%)
TIME:		Trajectory Process : 0.0360 s ( 97.42%)
TIME:		Action Post        : 0.0000 s (  0.00%)
TIME:		Analysis           : 0.0000 s (  0.00%)
TIME:		Data File Write    : 0.0000 s (  0.00%)
TIME:		Other              : 0.0009 s (  0.03%)
TIME:	Run Total 0.0369 s
---------- RUN END ---------------------------------------------------
TIME: Total execution time: 0.0554 seconds.
--------------------------------------------------------------------------------
To cite CPPTRAJ use:
Daniel R. Roe and Thomas E. Cheatham, III, "PTRAJ and CPPTRAJ: Software for
  Processing and Analysis of Molecular Dynamics Trajectory Data". J. Chem.
  Theory Comput., 2013, 9 (7), pp 3084-3095.

