Warning: remote port forwarding failed for listen port 52698
receiving file list ... done
./
MGO.mol2
cbu.mol2
dum.mol2
full.crds
full.hmr.topo
mdin

sent 191 bytes  received 1,258,642 bytes  839,222.00 bytes/sec
total size is 1,258,075  speedup is 1.00
rsync -armv -e "ssh" --include="mdin" --include="full.crds" --include="full.hmr.topo" --include="*.mol2" --exclude="*" davids4@kirkwood:/data/nhenriksen/projects/cds/wat6/bgbg-tip3p/a-cbu-s/a00/ .
Warning: remote port forwarding failed for listen port 52698
receiving file list ... done

sent 74 bytes  received 158 bytes  464.00 bytes/sec
total size is 1,258,075  speedup is 5,422.74
rsync -armv -e "ssh" --include="mdin" --include="full.crds" --include="full.hmr.topo" --include="*.mol2" --exclude="*" davids4@kirkwood:/data/nhenriksen/projects/cds/wat6/bgbg-tip3p/a-cbu-s/a00/ .
receiving file list ... done
./
a-cbu-s.pdb

sent 57 bytes  received 14,325 bytes  9,588.00 bytes/sec
total size is 14,193  speedup is 0.99
rsync -armv -e "ssh" --include="a-cbu-s.pdb" --exclude="*" davids4@kirkwood:/data/nhenriksen/projects/cds/wat6/bgbg-tip3p/a-cbu-s/a00/ .
receiving file list ... done

sent 35 bytes  received 86 bytes  242.00 bytes/sec
total size is 14,193  speedup is 117.30
rsync -armv -e "ssh" --include="a-cbu-s.pdb" --exclude="*" davids4@kirkwood:/data/nhenriksen/projects/cds/wat6/bgbg-tip3p/a-cbu-s/a00/ .
receiving file list ... done

sent 35 bytes  received 86 bytes  242.00 bytes/sec
total size is 14,193  speedup is 117.30
rsync -armv -e "ssh" --include="a-cbu-s.pdb" --exclude="*" davids4@kirkwood:/data/nhenriksen/projects/cds/wat6/bgbg-tip3p/a-cbu-s/a00/ .
Warning: remote port forwarding failed for listen port 52698
receiving file list ... done

sent 35 bytes  received 86 bytes  242.00 bytes/sec
total size is 14,193  speedup is 117.30
rsync -armv -e "ssh" --include="a-cbu-s.pdb" --exclude="*" davids4@kirkwood:/data/nhenriksen/projects/cds/wat6/bgbg-tip3p/a-cbu-s/a00/ .
