
CPPTRAJ: Trajectory Analysis. V17.00
    ___  ___  ___  ___
     | \/ | \/ | \/ | 
    _|_/\_|_/\_|_/\_|_

| Date/time: 07/13/18 06:44:14
| Available memory: 14.195 GB

INPUT: Reading input from '/home/dslochower/hgst-3tb-data/projects/smirnoff-host-guest-simulations/systems/b-mp3-p/smirnoff/a000/mp3.mol2.in'
  [parm /home/dslochower/hgst-3tb-data/projects/smirnoff-host-guest-simulations/systems/b-mp3-p/smirnoff/a000/full.hmr.topo]
	Reading '/home/dslochower/hgst-3tb-data/projects/smirnoff-host-guest-simulations/systems/b-mp3-p/smirnoff/a000/full.hmr.topo' as Amber Topology
	Radius Set: modified Bondi radii (mbondi)
  [trajin /home/dslochower/hgst-3tb-data/projects/smirnoff-host-guest-simulations/systems/b-mp3-p/smirnoff/a000/smirnoff.pdb]
	Reading '/home/dslochower/hgst-3tb-data/projects/smirnoff-host-guest-simulations/systems/b-mp3-p/smirnoff/a000/smirnoff.pdb' as PDB
	Read CRYST1 info from PDB: a=40.176 b=40.343 c=56.547 alpha=90 beta=90 gamma=90
  [mask ":MP3" maskmol2 /home/dslochower/hgst-3tb-data/projects/smirnoff-host-guest-simulations/systems/b-mp3-p/smirnoff/a000/mp3.mol2]
	Writing '/home/dslochower/hgst-3tb-data/projects/smirnoff-host-guest-simulations/systems/b-mp3-p/smirnoff/a000/mp3.mol2' as Mol2
    ACTIONMASK: Information on atoms in mask :MP3 will be printed.
	Mol2s of atoms in mask will be written to /home/dslochower/hgst-3tb-data/projects/smirnoff-host-guest-simulations/systems/b-mp3-p/smirnoff/a000/mp3.mol2.X
---------- RUN BEGIN -------------------------------------------------

PARAMETER FILES (1 total):
 0: full.hmr.topo, 6813 atoms, 2234 res, box: Orthogonal, 2228 mol, 2210 solvent

INPUT TRAJECTORIES (1 total):
 0: 'smirnoff.pdb' is a PDB file, Parm full.hmr.topo (Orthogonal box) (reading 1 of 1)
  Coordinate processing will occur on 1 frames.

BEGIN TRAJECTORY PROCESSING:
.....................................................
ACTION SETUP FOR PARM 'full.hmr.topo' (1 actions):
  0: [mask ":MP3" maskmol2 /home/dslochower/hgst-3tb-data/projects/smirnoff-host-guest-simulations/systems/b-mp3-p/smirnoff/a000/mp3.mol2]
----- smirnoff.pdb (1-1, 1) -----
	Read CRYST1 info from PDB: a=40.176 b=40.343 c=56.547 alpha=90 beta=90 gamma=90
100% Complete.

Read 1 frames and processed 1 frames.
TIME: Avg. throughput= 183.6547 frames / second.

ACTION OUTPUT:

RUN TIMING:
TIME:		Init               : 0.0000 s (  0.27%)
TIME:		Trajectory Process : 0.0054 s ( 99.38%)
TIME:		Action Post        : 0.0000 s (  0.00%)
TIME:		Analysis           : 0.0000 s (  0.00%)
TIME:		Data File Write    : 0.0000 s (  0.02%)
TIME:		Other              : 0.0000 s (  0.00%)
TIME:	Run Total 0.0055 s
---------- RUN END ---------------------------------------------------
TIME: Total execution time: 0.0223 seconds.
--------------------------------------------------------------------------------
To cite CPPTRAJ use:
Daniel R. Roe and Thomas E. Cheatham, III, "PTRAJ and CPPTRAJ: Software for
  Processing and Analysis of Molecular Dynamics Trajectory Data". J. Chem.
  Theory Comput., 2013, 9 (7), pp 3084-3095.

