Warning: remote port forwarding failed for listen port 52698
receiving file list ... done
./
MGO.mol2
cpe.mol2
dum.mol2
full.crds
full.hmr.topo
mdin

sent 191 bytes  received 1,260,047 bytes  2,520,476.00 bytes/sec
total size is 1,259,480  speedup is 1.00
rsync -armv -e "ssh" --include="mdin" --include="full.crds" --include="full.hmr.topo" --include="*.mol2" --exclude="*" davids4@kirkwood:/data/nhenriksen/projects/cds/wat6/bgbg-tip3p/a-cpe-s/a00/ .
Warning: remote port forwarding failed for listen port 52698
receiving file list ... done

sent 74 bytes  received 158 bytes  464.00 bytes/sec
total size is 1,259,480  speedup is 5,428.79
rsync -armv -e "ssh" --include="mdin" --include="full.crds" --include="full.hmr.topo" --include="*.mol2" --exclude="*" davids4@kirkwood:/data/nhenriksen/projects/cds/wat6/bgbg-tip3p/a-cpe-s/a00/ .
receiving file list ... done
./
a-cpe-s.pdb

sent 57 bytes  received 14,628 bytes  29,370.00 bytes/sec
total size is 14,496  speedup is 0.99
rsync -armv -e "ssh" --include="a-cpe-s.pdb" --exclude="*" davids4@kirkwood:/data/nhenriksen/projects/cds/wat6/bgbg-tip3p/a-cpe-s/a00/ .
receiving file list ... done

sent 35 bytes  received 86 bytes  242.00 bytes/sec
total size is 14,496  speedup is 119.80
rsync -armv -e "ssh" --include="a-cpe-s.pdb" --exclude="*" davids4@kirkwood:/data/nhenriksen/projects/cds/wat6/bgbg-tip3p/a-cpe-s/a00/ .
