Warning: remote port forwarding failed for listen port 52698
receiving file list ... done
./
MGO.mol2
cbu.mol2
dum.mol2
full.crds
full.hmr.topo
mdin

sent 191 bytes  received 1,258,642 bytes  2,517,666.00 bytes/sec
total size is 1,258,075  speedup is 1.00
rsync -armv -e "ssh" --include="mdin" --include="full.crds" --include="full.hmr.topo" --include="*.mol2" --exclude="*" davids4@kirkwood:/data/nhenriksen/projects/cds/wat6/bgbg-tip3p/a-cbu-p/a00/ .
Warning: remote port forwarding failed for listen port 52698
receiving file list ... done

sent 74 bytes  received 158 bytes  154.67 bytes/sec
total size is 1,258,075  speedup is 5,422.74
rsync -armv -e "ssh" --include="mdin" --include="full.crds" --include="full.hmr.topo" --include="*.mol2" --exclude="*" davids4@kirkwood:/data/nhenriksen/projects/cds/wat6/bgbg-tip3p/a-cbu-p/a00/ .
receiving file list ... done
./
a-cbu-p.pdb

sent 57 bytes  received 14,457 bytes  29,028.00 bytes/sec
total size is 14,325  speedup is 0.99
rsync -armv -e "ssh" --include="a-cbu-p.pdb" --exclude="*" davids4@kirkwood:/data/nhenriksen/projects/cds/wat6/bgbg-tip3p/a-cbu-p/a00/ .
receiving file list ... done

sent 35 bytes  received 86 bytes  242.00 bytes/sec
total size is 14,325  speedup is 118.39
rsync -armv -e "ssh" --include="a-cbu-p.pdb" --exclude="*" davids4@kirkwood:/data/nhenriksen/projects/cds/wat6/bgbg-tip3p/a-cbu-p/a00/ .
