Warning: remote port forwarding failed for listen port 52698
receiving file list ... done
./
MGO.mol2
but.mol2
dum.mol2
full.crds
full.hmr.topo
mdin

sent 191 bytes  received 1,259,175 bytes  2,518,732.00 bytes/sec
total size is 1,258,608  speedup is 1.00
rsync -armv -e "ssh" --include="mdin" --include="full.crds" --include="full.hmr.topo" --include="*.mol2" --exclude="*" davids4@kirkwood:/data/nhenriksen/projects/cds/wat6/bgbg-tip3p/a-but-p/a00/ .
Warning: remote port forwarding failed for listen port 52698
receiving file list ... done

sent 74 bytes  received 158 bytes  464.00 bytes/sec
total size is 1,258,608  speedup is 5,425.03
rsync -armv -e "ssh" --include="mdin" --include="full.crds" --include="full.hmr.topo" --include="*.mol2" --exclude="*" davids4@kirkwood:/data/nhenriksen/projects/cds/wat6/bgbg-tip3p/a-but-p/a00/ .
receiving file list ... done
./
a-but-p.pdb

sent 57 bytes  received 14,315 bytes  28,744.00 bytes/sec
total size is 14,183  speedup is 0.99
rsync -armv -e "ssh" --include="a-but-p.pdb" --exclude="*" davids4@kirkwood:/data/nhenriksen/projects/cds/wat6/bgbg-tip3p/a-but-p/a00/ .
receiving file list ... done

sent 35 bytes  received 86 bytes  242.00 bytes/sec
total size is 14,183  speedup is 117.21
rsync -armv -e "ssh" --include="a-but-p.pdb" --exclude="*" davids4@kirkwood:/data/nhenriksen/projects/cds/wat6/bgbg-tip3p/a-but-p/a00/ .
receiving file list ... done

sent 35 bytes  received 86 bytes  242.00 bytes/sec
total size is 14,183  speedup is 117.21
rsync -armv -e "ssh" --include="a-but-p.pdb" --exclude="*" davids4@kirkwood:/data/nhenriksen/projects/cds/wat6/bgbg-tip3p/a-but-p/a00/ .
Warning: remote port forwarding failed for listen port 52698
receiving file list ... done

sent 35 bytes  received 86 bytes  242.00 bytes/sec
total size is 14,183  speedup is 117.21
rsync -armv -e "ssh" --include="a-but-p.pdb" --exclude="*" davids4@kirkwood:/data/nhenriksen/projects/cds/wat6/bgbg-tip3p/a-but-p/a00/ .
