Warning: remote port forwarding failed for listen port 52698
receiving file list ... done
./
MGO.mol2
dum.mol2
full.crds
full.hmr.topo
mch.mol2
mdin

sent 191 bytes  received 1,397,260 bytes  2,794,902.00 bytes/sec
total size is 1,396,677  speedup is 1.00
rsync -armv -e "ssh" --include="mdin" --include="full.crds" --include="full.hmr.topo" --include="*.mol2" --exclude="*" davids4@kirkwood:/data/nhenriksen/projects/cds/wat6/bgbg-tip3p/b-mch-s/a00/ .
Warning: remote port forwarding failed for listen port 52698
receiving file list ... done

sent 74 bytes  received 158 bytes  154.67 bytes/sec
total size is 1,396,677  speedup is 6,020.16
rsync -armv -e "ssh" --include="mdin" --include="full.crds" --include="full.hmr.topo" --include="*.mol2" --exclude="*" davids4@kirkwood:/data/nhenriksen/projects/cds/wat6/bgbg-tip3p/b-mch-s/a00/ .
receiving file list ... done
./
b-mch-s.pdb

sent 57 bytes  received 17,365 bytes  11,614.67 bytes/sec
total size is 17,233  speedup is 0.99
rsync -armv -e "ssh" --include="b-mch-s.pdb" --exclude="*" davids4@kirkwood:/data/nhenriksen/projects/cds/wat6/bgbg-tip3p/b-mch-s/a00/ .
Warning: remote port forwarding failed for listen port 52698
receiving file list ... done

sent 35 bytes  received 86 bytes  80.67 bytes/sec
total size is 17,233  speedup is 142.42
rsync -armv -e "ssh" --include="b-mch-s.pdb" --exclude="*" davids4@kirkwood:/data/nhenriksen/projects/cds/wat6/bgbg-tip3p/b-mch-s/a00/ .
