Warning: remote port forwarding failed for listen port 52698
receiving file list ... done
./
MGO.mol2
dum.mol2
full.crds
full.hmr.topo
mdin
mp3.mol2

sent 191 bytes  received 1,397,503 bytes  2,795,388.00 bytes/sec
total size is 1,396,920  speedup is 1.00
rsync -armv -e "ssh" --include="mdin" --include="full.crds" --include="full.hmr.topo" --include="*.mol2" --exclude="*" davids4@kirkwood:/data/nhenriksen/projects/cds/wat6/bgbg-tip3p/b-mp3-s/a00/ .
Warning: remote port forwarding failed for listen port 52698
receiving file list ... done

sent 74 bytes  received 158 bytes  154.67 bytes/sec
total size is 1,396,920  speedup is 6,021.21
rsync -armv -e "ssh" --include="mdin" --include="full.crds" --include="full.hmr.topo" --include="*.mol2" --exclude="*" davids4@kirkwood:/data/nhenriksen/projects/cds/wat6/bgbg-tip3p/b-mp3-s/a00/ .
receiving file list ... done
./
b-mp3-s.pdb

sent 57 bytes  received 17,163 bytes  11,480.00 bytes/sec
total size is 17,031  speedup is 0.99
rsync -armv -e "ssh" --include="b-mp3-s.pdb" --exclude="*" davids4@kirkwood:/data/nhenriksen/projects/cds/wat6/bgbg-tip3p/b-mp3-s/a00/ .
Warning: remote port forwarding failed for listen port 52698
receiving file list ... done

sent 35 bytes  received 86 bytes  242.00 bytes/sec
total size is 17,031  speedup is 140.75
rsync -armv -e "ssh" --include="b-mp3-s.pdb" --exclude="*" davids4@kirkwood:/data/nhenriksen/projects/cds/wat6/bgbg-tip3p/b-mp3-s/a00/ .
