Warning: remote port forwarding failed for listen port 52698
receiving file list ... done
./
MGO.mol2
bam.mol2
dum.mol2
full.crds
full.hmr.topo
mdin

sent 191 bytes  received 1,261,516 bytes  841,138.00 bytes/sec
total size is 1,260,949  speedup is 1.00
rsync -armv -e "ssh" --include="mdin" --include="full.crds" --include="full.hmr.topo" --include="*.mol2" --exclude="*" davids4@kirkwood:/data/nhenriksen/projects/cds/wat6/bgbg-tip3p/a-bam-p/a00/ .
Warning: remote port forwarding failed for listen port 52698
receiving file list ... done

sent 74 bytes  received 158 bytes  154.67 bytes/sec
total size is 1,260,949  speedup is 5,435.12
rsync -armv -e "ssh" --include="mdin" --include="full.crds" --include="full.hmr.topo" --include="*.mol2" --exclude="*" davids4@kirkwood:/data/nhenriksen/projects/cds/wat6/bgbg-tip3p/a-bam-p/a00/ .
Warning: remote port forwarding failed for listen port 52698
receiving file list ... 
rsync: change_dir "/data/nhenriksen/projects/cds/wat6/bgbg-tip3p/a-bam-p/a00/a-bam-p.pdb" failed: Not a directory (20)
done

sent 26 bytes  received 138 bytes  328.00 bytes/sec
total size is 0  speedup is 0.00
rsync error: some files/attrs were not transferred (see previous errors) (code 23) at main.c(1650) [Receiver=3.1.2]
rsync -armv -e "ssh" --include="*.pdb" --exclude="*" davids4@kirkwood:/data/nhenriksen/projects/cds/wat6/bgbg-tip3p/a-bam-p/a00/a-bam-p.pdb/ .
Warning: remote port forwarding failed for listen port 52698
receiving file list ... 
rsync: change_dir "/data/nhenriksen/projects/cds/wat6/bgbg-tip3p/a-bam-p/a00/a-bam-p.pdb" failed: Not a directory (20)
done

sent 32 bytes  received 138 bytes  340.00 bytes/sec
total size is 0  speedup is 0.00
rsync error: some files/attrs were not transferred (see previous errors) (code 23) at main.c(1650) [Receiver=3.1.2]
rsync -armv -e "ssh" --include="a-bam-p.pdb" --exclude="*" davids4@kirkwood:/data/nhenriksen/projects/cds/wat6/bgbg-tip3p/a-bam-p/a00/a-bam-p.pdb/ .
Warning: remote port forwarding failed for listen port 52698
receiving file list ... done
./
a-bam-p.pdb

sent 57 bytes  received 14,719 bytes  9,850.67 bytes/sec
total size is 14,587  speedup is 0.99
rsync -armv -e "ssh" --include="a-bam-p.pdb" --exclude="*" davids4@kirkwood:/data/nhenriksen/projects/cds/wat6/bgbg-tip3p/a-bam-p/a00/ .
Warning: remote port forwarding failed for listen port 52698
receiving file list ... done

sent 35 bytes  received 86 bytes  242.00 bytes/sec
total size is 14,587  speedup is 120.55
rsync -armv -e "ssh" --include="a-bam-p.pdb" --exclude="*" davids4@kirkwood:/data/nhenriksen/projects/cds/wat6/bgbg-tip3p/a-bam-p/a00/ .
Warning: remote port forwarding failed for listen port 52698
receiving file list ... done

sent 35 bytes  received 86 bytes  242.00 bytes/sec
total size is 14,587  speedup is 120.55
rsync -armv -e "ssh" --include="a-bam-p.pdb" --exclude="*" davids4@kirkwood:/data/nhenriksen/projects/cds/wat6/bgbg-tip3p/a-bam-p/a00/ .
receiving file list ... done
./

sent 38 bytes  received 89 bytes  28.22 bytes/sec
total size is 14,587  speedup is 114.86
rsync -armv -e "ssh" --include="a-bam-p.pdb" --exclude="*" davids4@kirkwood:/data/nhenriksen/projects/cds/wat6/bgbg-tip3p/a-bam-p/a00/ .
receiving file list ... done

sent 35 bytes  received 86 bytes  80.67 bytes/sec
total size is 14,587  speedup is 120.55
rsync -armv -e "ssh" --include="a-bam-p.pdb" --exclude="*" davids4@kirkwood:/data/nhenriksen/projects/cds/wat6/bgbg-tip3p/a-bam-p/a00/ .
receiving file list ... done

sent 35 bytes  received 86 bytes  242.00 bytes/sec
total size is 14,587  speedup is 120.55
rsync -armv -e "ssh" --include="a-bam-p.pdb" --exclude="*" davids4@kirkwood:/data/nhenriksen/projects/cds/wat6/bgbg-tip3p/a-bam-p/a00/ .
receiving file list ... done

sent 35 bytes  received 86 bytes  80.67 bytes/sec
total size is 14,587  speedup is 120.55
rsync -armv -e "ssh" --include="a-bam-p.pdb" --exclude="*" davids4@kirkwood:/data/nhenriksen/projects/cds/wat6/bgbg-tip3p/a-bam-p/a00/ .
receiving file list ... done

sent 35 bytes  received 86 bytes  80.67 bytes/sec
total size is 14,587  speedup is 120.55
rsync -armv -e "ssh" --include="a-bam-p.pdb" --exclude="*" davids4@kirkwood:/data/nhenriksen/projects/cds/wat6/bgbg-tip3p/a-bam-p/a00/ .
receiving file list ... done

sent 35 bytes  received 86 bytes  242.00 bytes/sec
total size is 14,587  speedup is 120.55
rsync -armv -e "ssh" --include="a-bam-p.pdb" --exclude="*" davids4@kirkwood:/data/nhenriksen/projects/cds/wat6/bgbg-tip3p/a-bam-p/a00/ .
receiving file list ... done

sent 35 bytes  received 86 bytes  242.00 bytes/sec
total size is 14,587  speedup is 120.55
rsync -armv -e "ssh" --include="a-bam-p.pdb" --exclude="*" davids4@kirkwood:/data/nhenriksen/projects/cds/wat6/bgbg-tip3p/a-bam-p/a00/ .
