Warning: remote port forwarding failed for listen port 52698
receiving file list ... done
./
MGO.mol2
dum.mol2
full.crds
full.hmr.topo
mdin
pb4.mol2

sent 191 bytes  received 1,399,325 bytes  933,010.67 bytes/sec
total size is 1,398,746  speedup is 1.00
rsync -armv -e "ssh" --include="mdin" --include="full.crds" --include="full.hmr.topo" --include="*.mol2" --exclude="*" davids4@kirkwood:/data/nhenriksen/projects/cds/wat6/bgbg-tip3p/b-pb4-p/a00/ .
Warning: remote port forwarding failed for listen port 52698
receiving file list ... done

sent 74 bytes  received 154 bytes  456.00 bytes/sec
total size is 1,398,746  speedup is 6,134.85
rsync -armv -e "ssh" --include="mdin" --include="full.crds" --include="full.hmr.topo" --include="*.mol2" --exclude="*" davids4@kirkwood:/data/nhenriksen/projects/cds/wat6/bgbg-tip3p/b-pb4-p/a00/ .
receiving file list ... done
./
b-pb4-p.pdb

sent 57 bytes  received 17,466 bytes  11,682.00 bytes/sec
total size is 17,334  speedup is 0.99
rsync -armv -e "ssh" --include="b-pb4-p.pdb" --exclude="*" davids4@kirkwood:/data/nhenriksen/projects/cds/wat6/bgbg-tip3p/b-pb4-p/a00/ .
Warning: remote port forwarding failed for listen port 52698
receiving file list ... done

sent 35 bytes  received 86 bytes  242.00 bytes/sec
total size is 17,334  speedup is 143.26
rsync -armv -e "ssh" --include="b-pb4-p.pdb" --exclude="*" davids4@kirkwood:/data/nhenriksen/projects/cds/wat6/bgbg-tip3p/b-pb4-p/a00/ .
