Warning: remote port forwarding failed for listen port 52698
receiving file list ... done
./
MGO.mol2
dum.mol2
full.crds
full.hmr.topo
mdin
oam.mol2

sent 191 bytes  received 1,401,711 bytes  934,601.33 bytes/sec
total size is 1,401,128  speedup is 1.00
rsync -armv -e "ssh" --include="mdin" --include="full.crds" --include="full.hmr.topo" --include="*.mol2" --exclude="*" davids4@kirkwood:/data/nhenriksen/projects/cds/wat6/bgbg-tip3p/b-oam-p/a00/ .
Warning: remote port forwarding failed for listen port 52698
receiving file list ... done

sent 74 bytes  received 158 bytes  464.00 bytes/sec
total size is 1,401,128  speedup is 6,039.34
rsync -armv -e "ssh" --include="mdin" --include="full.crds" --include="full.hmr.topo" --include="*.mol2" --exclude="*" davids4@kirkwood:/data/nhenriksen/projects/cds/wat6/bgbg-tip3p/b-oam-p/a00/ .
receiving file list ... done
./
b-oam-p.pdb

sent 57 bytes  received 18,062 bytes  36,238.00 bytes/sec
total size is 17,930  speedup is 0.99
rsync -armv -e "ssh" --include="b-oam-p.pdb" --exclude="*" davids4@kirkwood:/data/nhenriksen/projects/cds/wat6/bgbg-tip3p/b-oam-p/a00/ .
Warning: remote port forwarding failed for listen port 52698
receiving file list ... done

sent 35 bytes  received 86 bytes  242.00 bytes/sec
total size is 17,930  speedup is 148.18
rsync -armv -e "ssh" --include="b-oam-p.pdb" --exclude="*" davids4@kirkwood:/data/nhenriksen/projects/cds/wat6/bgbg-tip3p/b-oam-p/a00/ .
