Warning: remote port forwarding failed for listen port 52698
receiving file list ... done
./
MGO.mol2
cpe.mol2
dum.mol2
full.crds
full.hmr.topo
mdin

sent 191 bytes  received 1,393,765 bytes  929,304.00 bytes/sec
total size is 1,393,182  speedup is 1.00
rsync -armv -e "ssh" --include="mdin" --include="full.crds" --include="full.hmr.topo" --include="*.mol2" --exclude="*" davids4@kirkwood:/data/nhenriksen/projects/cds/wat6/bgbg-tip3p/b-cpe-p/a00/ .
Warning: remote port forwarding failed for listen port 52698
receiving file list ... done

sent 74 bytes  received 158 bytes  464.00 bytes/sec
total size is 1,393,182  speedup is 6,005.09
rsync -armv -e "ssh" --include="mdin" --include="full.crds" --include="full.hmr.topo" --include="*.mol2" --exclude="*" davids4@kirkwood:/data/nhenriksen/projects/cds/wat6/bgbg-tip3p/b-cpe-p/a00/ .
receiving file list ... done
./
b-cpe-p.pdb

sent 57 bytes  received 16,759 bytes  1,978.35 bytes/sec
total size is 16,627  speedup is 0.99
rsync -armv -e "ssh" --include="b-cpe-p.pdb" --exclude="*" davids4@kirkwood:/data/nhenriksen/projects/cds/wat6/bgbg-tip3p/b-cpe-p/a00/ .
receiving file list ... done

sent 35 bytes  received 86 bytes  242.00 bytes/sec
total size is 16,627  speedup is 137.41
rsync -armv -e "ssh" --include="b-cpe-p.pdb" --exclude="*" davids4@kirkwood:/data/nhenriksen/projects/cds/wat6/bgbg-tip3p/b-cpe-p/a00/ .
Warning: remote port forwarding failed for listen port 52698
receiving file list ... done

sent 35 bytes  received 86 bytes  242.00 bytes/sec
total size is 16,627  speedup is 137.41
rsync -armv -e "ssh" --include="b-cpe-p.pdb" --exclude="*" davids4@kirkwood:/data/nhenriksen/projects/cds/wat6/bgbg-tip3p/b-cpe-p/a00/ .
